/home/thmeier/.local/lib/python3.10/site-packages/torch/utils/data/dataloader.py:557: UserWarning: This DataLoader will create 2 worker processes in total. Our suggested max number of worker in current system is 1, which is smaller than what this DataLoader is going to create. Please be aware that excessive worker creation might get DataLoader running slow or even freeze, lower the worker number to avoid potential slowness/freeze if necessary.
  warnings.warn(_create_warning_msg(
------- Setting up parameters -------
dumping parameters at  /home/thmeier/otfusion/exp_sample_pruned_07_retrained_vgg11/configurations
The parameters are: 
 Namespace(n_epochs=300, batch_size_train=64, batch_size_test=1000, learning_rate=0.01, momentum=0.5, log_interval=100, to_download=False, disable_bias=True, dataset='Cifar10', num_models=2, model_name='vgg11_nobias', config_file=None, config_dir='/home/thmeier/otfusion/exp_sample_pruned_07_retrained_vgg11/configurations', num_hidden_nodes=400, num_hidden_nodes1=400, num_hidden_nodes2=200, num_hidden_nodes3=100, num_hidden_nodes4=50, sweep_id=90, gpu_id=0, skip_last_layer=False, skip_last_layer_type='average', debug=False, cifar_style_data=False, activation_histograms=False, act_num_samples=100, softmax_temperature=1, activation_mode=None, options_type='generic', deprecated=None, save_result_file='sample_pruned_07_retrained_vgg11.csv', sweep_name='exp_sample_pruned_07_retrained_vgg11', reg=0.01, reg_m=0.001, ground_metric='euclidean', ground_metric_normalize='none', not_squared=True, clip_gm=False, clip_min=0, clip_max=5, tmap_stats=False, ensemble_step=0.5, ground_metric_eff=True, retrain=300, retrain_lr_decay=-1, retrain_lr_decay_factor=None, retrain_lr_decay_epochs=None, retrain_avg_only=False, retrain_geometric_only=True, load_models='./cifar_models/', ckpt_type='best', recheck_cifar=True, recheck_acc=False, eval_aligned=False, enable_dropout=False, dump_model=False, dump_final_models=False, correction=True, activation_seed=21, weight_stats=True, sinkhorn_type='normal', geom_ensemble_type='wts', act_bug=False, standardize_acts=False, transform_acts=False, center_acts=False, prelu_acts=True, pool_acts=False, pool_relu=False, normalize_acts=False, normalize_wts=False, gromov=False, gromov_loss='square_loss', tensorboard_root='./tensorboard', tensorboard=False, same_model=-1, dist_normalize=False, update_acts=False, past_correction=True, partial_reshape=False, choice='0 2 4 6 8', diff_init=False, partition_type='labels', personal_class_idx=9, partition_dataloader=-1, personal_split_frac=0.1, exact=True, skip_personal_idx=False, prediction_wts=False, width_ratio=1, proper_marginals=False, retrain_seed=-1, no_random_trainloaders=False, reinit_trainloaders=False, second_model_name=None, print_distances=False, deterministic=False, skip_retrain=-1, importance=None, unbalanced=False, temperature=20, alpha=0.7, dist_epochs=60, handle_skips=False, prune_frac=0.7, timestamp='2024-01-04_19-38-54_716444', rootdir='/home/thmeier/otfusion/exp_sample_pruned_07_retrained_vgg11', baseroot='/home/thmeier/otfusion', result_dir='/home/thmeier/otfusion/exp_sample_pruned_07_retrained_vgg11/results', exp_name='exp_2024-01-04_19-38-54_716444', csv_dir='/home/thmeier/otfusion/exp_sample_pruned_07_retrained_vgg11/csv')
refactored get_config
------- Loading pre-trained models -------
loading cifar10 dataloaders
Files already downloaded and verified
Files already downloaded and verified
Files already downloaded and verified
Files already downloaded and verified
loading model with idx 0 and checkpoint_type is best
in _make_layers [Conv2d(3, 64, kernel_size=(3, 3), stride=(1, 1), padding=(1, 1), bias=False), ReLU(), MaxPool2d(kernel_size=2, stride=2, padding=0, dilation=1, ceil_mode=False), Conv2d(64, 128, kernel_size=(3, 3), stride=(1, 1), padding=(1, 1), bias=False), ReLU(), MaxPool2d(kernel_size=2, stride=2, padding=0, dilation=1, ceil_mode=False), Conv2d(128, 256, kernel_size=(3, 3), stride=(1, 1), padding=(1, 1), bias=False), ReLU(), Conv2d(256, 256, kernel_size=(3, 3), stride=(1, 1), padding=(1, 1), bias=False), ReLU(), MaxPool2d(kernel_size=2, stride=2, padding=0, dilation=1, ceil_mode=False), Conv2d(256, 512, kernel_size=(3, 3), stride=(1, 1), padding=(1, 1), bias=False), ReLU(), Conv2d(512, 512, kernel_size=(3, 3), stride=(1, 1), padding=(1, 1), bias=False), ReLU(), MaxPool2d(kernel_size=2, stride=2, padding=0, dilation=1, ceil_mode=False), Conv2d(512, 512, kernel_size=(3, 3), stride=(1, 1), padding=(1, 1), bias=False), ReLU(), Conv2d(512, 512, kernel_size=(3, 3), stride=(1, 1), padding=(1, 1), bias=False), ReLU(), MaxPool2d(kernel_size=2, stride=2, padding=0, dilation=1, ceil_mode=False), AvgPool2d(kernel_size=1, stride=1, padding=0)]
Relu Inplace is  False
model parameters are 
 [torch.Size([64, 3, 3, 3]), torch.Size([128, 64, 3, 3]), torch.Size([256, 128, 3, 3]), torch.Size([256, 256, 3, 3]), torch.Size([512, 256, 3, 3]), torch.Size([512, 512, 3, 3]), torch.Size([512, 512, 3, 3]), torch.Size([512, 512, 3, 3]), torch.Size([10, 512])]
Loading model at path ./cifar_models/model_0/best.checkpoint which had accuracy 0.9030999821424489 and at epoch 127
loading model with idx 1 and checkpoint_type is best
in _make_layers [Conv2d(3, 64, kernel_size=(3, 3), stride=(1, 1), padding=(1, 1), bias=False), ReLU(), MaxPool2d(kernel_size=2, stride=2, padding=0, dilation=1, ceil_mode=False), Conv2d(64, 128, kernel_size=(3, 3), stride=(1, 1), padding=(1, 1), bias=False), ReLU(), MaxPool2d(kernel_size=2, stride=2, padding=0, dilation=1, ceil_mode=False), Conv2d(128, 256, kernel_size=(3, 3), stride=(1, 1), padding=(1, 1), bias=False), ReLU(), Conv2d(256, 256, kernel_size=(3, 3), stride=(1, 1), padding=(1, 1), bias=False), ReLU(), MaxPool2d(kernel_size=2, stride=2, padding=0, dilation=1, ceil_mode=False), Conv2d(256, 512, kernel_size=(3, 3), stride=(1, 1), padding=(1, 1), bias=False), ReLU(), Conv2d(512, 512, kernel_size=(3, 3), stride=(1, 1), padding=(1, 1), bias=False), ReLU(), MaxPool2d(kernel_size=2, stride=2, padding=0, dilation=1, ceil_mode=False), Conv2d(512, 512, kernel_size=(3, 3), stride=(1, 1), padding=(1, 1), bias=False), ReLU(), Conv2d(512, 512, kernel_size=(3, 3), stride=(1, 1), padding=(1, 1), bias=False), ReLU(), MaxPool2d(kernel_size=2, stride=2, padding=0, dilation=1, ceil_mode=False), AvgPool2d(kernel_size=1, stride=1, padding=0)]
Relu Inplace is  False
model parameters are 
 [torch.Size([64, 3, 3, 3]), torch.Size([128, 64, 3, 3]), torch.Size([256, 128, 3, 3]), torch.Size([256, 256, 3, 3]), torch.Size([512, 256, 3, 3]), torch.Size([512, 512, 3, 3]), torch.Size([512, 512, 3, 3]), torch.Size([512, 512, 3, 3]), torch.Size([10, 512])]
Loading model at path ./cifar_models/model_1/best.checkpoint which had accuracy 0.9049999803304669 and at epoch 134
Done loading all the models

--------- Testing in global mode ---------
size of test_loader dataset:  10000

Test set: Avg. loss: 0.0041, Accuracy: 9031/10000 (90%)


--------- Testing in global mode ---------
size of test_loader dataset:  10000

Test set: Avg. loss: 0.0039, Accuracy: 9050/10000 (90%)

Rechecked accuracies are  [90.31, 90.5]
----------Prune the 2 Parent models now---------
---------let's see result after pruning-------------
dict_keys([])
---------let's see result after pruning-------------
dict_keys([])
--------Rechecking accuracies again!--------

--------- Testing in global mode ---------
size of test_loader dataset:  10000

Test set: Avg. loss: 0.0343, Accuracy: 5077/10000 (51%)

----- Saving Pruned model0-------

--------- Testing in global mode ---------
size of test_loader dataset:  10000

Test set: Avg. loss: 0.0552, Accuracy: 3950/10000 (40%)

----- Saving Pruned model1-------
Rechecked accuracies are  [50.77, 39.5]
layer features.0.weight has #params  1728
layer features.3.weight has #params  73728
layer features.6.weight has #params  294912
layer features.8.weight has #params  589824
layer features.11.weight has #params  1179648
layer features.13.weight has #params  2359296
layer features.16.weight has #params  2359296
layer features.18.weight has #params  2359296
layer classifier.weight has #params  5120
Activation Timer start
Activation Timer ends
------- Geometric Ensembling -------
Timer start
Previous layer shape is  None
Processing the coordinates to form ground_metric
dont leave off the squaring of the ground metric
returns a uniform measure of cardinality:  64
returns a uniform measure of cardinality:  64
the transport map is  tensor([[0., 0., 0.,  ..., 0., 0., 0.],
        [0., 0., 0.,  ..., 0., 0., 0.],
        [0., 0., 0.,  ..., 0., 0., 0.],
        ...,
        [0., 0., 0.,  ..., 0., 0., 0.],
        [0., 0., 0.,  ..., 0., 0., 0.],
        [0., 0., 0.,  ..., 0., 0., 0.]], device='cuda:0')
Ratio of trace to the matrix sum:  tensor(0.0312, device='cuda:0')
Here, trace is 1.9999871253967285 and matrix sum is 63.99958801269531 
this is past correction for weight mode
Shape of aligned wt is  torch.Size([64, 3, 9])
Shape of fc_layer0_weight_data is  torch.Size([64, 3, 9])
Previous layer shape is  torch.Size([64, 3, 3, 3])
shape of layer: model 0 torch.Size([128, 64, 9])
shape of layer: model 1 torch.Size([128, 64, 9])
shape of previous transport map torch.Size([64, 64])
Processing the coordinates to form ground_metric
dont leave off the squaring of the ground metric
returns a uniform measure of cardinality:  128
returns a uniform measure of cardinality:  128
the transport map is  tensor([[0.0000, 0.0000, 0.0000,  ..., 0.0000, 0.0000, 0.0000],
        [0.0000, 0.0000, 0.0000,  ..., 0.0000, 0.0000, 0.0000],
        [0.0000, 0.0000, 0.0000,  ..., 0.0000, 0.0000, 0.0000],
        ...,
        [0.0000, 0.0000, 0.0000,  ..., 0.0000, 0.0000, 0.0078],
        [0.0000, 0.0000, 0.0000,  ..., 0.0000, 0.0000, 0.0000],
        [0.0000, 0.0000, 0.0000,  ..., 0.0000, 0.0000, 0.0000]],
       device='cuda:0')
Ratio of trace to the matrix sum:  tensor(0., device='cuda:0')
Here, trace is 0.0 and matrix sum is 127.99836730957031 
this is past correction for weight mode
Shape of aligned wt is  torch.Size([128, 64, 9])
Shape of fc_layer0_weight_data is  torch.Size([128, 64, 9])
Previous layer shape is  torch.Size([128, 64, 3, 3])
shape of layer: model 0 torch.Size([256, 128, 9])
shape of layer: model 1 torch.Size([256, 128, 9])
shape of previous transport map torch.Size([128, 128])
Processing the coordinates to form ground_metric
dont leave off the squaring of the ground metric
returns a uniform measure of cardinality:  256
returns a uniform measure of cardinality:  256
the transport map is  tensor([[0., 0., 0.,  ..., 0., 0., 0.],
        [0., 0., 0.,  ..., 0., 0., 0.],
        [0., 0., 0.,  ..., 0., 0., 0.],
        ...,
        [0., 0., 0.,  ..., 0., 0., 0.],
        [0., 0., 0.,  ..., 0., 0., 0.],
        [0., 0., 0.,  ..., 0., 0., 0.]], device='cuda:0')
Ratio of trace to the matrix sum:  tensor(0., device='cuda:0')
Here, trace is 0.0 and matrix sum is 255.99343872070312 
this is past correction for weight mode
Shape of aligned wt is  torch.Size([256, 128, 9])
Shape of fc_layer0_weight_data is  torch.Size([256, 128, 9])
Previous layer shape is  torch.Size([256, 128, 3, 3])
shape of layer: model 0 torch.Size([256, 256, 9])
shape of layer: model 1 torch.Size([256, 256, 9])
shape of previous transport map torch.Size([256, 256])
Processing the coordinates to form ground_metric
dont leave off the squaring of the ground metric
returns a uniform measure of cardinality:  256
returns a uniform measure of cardinality:  256
the transport map is  tensor([[0.0000, 0.0000, 0.0000,  ..., 0.0000, 0.0000, 0.0000],
        [0.0000, 0.0000, 0.0000,  ..., 0.0000, 0.0000, 0.0000],
        [0.0000, 0.0000, 0.0000,  ..., 0.0000, 0.0000, 0.0000],
        ...,
        [0.0000, 0.0000, 0.0000,  ..., 0.0000, 0.0000, 0.0000],
        [0.0000, 0.0000, 0.0000,  ..., 0.0039, 0.0000, 0.0000],
        [0.0000, 0.0000, 0.0000,  ..., 0.0000, 0.0000, 0.0000]],
       device='cuda:0')
Ratio of trace to the matrix sum:  tensor(0.0078, device='cuda:0')
Here, trace is 1.9999487400054932 and matrix sum is 255.99343872070312 
this is past correction for weight mode
Shape of aligned wt is  torch.Size([256, 256, 9])
Shape of fc_layer0_weight_data is  torch.Size([256, 256, 9])
Previous layer shape is  torch.Size([256, 256, 3, 3])
shape of layer: model 0 torch.Size([512, 256, 9])
shape of layer: model 1 torch.Size([512, 256, 9])
shape of previous transport map torch.Size([256, 256])
Processing the coordinates to form ground_metric
dont leave off the squaring of the ground metric
returns a uniform measure of cardinality:  512
returns a uniform measure of cardinality:  512
the transport map is  tensor([[0., 0., 0.,  ..., 0., 0., 0.],
        [0., 0., 0.,  ..., 0., 0., 0.],
        [0., 0., 0.,  ..., 0., 0., 0.],
        ...,
        [0., 0., 0.,  ..., 0., 0., 0.],
        [0., 0., 0.,  ..., 0., 0., 0.],
        [0., 0., 0.,  ..., 0., 0., 0.]], device='cuda:0')
Ratio of trace to the matrix sum:  tensor(0.0039, device='cuda:0')
Here, trace is 1.9998977184295654 and matrix sum is 511.97381591796875 
this is past correction for weight mode
Shape of aligned wt is  torch.Size([512, 256, 9])
Shape of fc_layer0_weight_data is  torch.Size([512, 256, 9])
Previous layer shape is  torch.Size([512, 256, 3, 3])
shape of layer: model 0 torch.Size([512, 512, 9])
shape of layer: model 1 torch.Size([512, 512, 9])
shape of previous transport map torch.Size([512, 512])
Processing the coordinates to form ground_metric
dont leave off the squaring of the ground metric
returns a uniform measure of cardinality:  512
returns a uniform measure of cardinality:  512
the transport map is  tensor([[0., 0., 0.,  ..., 0., 0., 0.],
        [0., 0., 0.,  ..., 0., 0., 0.],
        [0., 0., 0.,  ..., 0., 0., 0.],
        ...,
        [0., 0., 0.,  ..., 0., 0., 0.],
        [0., 0., 0.,  ..., 0., 0., 0.],
        [0., 0., 0.,  ..., 0., 0., 0.]], device='cuda:0')
Ratio of trace to the matrix sum:  tensor(0., device='cuda:0')
Here, trace is 0.0 and matrix sum is 511.97381591796875 
this is past correction for weight mode
Shape of aligned wt is  torch.Size([512, 512, 9])
Shape of fc_layer0_weight_data is  torch.Size([512, 512, 9])
Previous layer shape is  torch.Size([512, 512, 3, 3])
shape of layer: model 0 torch.Size([512, 512, 9])
shape of layer: model 1 torch.Size([512, 512, 9])
shape of previous transport map torch.Size([512, 512])
Processing the coordinates to form ground_metric
dont leave off the squaring of the ground metric
returns a uniform measure of cardinality:  512
returns a uniform measure of cardinality:  512
the transport map is  tensor([[0., 0., 0.,  ..., 0., 0., 0.],
        [0., 0., 0.,  ..., 0., 0., 0.],
        [0., 0., 0.,  ..., 0., 0., 0.],
        ...,
        [0., 0., 0.,  ..., 0., 0., 0.],
        [0., 0., 0.,  ..., 0., 0., 0.],
        [0., 0., 0.,  ..., 0., 0., 0.]], device='cuda:0')
Ratio of trace to the matrix sum:  tensor(0.0020, device='cuda:0')
Here, trace is 0.9999488592147827 and matrix sum is 511.97381591796875 
this is past correction for weight mode
Shape of aligned wt is  torch.Size([512, 512, 9])
Shape of fc_layer0_weight_data is  torch.Size([512, 512, 9])
Previous layer shape is  torch.Size([512, 512, 3, 3])
shape of layer: model 0 torch.Size([512, 512, 9])
shape of layer: model 1 torch.Size([512, 512, 9])
shape of previous transport map torch.Size([512, 512])
Processing the coordinates to form ground_metric
dont leave off the squaring of the ground metric
returns a uniform measure of cardinality:  512
returns a uniform measure of cardinality:  512
the transport map is  tensor([[0.0000, 0.0000, 0.0000,  ..., 0.0000, 0.0000, 0.0000],
        [0.0020, 0.0000, 0.0000,  ..., 0.0000, 0.0000, 0.0000],
        [0.0000, 0.0000, 0.0000,  ..., 0.0000, 0.0000, 0.0000],
        ...,
        [0.0000, 0.0000, 0.0000,  ..., 0.0000, 0.0000, 0.0000],
        [0.0000, 0.0000, 0.0000,  ..., 0.0000, 0.0000, 0.0000],
        [0.0000, 0.0000, 0.0000,  ..., 0.0000, 0.0000, 0.0000]],
       device='cuda:0')
Ratio of trace to the matrix sum:  tensor(0.0020, device='cuda:0')
Here, trace is 0.9999488592147827 and matrix sum is 511.97381591796875 
this is past correction for weight mode
Shape of aligned wt is  torch.Size([512, 512, 9])
Shape of fc_layer0_weight_data is  torch.Size([512, 512, 9])
Previous layer shape is  torch.Size([512, 512, 3, 3])
shape of layer: model 0 torch.Size([10, 512])
shape of layer: model 1 torch.Size([10, 512])
shape of previous transport map torch.Size([512, 512])
Processing the coordinates to form ground_metric
dont leave off the squaring of the ground metric
ground metric is  tensor([[1.4309, 2.4796, 2.7940, 2.8636, 2.7322, 2.8701, 2.7236, 2.6416, 2.5545,
         2.6119],
        [2.4931, 1.2916, 2.6915, 2.5757, 2.7579, 2.5267, 2.4375, 2.5448, 2.3091,
         2.3959],
        [2.7484, 2.6810, 1.3738, 2.9455, 2.9334, 2.8449, 2.7421, 2.8447, 2.7305,
         2.7881],
        [2.8373, 2.6453, 2.8977, 1.5686, 2.8578, 2.9096, 2.7596, 2.8018, 2.8136,
         2.6514],
        [2.7503, 2.5854, 2.8282, 2.8471, 1.5143, 2.7439, 2.8035, 2.6858, 2.7006,
         2.7525],
        [2.9466, 2.5912, 2.9657, 2.8513, 2.7429, 1.4924, 2.7388, 2.6651, 2.8077,
         2.6704],
        [2.6718, 2.4481, 2.6966, 2.9019, 2.6238, 2.8785, 1.4201, 2.7112, 2.5104,
         2.5400],
        [2.7274, 2.5527, 2.7798, 2.7886, 2.7045, 2.7452, 2.6872, 1.3738, 2.5505,
         2.4944],
        [2.5954, 2.3814, 2.7550, 2.7362, 2.6974, 2.8326, 2.5204, 2.6299, 1.3166,
         2.3617],
        [2.5879, 2.2591, 2.8003, 2.7175, 2.6670, 2.7075, 2.5679, 2.5436, 2.5271,
         1.3299]], device='cuda:0', grad_fn=<PowBackward0>)
returns a uniform measure of cardinality:  10
returns a uniform measure of cardinality:  10
the transport map is  tensor([[0.1000, 0.0000, 0.0000, 0.0000, 0.0000, 0.0000, 0.0000, 0.0000, 0.0000,
         0.0000],
        [0.0000, 0.1000, 0.0000, 0.0000, 0.0000, 0.0000, 0.0000, 0.0000, 0.0000,
         0.0000],
        [0.0000, 0.0000, 0.1000, 0.0000, 0.0000, 0.0000, 0.0000, 0.0000, 0.0000,
         0.0000],
        [0.0000, 0.0000, 0.0000, 0.1000, 0.0000, 0.0000, 0.0000, 0.0000, 0.0000,
         0.0000],
        [0.0000, 0.0000, 0.0000, 0.0000, 0.1000, 0.0000, 0.0000, 0.0000, 0.0000,
         0.0000],
        [0.0000, 0.0000, 0.0000, 0.0000, 0.0000, 0.1000, 0.0000, 0.0000, 0.0000,
         0.0000],
        [0.0000, 0.0000, 0.0000, 0.0000, 0.0000, 0.0000, 0.1000, 0.0000, 0.0000,
         0.0000],
        [0.0000, 0.0000, 0.0000, 0.0000, 0.0000, 0.0000, 0.0000, 0.1000, 0.0000,
         0.0000],
        [0.0000, 0.0000, 0.0000, 0.0000, 0.0000, 0.0000, 0.0000, 0.0000, 0.1000,
         0.0000],
        [0.0000, 0.0000, 0.0000, 0.0000, 0.0000, 0.0000, 0.0000, 0.0000, 0.0000,
         0.1000]], device='cuda:0')
Ratio of trace to the matrix sum:  tensor(1., device='cuda:0')
Here, trace is 9.999990463256836 and matrix sum is 9.999990463256836 
this is past correction for weight mode
Shape of aligned wt is  torch.Size([10, 512])
Shape of fc_layer0_weight_data is  torch.Size([10, 512])
using independent method
in _make_layers [Conv2d(3, 64, kernel_size=(3, 3), stride=(1, 1), padding=(1, 1), bias=False), ReLU(), MaxPool2d(kernel_size=2, stride=2, padding=0, dilation=1, ceil_mode=False), Conv2d(64, 128, kernel_size=(3, 3), stride=(1, 1), padding=(1, 1), bias=False), ReLU(), MaxPool2d(kernel_size=2, stride=2, padding=0, dilation=1, ceil_mode=False), Conv2d(128, 256, kernel_size=(3, 3), stride=(1, 1), padding=(1, 1), bias=False), ReLU(), Conv2d(256, 256, kernel_size=(3, 3), stride=(1, 1), padding=(1, 1), bias=False), ReLU(), MaxPool2d(kernel_size=2, stride=2, padding=0, dilation=1, ceil_mode=False), Conv2d(256, 512, kernel_size=(3, 3), stride=(1, 1), padding=(1, 1), bias=False), ReLU(), Conv2d(512, 512, kernel_size=(3, 3), stride=(1, 1), padding=(1, 1), bias=False), ReLU(), MaxPool2d(kernel_size=2, stride=2, padding=0, dilation=1, ceil_mode=False), Conv2d(512, 512, kernel_size=(3, 3), stride=(1, 1), padding=(1, 1), bias=False), ReLU(), Conv2d(512, 512, kernel_size=(3, 3), stride=(1, 1), padding=(1, 1), bias=False), ReLU(), MaxPool2d(kernel_size=2, stride=2, padding=0, dilation=1, ceil_mode=False), AvgPool2d(kernel_size=1, stride=1, padding=0)]
Relu Inplace is  False
model parameters are 
 [torch.Size([64, 3, 3, 3]), torch.Size([128, 64, 3, 3]), torch.Size([256, 128, 3, 3]), torch.Size([256, 256, 3, 3]), torch.Size([512, 256, 3, 3]), torch.Size([512, 512, 3, 3]), torch.Size([512, 512, 3, 3]), torch.Size([512, 512, 3, 3]), torch.Size([10, 512])]

--------- Testing in global mode ---------
size of test_loader dataset:  10000

Test set: Avg. loss: 0.0230, Accuracy: 1425/10000 (14%)

len of model parameters and avg aligned layers is  9 9
len of model_state_dict is  9
len of param_list is  9

--------- Testing in global mode ---------
size of test_loader dataset:  10000

Test set: Avg. loss: 0.0169, Accuracy: 4739/10000 (47%)

Timer ends
Time taken for geometric ensembling is 8.285157796926796 seconds
------- Prediction based ensembling -------

Test set: Avg. loss: 0.0358, Accuracy: 4946/10000 (49%)

------- Naive ensembling of weights -------
[torch.Size([64, 3, 3, 3]), torch.Size([64, 3, 3, 3])]
torch.Size([64, 3, 3, 3])
[torch.Size([128, 64, 3, 3]), torch.Size([128, 64, 3, 3])]
torch.Size([128, 64, 3, 3])
[torch.Size([256, 128, 3, 3]), torch.Size([256, 128, 3, 3])]
torch.Size([256, 128, 3, 3])
[torch.Size([256, 256, 3, 3]), torch.Size([256, 256, 3, 3])]
torch.Size([256, 256, 3, 3])
[torch.Size([512, 256, 3, 3]), torch.Size([512, 256, 3, 3])]
torch.Size([512, 256, 3, 3])
[torch.Size([512, 512, 3, 3]), torch.Size([512, 512, 3, 3])]
torch.Size([512, 512, 3, 3])
[torch.Size([512, 512, 3, 3]), torch.Size([512, 512, 3, 3])]
torch.Size([512, 512, 3, 3])
[torch.Size([512, 512, 3, 3]), torch.Size([512, 512, 3, 3])]
torch.Size([512, 512, 3, 3])
[torch.Size([10, 512]), torch.Size([10, 512])]
torch.Size([10, 512])
in _make_layers [Conv2d(3, 64, kernel_size=(3, 3), stride=(1, 1), padding=(1, 1), bias=False), ReLU(), MaxPool2d(kernel_size=2, stride=2, padding=0, dilation=1, ceil_mode=False), Conv2d(64, 128, kernel_size=(3, 3), stride=(1, 1), padding=(1, 1), bias=False), ReLU(), MaxPool2d(kernel_size=2, stride=2, padding=0, dilation=1, ceil_mode=False), Conv2d(128, 256, kernel_size=(3, 3), stride=(1, 1), padding=(1, 1), bias=False), ReLU(), Conv2d(256, 256, kernel_size=(3, 3), stride=(1, 1), padding=(1, 1), bias=False), ReLU(), MaxPool2d(kernel_size=2, stride=2, padding=0, dilation=1, ceil_mode=False), Conv2d(256, 512, kernel_size=(3, 3), stride=(1, 1), padding=(1, 1), bias=False), ReLU(), Conv2d(512, 512, kernel_size=(3, 3), stride=(1, 1), padding=(1, 1), bias=False), ReLU(), MaxPool2d(kernel_size=2, stride=2, padding=0, dilation=1, ceil_mode=False), Conv2d(512, 512, kernel_size=(3, 3), stride=(1, 1), padding=(1, 1), bias=False), ReLU(), Conv2d(512, 512, kernel_size=(3, 3), stride=(1, 1), padding=(1, 1), bias=False), ReLU(), MaxPool2d(kernel_size=2, stride=2, padding=0, dilation=1, ceil_mode=False), AvgPool2d(kernel_size=1, stride=1, padding=0)]
Relu Inplace is  False
model parameters are 
 [torch.Size([64, 3, 3, 3]), torch.Size([128, 64, 3, 3]), torch.Size([256, 128, 3, 3]), torch.Size([256, 256, 3, 3]), torch.Size([512, 256, 3, 3]), torch.Size([512, 512, 3, 3]), torch.Size([512, 512, 3, 3]), torch.Size([512, 512, 3, 3]), torch.Size([10, 512])]

--------- Testing in global mode ---------
size of test_loader dataset:  10000

Test set: Avg. loss: 0.0230, Accuracy: 912/10000 (9%)


--------- Testing in global mode ---------
/home/thmeier/.local/lib/python3.10/site-packages/torch/optim/lr_scheduler.py:136: UserWarning: Detected call of `lr_scheduler.step()` before `optimizer.step()`. In PyTorch 1.1.0 and later, you should call them in the opposite order: `optimizer.step()` before `lr_scheduler.step()`.  Failure to do this will result in PyTorch skipping the first value of the learning rate schedule. See more details at https://pytorch.org/docs/stable/optim.html#how-to-adjust-learning-rate
  warnings.warn("Detected call of `lr_scheduler.step()` before `optimizer.step()`. "
/home/thmeier/.local/lib/python3.10/site-packages/torch/optim/lr_scheduler.py:149: UserWarning: The epoch parameter in `scheduler.step()` was not necessary and is being deprecated where possible. Please use `scheduler.step()` to step the scheduler. During the deprecation, if epoch is different from None, the closed form is used instead of the new chainable form, where available. Please open an issue if you are unable to replicate your use case: https://github.com/pytorch/pytorch/issues/new/choose.
  warnings.warn(EPOCH_DEPRECATION_WARNING, UserWarning)
size of test_loader dataset:  10000

Test set: Avg. loss: 0.0230, Accuracy: 1024/10000 (10%)

-------- Retraining the models ---------
Retraining model :  geometric
lr is  0.05
number of epochs would be  300
Epoch 000
accuracy: {'epoch': 0, 'value': 0.18766000002861033} ({'split': 'train'})
cross_entropy: {'epoch': 0, 'value': 2.1030782010650646} ({'split': 'train'})
accuracy: {'epoch': 0, 'value': 0.3105999934673311} ({'split': 'test'})
cross_entropy: {'epoch': 0, 'value': 1.8302596378326415} ({'split': 'test'})
We have a new best! with accuracy::0.3105999934673311 and at epoch::0, let's save it!
Epoch 001
accuracy: {'epoch': 1, 'value': 0.32973999999046333} ({'split': 'train'})
cross_entropy: {'epoch': 1, 'value': 1.7504747975921635} ({'split': 'train'})
accuracy: {'epoch': 1, 'value': 0.43009998917579656} ({'split': 'test'})
cross_entropy: {'epoch': 1, 'value': 1.5295458471775056} ({'split': 'test'})
We have a new best! with accuracy::0.43009998917579656 and at epoch::1, let's save it!
Epoch 002
accuracy: {'epoch': 2, 'value': 0.5011200000190732} ({'split': 'train'})
cross_entropy: {'epoch': 2, 'value': 1.366703986701965} ({'split': 'train'})
accuracy: {'epoch': 2, 'value': 0.5943999880552288} ({'split': 'test'})
cross_entropy: {'epoch': 2, 'value': 1.128886675238609} ({'split': 'test'})
We have a new best! with accuracy::0.5943999880552288 and at epoch::2, let's save it!
Epoch 003
accuracy: {'epoch': 3, 'value': 0.6489399999999999} ({'split': 'train'})
cross_entropy: {'epoch': 3, 'value': 1.0264974456977838} ({'split': 'train'})
accuracy: {'epoch': 3, 'value': 0.6787999844551084} ({'split': 'test'})
cross_entropy: {'epoch': 3, 'value': 0.9713479512929913} ({'split': 'test'})
We have a new best! with accuracy::0.6787999844551084 and at epoch::3, let's save it!
Epoch 004
accuracy: {'epoch': 4, 'value': 0.7031999999809264} ({'split': 'train'})
cross_entropy: {'epoch': 4, 'value': 0.8843760854530333} ({'split': 'train'})
accuracy: {'epoch': 4, 'value': 0.7325999832153319} ({'split': 'test'})
cross_entropy: {'epoch': 4, 'value': 0.8017354351282117} ({'split': 'test'})
We have a new best! with accuracy::0.7325999832153319 and at epoch::4, let's save it!
Epoch 005
accuracy: {'epoch': 5, 'value': 0.7418800000572202} ({'split': 'train'})
cross_entropy: {'epoch': 5, 'value': 0.7738566695785518} ({'split': 'train'})
accuracy: {'epoch': 5, 'value': 0.7310999816656113} ({'split': 'test'})
cross_entropy: {'epoch': 5, 'value': 0.8204022371768952} ({'split': 'test'})
Epoch 006
accuracy: {'epoch': 6, 'value': 0.7602200000381474} ({'split': 'train'})
cross_entropy: {'epoch': 6, 'value': 0.7165305862617491} ({'split': 'train'})
accuracy: {'epoch': 6, 'value': 0.7473999828100205} ({'split': 'test'})
cross_entropy: {'epoch': 6, 'value': 0.7731724295020103} ({'split': 'test'})
We have a new best! with accuracy::0.7473999828100205 and at epoch::6, let's save it!
Epoch 007
accuracy: {'epoch': 7, 'value': 0.7761600000381473} ({'split': 'train'})
cross_entropy: {'epoch': 7, 'value': 0.6681038759040832} ({'split': 'train'})
accuracy: {'epoch': 7, 'value': 0.7753999811410907} ({'split': 'test'})
cross_entropy: {'epoch': 7, 'value': 0.7038389292359352} ({'split': 'test'})
We have a new best! with accuracy::0.7753999811410907 and at epoch::7, let's save it!
Epoch 008
accuracy: {'epoch': 8, 'value': 0.7905400000000005} ({'split': 'train'})
cross_entropy: {'epoch': 8, 'value': 0.6276442800521851} ({'split': 'train'})
accuracy: {'epoch': 8, 'value': 0.7877999782562256} ({'split': 'test'})
cross_entropy: {'epoch': 8, 'value': 0.6560933947563172} ({'split': 'test'})
We have a new best! with accuracy::0.7877999782562256 and at epoch::8, let's save it!
Epoch 009
accuracy: {'epoch': 9, 'value': 0.7988200000190732} ({'split': 'train'})
cross_entropy: {'epoch': 9, 'value': 0.6105321350288387} ({'split': 'train'})
accuracy: {'epoch': 9, 'value': 0.7939999788999554} ({'split': 'test'})
cross_entropy: {'epoch': 9, 'value': 0.6351794713735579} ({'split': 'test'})
We have a new best! with accuracy::0.7939999788999554 and at epoch::9, let's save it!
Epoch 010
accuracy: {'epoch': 10, 'value': 0.8062199999999995} ({'split': 'train'})
cross_entropy: {'epoch': 10, 'value': 0.5826869870948793} ({'split': 'train'})
accuracy: {'epoch': 10, 'value': 0.8063999778032301} ({'split': 'test'})
cross_entropy: {'epoch': 10, 'value': 0.5917574313282966} ({'split': 'test'})
We have a new best! with accuracy::0.8063999778032301 and at epoch::10, let's save it!
Epoch 011
accuracy: {'epoch': 11, 'value': 0.8141600000190733} ({'split': 'train'})
cross_entropy: {'epoch': 11, 'value': 0.5655514547920223} ({'split': 'train'})
accuracy: {'epoch': 11, 'value': 0.8097999781370164} ({'split': 'test'})
cross_entropy: {'epoch': 11, 'value': 0.5803541702032092} ({'split': 'test'})
We have a new best! with accuracy::0.8097999781370164 and at epoch::11, let's save it!
Epoch 012
accuracy: {'epoch': 12, 'value': 0.8174200000000005} ({'split': 'train'})
cross_entropy: {'epoch': 12, 'value': 0.5501114928054817} ({'split': 'train'})
accuracy: {'epoch': 12, 'value': 0.813199977874756} ({'split': 'test'})
cross_entropy: {'epoch': 12, 'value': 0.5916426074504852} ({'split': 'test'})
We have a new best! with accuracy::0.813199977874756 and at epoch::12, let's save it!
Epoch 013
accuracy: {'epoch': 13, 'value': 0.8229600000572207} ({'split': 'train'})
cross_entropy: {'epoch': 13, 'value': 0.5326596575260162} ({'split': 'train'})
accuracy: {'epoch': 13, 'value': 0.8108999776840207} ({'split': 'test'})
cross_entropy: {'epoch': 13, 'value': 0.5984223896265028} ({'split': 'test'})
Epoch 014
accuracy: {'epoch': 14, 'value': 0.8299400000572206} ({'split': 'train'})
cross_entropy: {'epoch': 14, 'value': 0.5128419651412969} ({'split': 'train'})
accuracy: {'epoch': 14, 'value': 0.7972999799251552} ({'split': 'test'})
cross_entropy: {'epoch': 14, 'value': 0.6382870855927467} ({'split': 'test'})
Epoch 015
accuracy: {'epoch': 15, 'value': 0.8364800000572201} ({'split': 'train'})
cross_entropy: {'epoch': 15, 'value': 0.4942583182907107} ({'split': 'train'})
accuracy: {'epoch': 15, 'value': 0.8327999794483182} ({'split': 'test'})
cross_entropy: {'epoch': 15, 'value': 0.5122390317916872} ({'split': 'test'})
We have a new best! with accuracy::0.8327999794483182 and at epoch::15, let's save it!
Epoch 016
accuracy: {'epoch': 16, 'value': 0.8345800000381468} ({'split': 'train'})
cross_entropy: {'epoch': 16, 'value': 0.4905467182064055} ({'split': 'train'})
accuracy: {'epoch': 16, 'value': 0.821099978685379} ({'split': 'test'})
cross_entropy: {'epoch': 16, 'value': 0.5535635825991628} ({'split': 'test'})
Epoch 017
accuracy: {'epoch': 17, 'value': 0.8352800000000006} ({'split': 'train'})
cross_entropy: {'epoch': 17, 'value': 0.4928664620208738} ({'split': 'train'})
accuracy: {'epoch': 17, 'value': 0.8305999803543088} ({'split': 'test'})
cross_entropy: {'epoch': 17, 'value': 0.5211429953575136} ({'split': 'test'})
Epoch 018
accuracy: {'epoch': 18, 'value': 0.8372599999809262} ({'split': 'train'})
cross_entropy: {'epoch': 18, 'value': 0.48424609197616586} ({'split': 'train'})
accuracy: {'epoch': 18, 'value': 0.803399977087975} ({'split': 'test'})
cross_entropy: {'epoch': 18, 'value': 0.5979825678467748} ({'split': 'test'})
Epoch 019
accuracy: {'epoch': 19, 'value': 0.8450000000190736} ({'split': 'train'})
cross_entropy: {'epoch': 19, 'value': 0.46572871110916125} ({'split': 'train'})
accuracy: {'epoch': 19, 'value': 0.7880999803543087} ({'split': 'test'})
cross_entropy: {'epoch': 19, 'value': 0.6729576057195664} ({'split': 'test'})
Epoch 020
accuracy: {'epoch': 20, 'value': 0.8430600000190737} ({'split': 'train'})
cross_entropy: {'epoch': 20, 'value': 0.472370653934479} ({'split': 'train'})
accuracy: {'epoch': 20, 'value': 0.8219999772310259} ({'split': 'test'})
cross_entropy: {'epoch': 20, 'value': 0.5752911368012427} ({'split': 'test'})
Epoch 021
accuracy: {'epoch': 21, 'value': 0.8469600000381473} ({'split': 'train'})
cross_entropy: {'epoch': 21, 'value': 0.4588738839149472} ({'split': 'train'})
accuracy: {'epoch': 21, 'value': 0.8272999811172485} ({'split': 'test'})
cross_entropy: {'epoch': 21, 'value': 0.5538298222422599} ({'split': 'test'})
Epoch 022
accuracy: {'epoch': 22, 'value': 0.8502600000000005} ({'split': 'train'})
cross_entropy: {'epoch': 22, 'value': 0.44999867461204507} ({'split': 'train'})
accuracy: {'epoch': 22, 'value': 0.8186999785900116} ({'split': 'test'})
cross_entropy: {'epoch': 22, 'value': 0.5626415276527408} ({'split': 'test'})
Epoch 023
accuracy: {'epoch': 23, 'value': 0.8486800000381474} ({'split': 'train'})
cross_entropy: {'epoch': 23, 'value': 0.45537957416534397} ({'split': 'train'})
accuracy: {'epoch': 23, 'value': 0.8166999793052676} ({'split': 'test'})
cross_entropy: {'epoch': 23, 'value': 0.5631820756196972} ({'split': 'test'})
Epoch 024
accuracy: {'epoch': 24, 'value': 0.8522000000190737} ({'split': 'train'})
cross_entropy: {'epoch': 24, 'value': 0.447058280391693} ({'split': 'train'})
accuracy: {'epoch': 24, 'value': 0.8255999773740766} ({'split': 'test'})
cross_entropy: {'epoch': 24, 'value': 0.5308599904179573} ({'split': 'test'})
Epoch 025
accuracy: {'epoch': 25, 'value': 0.85262} ({'split': 'train'})
cross_entropy: {'epoch': 25, 'value': 0.44580145507812496} ({'split': 'train'})
accuracy: {'epoch': 25, 'value': 0.8409999793767928} ({'split': 'test'})
cross_entropy: {'epoch': 25, 'value': 0.49229532271623605} ({'split': 'test'})
We have a new best! with accuracy::0.8409999793767928 and at epoch::25, let's save it!
Epoch 026
accuracy: {'epoch': 26, 'value': 0.8547600000000004} ({'split': 'train'})
cross_entropy: {'epoch': 26, 'value': 0.4392137926387784} ({'split': 'train'})
accuracy: {'epoch': 26, 'value': 0.8327999806404114} ({'split': 'test'})
cross_entropy: {'epoch': 26, 'value': 0.5244611263275145} ({'split': 'test'})
Epoch 027
accuracy: {'epoch': 27, 'value': 0.8587199999809263} ({'split': 'train'})
cross_entropy: {'epoch': 27, 'value': 0.42725464700698873} ({'split': 'train'})
accuracy: {'epoch': 27, 'value': 0.8292999768257142} ({'split': 'test'})
cross_entropy: {'epoch': 27, 'value': 0.5406944876909253} ({'split': 'test'})
Epoch 028
accuracy: {'epoch': 28, 'value': 0.8573400000190733} ({'split': 'train'})
cross_entropy: {'epoch': 28, 'value': 0.425556884765625} ({'split': 'train'})
accuracy: {'epoch': 28, 'value': 0.8205999785661695} ({'split': 'test'})
cross_entropy: {'epoch': 28, 'value': 0.5572389873862265} ({'split': 'test'})
Epoch 029
accuracy: {'epoch': 29, 'value': 0.8594399999999998} ({'split': 'train'})
cross_entropy: {'epoch': 29, 'value': 0.4191664689731594} ({'split': 'train'})
accuracy: {'epoch': 29, 'value': 0.7811999827623368} ({'split': 'test'})
cross_entropy: {'epoch': 29, 'value': 0.6675136491656306} ({'split': 'test'})
Epoch 030
accuracy: {'epoch': 30, 'value': 0.90152} ({'split': 'train'})
cross_entropy: {'epoch': 30, 'value': 0.2908802718448639} ({'split': 'train'})
accuracy: {'epoch': 30, 'value': 0.8696999818086623} ({'split': 'test'})
cross_entropy: {'epoch': 30, 'value': 0.40255586311221125} ({'split': 'test'})
We have a new best! with accuracy::0.8696999818086623 and at epoch::30, let's save it!
Epoch 031
accuracy: {'epoch': 31, 'value': 0.9087400000572204} ({'split': 'train'})
cross_entropy: {'epoch': 31, 'value': 0.2642565450286863} ({'split': 'train'})
accuracy: {'epoch': 31, 'value': 0.8606999796628952} ({'split': 'test'})
cross_entropy: {'epoch': 31, 'value': 0.4322156822681427} ({'split': 'test'})
Epoch 032
accuracy: {'epoch': 32, 'value': 0.9103599999999995} ({'split': 'train'})
cross_entropy: {'epoch': 32, 'value': 0.2606156423377993} ({'split': 'train'})
accuracy: {'epoch': 32, 'value': 0.8591999822854993} ({'split': 'test'})
cross_entropy: {'epoch': 32, 'value': 0.42370733097195634} ({'split': 'test'})
Epoch 033
accuracy: {'epoch': 33, 'value': 0.9167200000381462} ({'split': 'train'})
cross_entropy: {'epoch': 33, 'value': 0.24657382326126104} ({'split': 'train'})
accuracy: {'epoch': 33, 'value': 0.872899979948997} ({'split': 'test'})
cross_entropy: {'epoch': 33, 'value': 0.4226064920425414} ({'split': 'test'})
We have a new best! with accuracy::0.872899979948997 and at epoch::33, let's save it!
Epoch 034
accuracy: {'epoch': 34, 'value': 0.9145800000572211} ({'split': 'train'})
cross_entropy: {'epoch': 34, 'value': 0.25017372685432415} ({'split': 'train'})
accuracy: {'epoch': 34, 'value': 0.8662999808788302} ({'split': 'test'})
cross_entropy: {'epoch': 34, 'value': 0.4297494250535965} ({'split': 'test'})
Epoch 035
accuracy: {'epoch': 35, 'value': 0.9147800000190737} ({'split': 'train'})
cross_entropy: {'epoch': 35, 'value': 0.24997224373817475} ({'split': 'train'})
accuracy: {'epoch': 35, 'value': 0.8590999776124953} ({'split': 'test'})
cross_entropy: {'epoch': 35, 'value': 0.44110399633646014} ({'split': 'test'})
Epoch 036
accuracy: {'epoch': 36, 'value': 0.9157000000572209} ({'split': 'train'})
cross_entropy: {'epoch': 36, 'value': 0.2475077678680421} ({'split': 'train'})
accuracy: {'epoch': 36, 'value': 0.8654999798536304} ({'split': 'test'})
cross_entropy: {'epoch': 36, 'value': 0.42720042034983646} ({'split': 'test'})
Epoch 037
accuracy: {'epoch': 37, 'value': 0.9151600000572205} ({'split': 'train'})
cross_entropy: {'epoch': 37, 'value': 0.24751763869285584} ({'split': 'train'})
accuracy: {'epoch': 37, 'value': 0.8656999802589416} ({'split': 'test'})
cross_entropy: {'epoch': 37, 'value': 0.4203933131694793} ({'split': 'test'})
Epoch 038
accuracy: {'epoch': 38, 'value': 0.9146400000381469} ({'split': 'train'})
cross_entropy: {'epoch': 38, 'value': 0.2475799642515181} ({'split': 'train'})
accuracy: {'epoch': 38, 'value': 0.8439999788999556} ({'split': 'test'})
cross_entropy: {'epoch': 38, 'value': 0.495938500314951} ({'split': 'test'})
Epoch 039
accuracy: {'epoch': 39, 'value': 0.9166800000190733} ({'split': 'train'})
cross_entropy: {'epoch': 39, 'value': 0.24083135967254646} ({'split': 'train'})
accuracy: {'epoch': 39, 'value': 0.8641999828815461} ({'split': 'test'})
cross_entropy: {'epoch': 39, 'value': 0.4175834149122237} ({'split': 'test'})
Epoch 040
accuracy: {'epoch': 40, 'value': 0.9169600000381468} ({'split': 'train'})
cross_entropy: {'epoch': 40, 'value': 0.24482514525413515} ({'split': 'train'})
accuracy: {'epoch': 40, 'value': 0.8670999795198441} ({'split': 'test'})
cross_entropy: {'epoch': 40, 'value': 0.421809174120426} ({'split': 'test'})
Epoch 041
accuracy: {'epoch': 41, 'value': 0.9191800000381473} ({'split': 'train'})
cross_entropy: {'epoch': 41, 'value': 0.23527476336002343} ({'split': 'train'})
accuracy: {'epoch': 41, 'value': 0.8749999815225599} ({'split': 'test'})
cross_entropy: {'epoch': 41, 'value': 0.3989463973045348} ({'split': 'test'})
We have a new best! with accuracy::0.8749999815225599 and at epoch::41, let's save it!
Epoch 042
accuracy: {'epoch': 42, 'value': 0.9188799999809265} ({'split': 'train'})
cross_entropy: {'epoch': 42, 'value': 0.23981789618015306} ({'split': 'train'})
accuracy: {'epoch': 42, 'value': 0.8612999761104584} ({'split': 'test'})
cross_entropy: {'epoch': 42, 'value': 0.4253558185696602} ({'split': 'test'})
Epoch 043
accuracy: {'epoch': 43, 'value': 0.91696} ({'split': 'train'})
cross_entropy: {'epoch': 43, 'value': 0.24047720392227162} ({'split': 'train'})
accuracy: {'epoch': 43, 'value': 0.8738999772071838} ({'split': 'test'})
cross_entropy: {'epoch': 43, 'value': 0.39949828922748565} ({'split': 'test'})
Epoch 044
accuracy: {'epoch': 44, 'value': 0.9206599999809262} ({'split': 'train'})
cross_entropy: {'epoch': 44, 'value': 0.228838279247284} ({'split': 'train'})
accuracy: {'epoch': 44, 'value': 0.855999979376793} ({'split': 'test'})
cross_entropy: {'epoch': 44, 'value': 0.46848283097147936} ({'split': 'test'})
Epoch 045
accuracy: {'epoch': 45, 'value': 0.91724} ({'split': 'train'})
cross_entropy: {'epoch': 45, 'value': 0.23982676639556894} ({'split': 'train'})
accuracy: {'epoch': 45, 'value': 0.866899978518486} ({'split': 'test'})
cross_entropy: {'epoch': 45, 'value': 0.41837458118796356} ({'split': 'test'})
Epoch 046
accuracy: {'epoch': 46, 'value': 0.9198400000381474} ({'split': 'train'})
cross_entropy: {'epoch': 46, 'value': 0.23320238778591143} ({'split': 'train'})
accuracy: {'epoch': 46, 'value': 0.8618999838829038} ({'split': 'test'})
cross_entropy: {'epoch': 46, 'value': 0.43152141571044894} ({'split': 'test'})
Epoch 047
accuracy: {'epoch': 47, 'value': 0.9196399999809267} ({'split': 'train'})
cross_entropy: {'epoch': 47, 'value': 0.23344359963417055} ({'split': 'train'})
accuracy: {'epoch': 47, 'value': 0.8525999802351002} ({'split': 'test'})
cross_entropy: {'epoch': 47, 'value': 0.4498145420849322} ({'split': 'test'})
Epoch 048
accuracy: {'epoch': 48, 'value': 0.9214799999809262} ({'split': 'train'})
cross_entropy: {'epoch': 48, 'value': 0.22661788277149206} ({'split': 'train'})
accuracy: {'epoch': 48, 'value': 0.8741999793052672} ({'split': 'test'})
cross_entropy: {'epoch': 48, 'value': 0.41231642186641687} ({'split': 'test'})
Epoch 049
accuracy: {'epoch': 49, 'value': 0.9210199999999998} ({'split': 'train'})
cross_entropy: {'epoch': 49, 'value': 0.22986887017250052} ({'split': 'train'})
accuracy: {'epoch': 49, 'value': 0.8657999813556672} ({'split': 'test'})
cross_entropy: {'epoch': 49, 'value': 0.4256992563605309} ({'split': 'test'})
Epoch 050
accuracy: {'epoch': 50, 'value': 0.9247399999999998} ({'split': 'train'})
cross_entropy: {'epoch': 50, 'value': 0.2206692745208739} ({'split': 'train'})
accuracy: {'epoch': 50, 'value': 0.8620999771356583} ({'split': 'test'})
cross_entropy: {'epoch': 50, 'value': 0.42870551764965054} ({'split': 'test'})
Epoch 051
accuracy: {'epoch': 51, 'value': 0.9214400000190729} ({'split': 'train'})
cross_entropy: {'epoch': 51, 'value': 0.22863194580078122} ({'split': 'train'})
accuracy: {'epoch': 51, 'value': 0.868099982738495} ({'split': 'test'})
cross_entropy: {'epoch': 51, 'value': 0.41179815486073507} ({'split': 'test'})
Epoch 052
accuracy: {'epoch': 52, 'value': 0.923620000057221} ({'split': 'train'})
cross_entropy: {'epoch': 52, 'value': 0.22314413943767547} ({'split': 'train'})
accuracy: {'epoch': 52, 'value': 0.8730999791622164} ({'split': 'test'})
cross_entropy: {'epoch': 52, 'value': 0.4001296612620355} ({'split': 'test'})
Epoch 053
accuracy: {'epoch': 53, 'value': 0.9212799999809258} ({'split': 'train'})
cross_entropy: {'epoch': 53, 'value': 0.22867407266855247} ({'split': 'train'})
accuracy: {'epoch': 53, 'value': 0.8721999800205231} ({'split': 'test'})
cross_entropy: {'epoch': 53, 'value': 0.40225626811385146} ({'split': 'test'})
Epoch 054
accuracy: {'epoch': 54, 'value': 0.9227800000190731} ({'split': 'train'})
cross_entropy: {'epoch': 54, 'value': 0.22383690662384045} ({'split': 'train'})
accuracy: {'epoch': 54, 'value': 0.8704999810457229} ({'split': 'test'})
cross_entropy: {'epoch': 54, 'value': 0.425366897881031} ({'split': 'test'})
Epoch 055
accuracy: {'epoch': 55, 'value': 0.9240200000572207} ({'split': 'train'})
cross_entropy: {'epoch': 55, 'value': 0.22069445130825024} ({'split': 'train'})
accuracy: {'epoch': 55, 'value': 0.8671999800205229} ({'split': 'test'})
cross_entropy: {'epoch': 55, 'value': 0.4367850340902806} ({'split': 'test'})
Epoch 056
accuracy: {'epoch': 56, 'value': 0.923500000038147} ({'split': 'train'})
cross_entropy: {'epoch': 56, 'value': 0.21987041013717637} ({'split': 'train'})
accuracy: {'epoch': 56, 'value': 0.8580999809503551} ({'split': 'test'})
cross_entropy: {'epoch': 56, 'value': 0.471342899352312} ({'split': 'test'})
Epoch 057
accuracy: {'epoch': 57, 'value': 0.9226999999999997} ({'split': 'train'})
cross_entropy: {'epoch': 57, 'value': 0.2242011667633055} ({'split': 'train'})
accuracy: {'epoch': 57, 'value': 0.865299978852272} ({'split': 'test'})
cross_entropy: {'epoch': 57, 'value': 0.4149645127356051} ({'split': 'test'})
Epoch 058
accuracy: {'epoch': 58, 'value': 0.9281200000381472} ({'split': 'train'})
cross_entropy: {'epoch': 58, 'value': 0.213701577591896} ({'split': 'train'})
accuracy: {'epoch': 58, 'value': 0.8612999778985977} ({'split': 'test'})
cross_entropy: {'epoch': 58, 'value': 0.43533538162708274} ({'split': 'test'})
Epoch 059
accuracy: {'epoch': 59, 'value': 0.9268199999809266} ({'split': 'train'})
cross_entropy: {'epoch': 59, 'value': 0.2116346819591522} ({'split': 'train'})
accuracy: {'epoch': 59, 'value': 0.8679999804496766} ({'split': 'test'})
cross_entropy: {'epoch': 59, 'value': 0.4046518050134181} ({'split': 'test'})
Epoch 060
accuracy: {'epoch': 60, 'value': 0.9543200000572198} ({'split': 'train'})
cross_entropy: {'epoch': 60, 'value': 0.13286796873331064} ({'split': 'train'})
accuracy: {'epoch': 60, 'value': 0.8898999798297885} ({'split': 'test'})
cross_entropy: {'epoch': 60, 'value': 0.3643772172927857} ({'split': 'test'})
We have a new best! with accuracy::0.8898999798297885 and at epoch::60, let's save it!
Epoch 061
accuracy: {'epoch': 61, 'value': 0.9603599999809266} ({'split': 'train'})
cross_entropy: {'epoch': 61, 'value': 0.11406752514123926} ({'split': 'train'})
accuracy: {'epoch': 61, 'value': 0.8881999820470808} ({'split': 'test'})
cross_entropy: {'epoch': 61, 'value': 0.37484702914953233} ({'split': 'test'})
Epoch 062
accuracy: {'epoch': 62, 'value': 0.9650800000572205} ({'split': 'train'})
cross_entropy: {'epoch': 62, 'value': 0.10095149488925939} ({'split': 'train'})
accuracy: {'epoch': 62, 'value': 0.8838999801874159} ({'split': 'test'})
cross_entropy: {'epoch': 62, 'value': 0.4069150065630674} ({'split': 'test'})
Epoch 063
accuracy: {'epoch': 63, 'value': 0.9660200000381471} ({'split': 'train'})
cross_entropy: {'epoch': 63, 'value': 0.10112171438694002} ({'split': 'train'})
accuracy: {'epoch': 63, 'value': 0.8880999809503556} ({'split': 'test'})
cross_entropy: {'epoch': 63, 'value': 0.3781101624667645} ({'split': 'test'})
Epoch 064
accuracy: {'epoch': 64, 'value': 0.9664199999809262} ({'split': 'train'})
cross_entropy: {'epoch': 64, 'value': 0.096720105035305} ({'split': 'train'})
accuracy: {'epoch': 64, 'value': 0.8742999756336213} ({'split': 'test'})
cross_entropy: {'epoch': 64, 'value': 0.44208354309201237} ({'split': 'test'})
Epoch 065
accuracy: {'epoch': 65, 'value': 0.9673200000000002} ({'split': 'train'})
cross_entropy: {'epoch': 65, 'value': 0.09462865682125093} ({'split': 'train'})
accuracy: {'epoch': 65, 'value': 0.886799980401993} ({'split': 'test'})
cross_entropy: {'epoch': 65, 'value': 0.3927134482562542} ({'split': 'test'})
Epoch 066
accuracy: {'epoch': 66, 'value': 0.9669799999999996} ({'split': 'train'})
cross_entropy: {'epoch': 66, 'value': 0.09561803005218517} ({'split': 'train'})
accuracy: {'epoch': 66, 'value': 0.8867999798059463} ({'split': 'test'})
cross_entropy: {'epoch': 66, 'value': 0.3939709948003292} ({'split': 'test'})
Epoch 067
accuracy: {'epoch': 67, 'value': 0.9658800000572205} ({'split': 'train'})
cross_entropy: {'epoch': 67, 'value': 0.0977586467266083} ({'split': 'train'})
accuracy: {'epoch': 67, 'value': 0.8810999810695643} ({'split': 'test'})
cross_entropy: {'epoch': 67, 'value': 0.40438588559627536} ({'split': 'test'})
Epoch 068
accuracy: {'epoch': 68, 'value': 0.9675600000381465} ({'split': 'train'})
cross_entropy: {'epoch': 68, 'value': 0.09569651694536205} ({'split': 'train'})
accuracy: {'epoch': 68, 'value': 0.8884999787807466} ({'split': 'test'})
cross_entropy: {'epoch': 68, 'value': 0.4011056680977345} ({'split': 'test'})
Epoch 069
accuracy: {'epoch': 69, 'value': 0.9677600000572207} ({'split': 'train'})
cross_entropy: {'epoch': 69, 'value': 0.09514771682977675} ({'split': 'train'})
accuracy: {'epoch': 69, 'value': 0.8888999819755558} ({'split': 'test'})
cross_entropy: {'epoch': 69, 'value': 0.37967630639672284} ({'split': 'test'})
Epoch 070
accuracy: {'epoch': 70, 'value': 0.967200000038147} ({'split': 'train'})
cross_entropy: {'epoch': 70, 'value': 0.09422011713027947} ({'split': 'train'})
accuracy: {'epoch': 70, 'value': 0.8874999797344204} ({'split': 'test'})
cross_entropy: {'epoch': 70, 'value': 0.40733692392706883} ({'split': 'test'})
Epoch 071
accuracy: {'epoch': 71, 'value': 0.9678600000381468} ({'split': 'train'})
cross_entropy: {'epoch': 71, 'value': 0.09236601658105847} ({'split': 'train'})
accuracy: {'epoch': 71, 'value': 0.8696999830007551} ({'split': 'test'})
cross_entropy: {'epoch': 71, 'value': 0.48947917357087134} ({'split': 'test'})
Epoch 072
accuracy: {'epoch': 72, 'value': 0.9670199999809261} ({'split': 'train'})
cross_entropy: {'epoch': 72, 'value': 0.0958256119441985} ({'split': 'train'})
accuracy: {'epoch': 72, 'value': 0.8812999826669691} ({'split': 'test'})
cross_entropy: {'epoch': 72, 'value': 0.4234926009178161} ({'split': 'test'})
Epoch 073
accuracy: {'epoch': 73, 'value': 0.9680000000572201} ({'split': 'train'})
cross_entropy: {'epoch': 73, 'value': 0.09291087739467618} ({'split': 'train'})
accuracy: {'epoch': 73, 'value': 0.8833999818563465} ({'split': 'test'})
cross_entropy: {'epoch': 73, 'value': 0.3953273169696331} ({'split': 'test'})
Epoch 074
accuracy: {'epoch': 74, 'value': 0.9675200000572203} ({'split': 'train'})
cross_entropy: {'epoch': 74, 'value': 0.0942348100650311} ({'split': 'train'})
accuracy: {'epoch': 74, 'value': 0.880999980568886} ({'split': 'test'})
cross_entropy: {'epoch': 74, 'value': 0.4222038333117961} ({'split': 'test'})
Epoch 075
accuracy: {'epoch': 75, 'value': 0.9682000000572204} ({'split': 'train'})
cross_entropy: {'epoch': 75, 'value': 0.09333160220146168} ({'split': 'train'})
accuracy: {'epoch': 75, 'value': 0.8820999795198439} ({'split': 'test'})
cross_entropy: {'epoch': 75, 'value': 0.4306600041687487} ({'split': 'test'})
Epoch 076
accuracy: {'epoch': 76, 'value': 0.9657600000190735} ({'split': 'train'})
cross_entropy: {'epoch': 76, 'value': 0.09758982301712037} ({'split': 'train'})
accuracy: {'epoch': 76, 'value': 0.8808999770879745} ({'split': 'test'})
cross_entropy: {'epoch': 76, 'value': 0.4245698241889477} ({'split': 'test'})
Epoch 077
accuracy: {'epoch': 77, 'value': 0.9667600000572208} ({'split': 'train'})
cross_entropy: {'epoch': 77, 'value': 0.09592236075878151} ({'split': 'train'})
accuracy: {'epoch': 77, 'value': 0.8808999818563461} ({'split': 'test'})
cross_entropy: {'epoch': 77, 'value': 0.41770097076892854} ({'split': 'test'})
Epoch 078
accuracy: {'epoch': 78, 'value': 0.9672600000572207} ({'split': 'train'})
cross_entropy: {'epoch': 78, 'value': 0.09555084538936623} ({'split': 'train'})
accuracy: {'epoch': 78, 'value': 0.8837999790906904} ({'split': 'test'})
cross_entropy: {'epoch': 78, 'value': 0.3854530976712703} ({'split': 'test'})
Epoch 079
accuracy: {'epoch': 79, 'value': 0.967639999980927} ({'split': 'train'})
cross_entropy: {'epoch': 79, 'value': 0.0940178412818908} ({'split': 'train'})
accuracy: {'epoch': 79, 'value': 0.8830999797582628} ({'split': 'test'})
cross_entropy: {'epoch': 79, 'value': 0.40127669349312783} ({'split': 'test'})
Epoch 080
accuracy: {'epoch': 80, 'value': 0.9667400000572208} ({'split': 'train'})
cross_entropy: {'epoch': 80, 'value': 0.09687153789520264} ({'split': 'train'})
accuracy: {'epoch': 80, 'value': 0.8846999806165691} ({'split': 'test'})
cross_entropy: {'epoch': 80, 'value': 0.4082320544123649} ({'split': 'test'})
Epoch 081
accuracy: {'epoch': 81, 'value': 0.9662000000381471} ({'split': 'train'})
cross_entropy: {'epoch': 81, 'value': 0.09716350872278201} ({'split': 'train'})
accuracy: {'epoch': 81, 'value': 0.8820999801158905} ({'split': 'test'})
cross_entropy: {'epoch': 81, 'value': 0.410474791675806} ({'split': 'test'})
Epoch 082
accuracy: {'epoch': 82, 'value': 0.9661199999809269} ({'split': 'train'})
cross_entropy: {'epoch': 82, 'value': 0.09934816063880926} ({'split': 'train'})
accuracy: {'epoch': 82, 'value': 0.880099979043007} ({'split': 'test'})
cross_entropy: {'epoch': 82, 'value': 0.4115033087879419} ({'split': 'test'})
Epoch 083
accuracy: {'epoch': 83, 'value': 0.964960000038147} ({'split': 'train'})
cross_entropy: {'epoch': 83, 'value': 0.09993728254556658} ({'split': 'train'})
accuracy: {'epoch': 83, 'value': 0.8808999824523922} ({'split': 'test'})
cross_entropy: {'epoch': 83, 'value': 0.4066783960163592} ({'split': 'test'})
Epoch 084
accuracy: {'epoch': 84, 'value': 0.9648200000190731} ({'split': 'train'})
cross_entropy: {'epoch': 84, 'value': 0.10074549733877171} ({'split': 'train'})
accuracy: {'epoch': 84, 'value': 0.8761999821662902} ({'split': 'test'})
cross_entropy: {'epoch': 84, 'value': 0.4477604059875012} ({'split': 'test'})
Epoch 085
accuracy: {'epoch': 85, 'value': 0.9645600000381468} ({'split': 'train'})
cross_entropy: {'epoch': 85, 'value': 0.10201222134113311} ({'split': 'train'})
accuracy: {'epoch': 85, 'value': 0.880999980568886} ({'split': 'test'})
cross_entropy: {'epoch': 85, 'value': 0.4054316185414792} ({'split': 'test'})
Epoch 086
accuracy: {'epoch': 86, 'value': 0.9674200000572202} ({'split': 'train'})
cross_entropy: {'epoch': 86, 'value': 0.09650320351600641} ({'split': 'train'})
accuracy: {'epoch': 86, 'value': 0.8761999785900118} ({'split': 'test'})
cross_entropy: {'epoch': 86, 'value': 0.4362191568315029} ({'split': 'test'})
Epoch 087
accuracy: {'epoch': 87, 'value': 0.967160000038147} ({'split': 'train'})
cross_entropy: {'epoch': 87, 'value': 0.0953782532596587} ({'split': 'train'})
accuracy: {'epoch': 87, 'value': 0.8756999808549881} ({'split': 'test'})
cross_entropy: {'epoch': 87, 'value': 0.40982961460947986} ({'split': 'test'})
Epoch 088
accuracy: {'epoch': 88, 'value': 0.9650200000572207} ({'split': 'train'})
cross_entropy: {'epoch': 88, 'value': 0.10045982256412508} ({'split': 'train'})
accuracy: {'epoch': 88, 'value': 0.8865999794006344} ({'split': 'test'})
cross_entropy: {'epoch': 88, 'value': 0.37874453663825985} ({'split': 'test'})
Epoch 089
accuracy: {'epoch': 89, 'value': 0.9660800000381465} ({'split': 'train'})
cross_entropy: {'epoch': 89, 'value': 0.09707102753639214} ({'split': 'train'})
accuracy: {'epoch': 89, 'value': 0.8832999813556671} ({'split': 'test'})
cross_entropy: {'epoch': 89, 'value': 0.4043162536621095} ({'split': 'test'})
Epoch 090
accuracy: {'epoch': 90, 'value': 0.9820599999999997} ({'split': 'train'})
cross_entropy: {'epoch': 90, 'value': 0.05279615200191734} ({'split': 'train'})
accuracy: {'epoch': 90, 'value': 0.8936999797821046} ({'split': 'test'})
cross_entropy: {'epoch': 90, 'value': 0.40481435455381876} ({'split': 'test'})
We have a new best! with accuracy::0.8936999797821046 and at epoch::90, let's save it!
Epoch 091
accuracy: {'epoch': 91, 'value': 0.98676000005722} ({'split': 'train'})
cross_entropy: {'epoch': 91, 'value': 0.04053261889457703} ({'split': 'train'})
accuracy: {'epoch': 91, 'value': 0.8893999779224394} ({'split': 'test'})
cross_entropy: {'epoch': 91, 'value': 0.4177349294722081} ({'split': 'test'})
Epoch 092
accuracy: {'epoch': 92, 'value': 0.987940000019074} ({'split': 'train'})
cross_entropy: {'epoch': 92, 'value': 0.03568032331585882} ({'split': 'train'})
accuracy: {'epoch': 92, 'value': 0.8975999802351} ({'split': 'test'})
cross_entropy: {'epoch': 92, 'value': 0.4114702459424734} ({'split': 'test'})
We have a new best! with accuracy::0.8975999802351 and at epoch::92, let's save it!
Epoch 093
accuracy: {'epoch': 93, 'value': 0.9884199999999995} ({'split': 'train'})
cross_entropy: {'epoch': 93, 'value': 0.03480082916200162} ({'split': 'train'})
accuracy: {'epoch': 93, 'value': 0.8941999775171279} ({'split': 'test'})
cross_entropy: {'epoch': 93, 'value': 0.4152831765264272} ({'split': 'test'})
Epoch 094
accuracy: {'epoch': 94, 'value': 0.9899000000190737} ({'split': 'train'})
cross_entropy: {'epoch': 94, 'value': 0.03126004108607767} ({'split': 'train'})
accuracy: {'epoch': 94, 'value': 0.8932999765872954} ({'split': 'test'})
cross_entropy: {'epoch': 94, 'value': 0.4307429696619509} ({'split': 'test'})
Epoch 095
accuracy: {'epoch': 95, 'value': 0.9887600000000002} ({'split': 'train'})
cross_entropy: {'epoch': 95, 'value': 0.032871233336329485} ({'split': 'train'})
accuracy: {'epoch': 95, 'value': 0.8946999788284301} ({'split': 'test'})
cross_entropy: {'epoch': 95, 'value': 0.40840502500534054} ({'split': 'test'})
Epoch 096
accuracy: {'epoch': 96, 'value': 0.9907600000000004} ({'split': 'train'})
cross_entropy: {'epoch': 96, 'value': 0.029205683463215823} ({'split': 'train'})
accuracy: {'epoch': 96, 'value': 0.8958999806642532} ({'split': 'test'})
cross_entropy: {'epoch': 96, 'value': 0.3991507829725743} ({'split': 'test'})
Epoch 097
accuracy: {'epoch': 97, 'value': 0.9915599999999999} ({'split': 'train'})
cross_entropy: {'epoch': 97, 'value': 0.026852896634340265} ({'split': 'train'})
accuracy: {'epoch': 97, 'value': 0.8957999789714814} ({'split': 'test'})
cross_entropy: {'epoch': 97, 'value': 0.41169278420507904} ({'split': 'test'})
Epoch 098
accuracy: {'epoch': 98, 'value': 0.9898200000190736} ({'split': 'train'})
cross_entropy: {'epoch': 98, 'value': 0.03169491858124733} ({'split': 'train'})
accuracy: {'epoch': 98, 'value': 0.8901999789476396} ({'split': 'test'})
cross_entropy: {'epoch': 98, 'value': 0.42551178418099883} ({'split': 'test'})
Epoch 099
accuracy: {'epoch': 99, 'value': 0.9921600000190736} ({'split': 'train'})
cross_entropy: {'epoch': 99, 'value': 0.025272990217804905} ({'split': 'train'})
accuracy: {'epoch': 99, 'value': 0.8956999802589415} ({'split': 'test'})
cross_entropy: {'epoch': 99, 'value': 0.4166797609627246} ({'split': 'test'})
Epoch 100
accuracy: {'epoch': 100, 'value': 0.9916999999999998} ({'split': 'train'})
cross_entropy: {'epoch': 100, 'value': 0.02716337882220746} ({'split': 'train'})
accuracy: {'epoch': 100, 'value': 0.8971999776363374} ({'split': 'test'})
cross_entropy: {'epoch': 100, 'value': 0.4254624378681185} ({'split': 'test'})
Epoch 101
accuracy: {'epoch': 101, 'value': 0.991020000038147} ({'split': 'train'})
cross_entropy: {'epoch': 101, 'value': 0.02787131124138833} ({'split': 'train'})
accuracy: {'epoch': 101, 'value': 0.8988999783992767} ({'split': 'test'})
cross_entropy: {'epoch': 101, 'value': 0.4248865278065205} ({'split': 'test'})
We have a new best! with accuracy::0.8988999783992767 and at epoch::101, let's save it!
Epoch 102
accuracy: {'epoch': 102, 'value': 0.9914200000000005} ({'split': 'train'})
cross_entropy: {'epoch': 102, 'value': 0.02691992579102517} ({'split': 'train'})
accuracy: {'epoch': 102, 'value': 0.8931999820470808} ({'split': 'test'})
cross_entropy: {'epoch': 102, 'value': 0.43068987518548957} ({'split': 'test'})
Epoch 103
accuracy: {'epoch': 103, 'value': 0.9905400000000005} ({'split': 'train'})
cross_entropy: {'epoch': 103, 'value': 0.030024529645442964} ({'split': 'train'})
accuracy: {'epoch': 103, 'value': 0.8987999790906906} ({'split': 'test'})
cross_entropy: {'epoch': 103, 'value': 0.39200825572013853} ({'split': 'test'})
Epoch 104
accuracy: {'epoch': 104, 'value': 0.990200000019073} ({'split': 'train'})
cross_entropy: {'epoch': 104, 'value': 0.029818808675408374} ({'split': 'train'})
accuracy: {'epoch': 104, 'value': 0.8900999814271924} ({'split': 'test'})
cross_entropy: {'epoch': 104, 'value': 0.4220899114012717} ({'split': 'test'})
Epoch 105
accuracy: {'epoch': 105, 'value': 0.9904200000572203} ({'split': 'train'})
cross_entropy: {'epoch': 105, 'value': 0.030237643514871602} ({'split': 'train'})
accuracy: {'epoch': 105, 'value': 0.8945999801158907} ({'split': 'test'})
cross_entropy: {'epoch': 105, 'value': 0.3949962300807236} ({'split': 'test'})
Epoch 106
accuracy: {'epoch': 106, 'value': 0.9910400000572206} ({'split': 'train'})
cross_entropy: {'epoch': 106, 'value': 0.029606634738445298} ({'split': 'train'})
accuracy: {'epoch': 106, 'value': 0.8976999819278715} ({'split': 'test'})
cross_entropy: {'epoch': 106, 'value': 0.40716981902718546} ({'split': 'test'})
Epoch 107
accuracy: {'epoch': 107, 'value': 0.9911800000190736} ({'split': 'train'})
cross_entropy: {'epoch': 107, 'value': 0.028984051827192284} ({'split': 'train'})
accuracy: {'epoch': 107, 'value': 0.8990999853610994} ({'split': 'test'})
cross_entropy: {'epoch': 107, 'value': 0.3980029778182506} ({'split': 'test'})
We have a new best! with accuracy::0.8990999853610994 and at epoch::107, let's save it!
Epoch 108
accuracy: {'epoch': 108, 'value': 0.9916800000190736} ({'split': 'train'})
cross_entropy: {'epoch': 108, 'value': 0.02563673210442067} ({'split': 'train'})
accuracy: {'epoch': 108, 'value': 0.8980999803543089} ({'split': 'test'})
cross_entropy: {'epoch': 108, 'value': 0.40018660843372356} ({'split': 'test'})
Epoch 109
accuracy: {'epoch': 109, 'value': 0.9913799999999998} ({'split': 'train'})
cross_entropy: {'epoch': 109, 'value': 0.027302354925870905} ({'split': 'train'})
accuracy: {'epoch': 109, 'value': 0.8918999803066251} ({'split': 'test'})
cross_entropy: {'epoch': 109, 'value': 0.41611988693475727} ({'split': 'test'})
Epoch 110
accuracy: {'epoch': 110, 'value': 0.9911800000190736} ({'split': 'train'})
cross_entropy: {'epoch': 110, 'value': 0.027778920270800585} ({'split': 'train'})
accuracy: {'epoch': 110, 'value': 0.8922999817132952} ({'split': 'test'})
cross_entropy: {'epoch': 110, 'value': 0.4336793127655983} ({'split': 'test'})
Epoch 111
accuracy: {'epoch': 111, 'value': 0.9915400000190732} ({'split': 'train'})
cross_entropy: {'epoch': 111, 'value': 0.02730781305730342} ({'split': 'train'})
accuracy: {'epoch': 111, 'value': 0.886799979805946} ({'split': 'test'})
cross_entropy: {'epoch': 111, 'value': 0.45131683059036726} ({'split': 'test'})
Epoch 112
accuracy: {'epoch': 112, 'value': 0.9906200000190737} ({'split': 'train'})
cross_entropy: {'epoch': 112, 'value': 0.028722216597795478} ({'split': 'train'})
accuracy: {'epoch': 112, 'value': 0.8913999813795092} ({'split': 'test'})
cross_entropy: {'epoch': 112, 'value': 0.4355793875455857} ({'split': 'test'})
Epoch 113
accuracy: {'epoch': 113, 'value': 0.9910200000190733} ({'split': 'train'})
cross_entropy: {'epoch': 113, 'value': 0.028439133517146116} ({'split': 'train'})
accuracy: {'epoch': 113, 'value': 0.8978999781608582} ({'split': 'test'})
cross_entropy: {'epoch': 113, 'value': 0.41168984577059736} ({'split': 'test'})
Epoch 114
accuracy: {'epoch': 114, 'value': 0.9905200000000001} ({'split': 'train'})
cross_entropy: {'epoch': 114, 'value': 0.030557978422045676} ({'split': 'train'})
accuracy: {'epoch': 114, 'value': 0.8857999807596205} ({'split': 'test'})
cross_entropy: {'epoch': 114, 'value': 0.44953588590025895} ({'split': 'test'})
Epoch 115
accuracy: {'epoch': 115, 'value': 0.9904200000190736} ({'split': 'train'})
cross_entropy: {'epoch': 115, 'value': 0.030328397321701055} ({'split': 'train'})
accuracy: {'epoch': 115, 'value': 0.8938999813795092} ({'split': 'test'})
cross_entropy: {'epoch': 115, 'value': 0.4125418016314507} ({'split': 'test'})
Epoch 116
accuracy: {'epoch': 116, 'value': 0.9915200000381466} ({'split': 'train'})
cross_entropy: {'epoch': 116, 'value': 0.028133517642021176} ({'split': 'train'})
accuracy: {'epoch': 116, 'value': 0.8971999806165692} ({'split': 'test'})
cross_entropy: {'epoch': 116, 'value': 0.4235675848275422} ({'split': 'test'})
Epoch 117
accuracy: {'epoch': 117, 'value': 0.9913600000190737} ({'split': 'train'})
cross_entropy: {'epoch': 117, 'value': 0.027224363535046574} ({'split': 'train'})
accuracy: {'epoch': 117, 'value': 0.8969999808073044} ({'split': 'test'})
cross_entropy: {'epoch': 117, 'value': 0.3926914924383163} ({'split': 'test'})
Epoch 118
accuracy: {'epoch': 118, 'value': 0.9909999999999997} ({'split': 'train'})
cross_entropy: {'epoch': 118, 'value': 0.0290372244885564} ({'split': 'train'})
accuracy: {'epoch': 118, 'value': 0.9008999842405316} ({'split': 'test'})
cross_entropy: {'epoch': 118, 'value': 0.38967445388436306} ({'split': 'test'})
We have a new best! with accuracy::0.9008999842405316 and at epoch::118, let's save it!
Epoch 119
accuracy: {'epoch': 119, 'value': 0.9916} ({'split': 'train'})
cross_entropy: {'epoch': 119, 'value': 0.027412173659205428} ({'split': 'train'})
accuracy: {'epoch': 119, 'value': 0.8946999764442444} ({'split': 'test'})
cross_entropy: {'epoch': 119, 'value': 0.4111369390040636} ({'split': 'test'})
Epoch 120
accuracy: {'epoch': 120, 'value': 0.9953200000000005} ({'split': 'train'})
cross_entropy: {'epoch': 120, 'value': 0.01720593112260102} ({'split': 'train'})
accuracy: {'epoch': 120, 'value': 0.9025999772548675} ({'split': 'test'})
cross_entropy: {'epoch': 120, 'value': 0.3978242575377227} ({'split': 'test'})
We have a new best! with accuracy::0.9025999772548675 and at epoch::120, let's save it!
Epoch 121
accuracy: {'epoch': 121, 'value': 0.9968399999999996} ({'split': 'train'})
cross_entropy: {'epoch': 121, 'value': 0.01263928158178926} ({'split': 'train'})
accuracy: {'epoch': 121, 'value': 0.900299980044365} ({'split': 'test'})
cross_entropy: {'epoch': 121, 'value': 0.39856156274676324} ({'split': 'test'})
Epoch 122
accuracy: {'epoch': 122, 'value': 0.9972600000000003} ({'split': 'train'})
cross_entropy: {'epoch': 122, 'value': 0.011059239180088044} ({'split': 'train'})
accuracy: {'epoch': 122, 'value': 0.9012999808788298} ({'split': 'test'})
cross_entropy: {'epoch': 122, 'value': 0.4104927152395249} ({'split': 'test'})
Epoch 123
accuracy: {'epoch': 123, 'value': 0.9970600000190737} ({'split': 'train'})
cross_entropy: {'epoch': 123, 'value': 0.011046047490835178} ({'split': 'train'})
accuracy: {'epoch': 123, 'value': 0.9005999833345408} ({'split': 'test'})
cross_entropy: {'epoch': 123, 'value': 0.40574295610189437} ({'split': 'test'})
Epoch 124
accuracy: {'epoch': 124, 'value': 0.9973600000190737} ({'split': 'train'})
cross_entropy: {'epoch': 124, 'value': 0.011166821933984767} ({'split': 'train'})
accuracy: {'epoch': 124, 'value': 0.900599980950356} ({'split': 'test'})
cross_entropy: {'epoch': 124, 'value': 0.406868726015091} ({'split': 'test'})
Epoch 125
accuracy: {'epoch': 125, 'value': 0.9973} ({'split': 'train'})
cross_entropy: {'epoch': 125, 'value': 0.01081716723248362} ({'split': 'train'})
accuracy: {'epoch': 125, 'value': 0.900299980044365} ({'split': 'test'})
cross_entropy: {'epoch': 125, 'value': 0.41756512597203244} ({'split': 'test'})
Epoch 126
accuracy: {'epoch': 126, 'value': 0.9978200000190728} ({'split': 'train'})
cross_entropy: {'epoch': 126, 'value': 0.00986448676437139} ({'split': 'train'})
accuracy: {'epoch': 126, 'value': 0.8994999825954436} ({'split': 'test'})
cross_entropy: {'epoch': 126, 'value': 0.42317684255540383} ({'split': 'test'})
Epoch 127
accuracy: {'epoch': 127, 'value': 0.9973400000190729} ({'split': 'train'})
cross_entropy: {'epoch': 127, 'value': 0.011299226573705677} ({'split': 'train'})
accuracy: {'epoch': 127, 'value': 0.9002999824285507} ({'split': 'test'})
cross_entropy: {'epoch': 127, 'value': 0.404639596492052} ({'split': 'test'})
Epoch 128
accuracy: {'epoch': 128, 'value': 0.9978999999999999} ({'split': 'train'})
cross_entropy: {'epoch': 128, 'value': 0.01007985341310501} ({'split': 'train'})
accuracy: {'epoch': 128, 'value': 0.9009999817609786} ({'split': 'test'})
cross_entropy: {'epoch': 128, 'value': 0.41573688134551046} ({'split': 'test'})
Epoch 129
accuracy: {'epoch': 129, 'value': 0.9973999999999998} ({'split': 'train'})
cross_entropy: {'epoch': 129, 'value': 0.010772919880598777} ({'split': 'train'})
accuracy: {'epoch': 129, 'value': 0.9004999828338623} ({'split': 'test'})
cross_entropy: {'epoch': 129, 'value': 0.4222106881439687} ({'split': 'test'})
Epoch 130
accuracy: {'epoch': 130, 'value': 0.9978599999999995} ({'split': 'train'})
cross_entropy: {'epoch': 130, 'value': 0.009576748807877306} ({'split': 'train'})
accuracy: {'epoch': 130, 'value': 0.9004999810457226} ({'split': 'test'})
cross_entropy: {'epoch': 130, 'value': 0.4114994709193708} ({'split': 'test'})
Epoch 131
accuracy: {'epoch': 131, 'value': 0.99778} ({'split': 'train'})
cross_entropy: {'epoch': 131, 'value': 0.010044967784509064} ({'split': 'train'})
accuracy: {'epoch': 131, 'value': 0.9014999842643737} ({'split': 'test'})
cross_entropy: {'epoch': 131, 'value': 0.40453738197684275} ({'split': 'test'})
Epoch 132
accuracy: {'epoch': 132, 'value': 0.9983599999999998} ({'split': 'train'})
cross_entropy: {'epoch': 132, 'value': 0.009311353134214882} ({'split': 'train'})
accuracy: {'epoch': 132, 'value': 0.8967999815940858} ({'split': 'test'})
cross_entropy: {'epoch': 132, 'value': 0.4331942255795002} ({'split': 'test'})
Epoch 133
accuracy: {'epoch': 133, 'value': 0.998339999999999} ({'split': 'train'})
cross_entropy: {'epoch': 133, 'value': 0.008853154119551173} ({'split': 'train'})
accuracy: {'epoch': 133, 'value': 0.8969999819993976} ({'split': 'test'})
cross_entropy: {'epoch': 133, 'value': 0.42745240256190303} ({'split': 'test'})
Epoch 134
accuracy: {'epoch': 134, 'value': 0.99788} ({'split': 'train'})
cross_entropy: {'epoch': 134, 'value': 0.009919561700224875} ({'split': 'train'})
accuracy: {'epoch': 134, 'value': 0.9007999819517137} ({'split': 'test'})
cross_entropy: {'epoch': 134, 'value': 0.40149434134364126} ({'split': 'test'})
Epoch 135
accuracy: {'epoch': 135, 'value': 0.9976999999999994} ({'split': 'train'})
cross_entropy: {'epoch': 135, 'value': 0.00982925811603666} ({'split': 'train'})
accuracy: {'epoch': 135, 'value': 0.9015999811887739} ({'split': 'test'})
cross_entropy: {'epoch': 135, 'value': 0.40104539133608336} ({'split': 'test'})
Epoch 136
accuracy: {'epoch': 136, 'value': 0.9981799999999994} ({'split': 'train'})
cross_entropy: {'epoch': 136, 'value': 0.009446653657257558} ({'split': 'train'})
accuracy: {'epoch': 136, 'value': 0.9017999821901322} ({'split': 'test'})
cross_entropy: {'epoch': 136, 'value': 0.40333877563476556} ({'split': 'test'})
Epoch 137
accuracy: {'epoch': 137, 'value': 0.9978999999999999} ({'split': 'train'})
cross_entropy: {'epoch': 137, 'value': 0.010009062106162318} ({'split': 'train'})
accuracy: {'epoch': 137, 'value': 0.9015999835729601} ({'split': 'test'})
cross_entropy: {'epoch': 137, 'value': 0.4018841864913702} ({'split': 'test'})
Epoch 138
accuracy: {'epoch': 138, 'value': 0.9980199999999992} ({'split': 'train'})
cross_entropy: {'epoch': 138, 'value': 0.009701545935869213} ({'split': 'train'})
accuracy: {'epoch': 138, 'value': 0.9018999820947646} ({'split': 'test'})
cross_entropy: {'epoch': 138, 'value': 0.40154879942536326} ({'split': 'test'})
Epoch 139
accuracy: {'epoch': 139, 'value': 0.9975199999999999} ({'split': 'train'})
cross_entropy: {'epoch': 139, 'value': 0.010811415328979493} ({'split': 'train'})
accuracy: {'epoch': 139, 'value': 0.8986999833583835} ({'split': 'test'})
cross_entropy: {'epoch': 139, 'value': 0.42572512194514284} ({'split': 'test'})
Epoch 140
accuracy: {'epoch': 140, 'value': 0.9973} ({'split': 'train'})
cross_entropy: {'epoch': 140, 'value': 0.010996539302915338} ({'split': 'train'})
accuracy: {'epoch': 140, 'value': 0.901299978494644} ({'split': 'test'})
cross_entropy: {'epoch': 140, 'value': 0.39349167995154855} ({'split': 'test'})
Epoch 141
accuracy: {'epoch': 141, 'value': 0.9982200000190736} ({'split': 'train'})
cross_entropy: {'epoch': 141, 'value': 0.00995628726661205} ({'split': 'train'})
accuracy: {'epoch': 141, 'value': 0.8995999795198439} ({'split': 'test'})
cross_entropy: {'epoch': 141, 'value': 0.4136073110997679} ({'split': 'test'})
Epoch 142
accuracy: {'epoch': 142, 'value': 0.99772} ({'split': 'train'})
cross_entropy: {'epoch': 142, 'value': 0.010579587681293485} ({'split': 'train'})
accuracy: {'epoch': 142, 'value': 0.8997999811172487} ({'split': 'test'})
cross_entropy: {'epoch': 142, 'value': 0.40709679268300525} ({'split': 'test'})
Epoch 143
accuracy: {'epoch': 143, 'value': 0.9973600000190737} ({'split': 'train'})
cross_entropy: {'epoch': 143, 'value': 0.011403557163476939} ({'split': 'train'})
accuracy: {'epoch': 143, 'value': 0.8942999798059462} ({'split': 'test'})
cross_entropy: {'epoch': 143, 'value': 0.4316995284706352} ({'split': 'test'})
Epoch 144
accuracy: {'epoch': 144, 'value': 0.9978000000000004} ({'split': 'train'})
cross_entropy: {'epoch': 144, 'value': 0.011172954319715496} ({'split': 'train'})
accuracy: {'epoch': 144, 'value': 0.896199983358383} ({'split': 'test'})
cross_entropy: {'epoch': 144, 'value': 0.4222604382038117} ({'split': 'test'})
Epoch 145
accuracy: {'epoch': 145, 'value': 0.9975200000000003} ({'split': 'train'})
cross_entropy: {'epoch': 145, 'value': 0.01125244431972503} ({'split': 'train'})
accuracy: {'epoch': 145, 'value': 0.8970999819040302} ({'split': 'test'})
cross_entropy: {'epoch': 145, 'value': 0.4056079176068306} ({'split': 'test'})
Epoch 146
accuracy: {'epoch': 146, 'value': 0.9975000000190738} ({'split': 'train'})
cross_entropy: {'epoch': 146, 'value': 0.011929516324996952} ({'split': 'train'})
accuracy: {'epoch': 146, 'value': 0.8983999800682066} ({'split': 'test'})
cross_entropy: {'epoch': 146, 'value': 0.407072104588151} ({'split': 'test'})
Epoch 147
accuracy: {'epoch': 147, 'value': 0.9976199999999998} ({'split': 'train'})
cross_entropy: {'epoch': 147, 'value': 0.011370647650957107} ({'split': 'train'})
accuracy: {'epoch': 147, 'value': 0.899399980306625} ({'split': 'test'})
cross_entropy: {'epoch': 147, 'value': 0.4225680264830588} ({'split': 'test'})
Epoch 148
accuracy: {'epoch': 148, 'value': 0.9979199999999999} ({'split': 'train'})
cross_entropy: {'epoch': 148, 'value': 0.010328429979085922} ({'split': 'train'})
accuracy: {'epoch': 148, 'value': 0.8966999822855002} ({'split': 'test'})
cross_entropy: {'epoch': 148, 'value': 0.40479005217552194} ({'split': 'test'})
Epoch 149
accuracy: {'epoch': 149, 'value': 0.9975000000190734} ({'split': 'train'})
cross_entropy: {'epoch': 149, 'value': 0.011832781129479416} ({'split': 'train'})
accuracy: {'epoch': 149, 'value': 0.8992999780178071} ({'split': 'test'})
cross_entropy: {'epoch': 149, 'value': 0.4106667938828469} ({'split': 'test'})
Epoch 150
accuracy: {'epoch': 150, 'value': 0.9985600000000002} ({'split': 'train'})
cross_entropy: {'epoch': 150, 'value': 0.008690399034600702} ({'split': 'train'})
accuracy: {'epoch': 150, 'value': 0.9028999835252766} ({'split': 'test'})
cross_entropy: {'epoch': 150, 'value': 0.39811737678945075} ({'split': 'test'})
We have a new best! with accuracy::0.9028999835252766 and at epoch::150, let's save it!
Epoch 151
accuracy: {'epoch': 151, 'value': 0.9988} ({'split': 'train'})
cross_entropy: {'epoch': 151, 'value': 0.007161327593624588} ({'split': 'train'})
accuracy: {'epoch': 151, 'value': 0.9038999831676481} ({'split': 'test'})
cross_entropy: {'epoch': 151, 'value': 0.39757065340876563} ({'split': 'test'})
We have a new best! with accuracy::0.9038999831676481 and at epoch::151, let's save it!
Epoch 152
accuracy: {'epoch': 152, 'value': 0.9989000000000002} ({'split': 'train'})
cross_entropy: {'epoch': 152, 'value': 0.0069516539062559595} ({'split': 'train'})
accuracy: {'epoch': 152, 'value': 0.9036999809741973} ({'split': 'test'})
cross_entropy: {'epoch': 152, 'value': 0.402427119165659} ({'split': 'test'})
Epoch 153
accuracy: {'epoch': 153, 'value': 0.9992400000190736} ({'split': 'train'})
cross_entropy: {'epoch': 153, 'value': 0.006541474054753779} ({'split': 'train'})
accuracy: {'epoch': 153, 'value': 0.9027999830245972} ({'split': 'test'})
cross_entropy: {'epoch': 153, 'value': 0.4036541447788477} ({'split': 'test'})
Epoch 154
accuracy: {'epoch': 154, 'value': 0.9990600000000005} ({'split': 'train'})
cross_entropy: {'epoch': 154, 'value': 0.006801909469217062} ({'split': 'train'})
accuracy: {'epoch': 154, 'value': 0.9028999817371373} ({'split': 'test'})
cross_entropy: {'epoch': 154, 'value': 0.41062798976898196} ({'split': 'test'})
Epoch 155
accuracy: {'epoch': 155, 'value': 0.9989000000190738} ({'split': 'train'})
cross_entropy: {'epoch': 155, 'value': 0.006916004657745362} ({'split': 'train'})
accuracy: {'epoch': 155, 'value': 0.9040999841690065} ({'split': 'test'})
cross_entropy: {'epoch': 155, 'value': 0.3952149372547865} ({'split': 'test'})
We have a new best! with accuracy::0.9040999841690065 and at epoch::155, let's save it!
Epoch 156
accuracy: {'epoch': 156, 'value': 0.9991400000000005} ({'split': 'train'})
cross_entropy: {'epoch': 156, 'value': 0.006348148499280215} ({'split': 'train'})
accuracy: {'epoch': 156, 'value': 0.9034999817609787} ({'split': 'test'})
cross_entropy: {'epoch': 156, 'value': 0.4026775452494621} ({'split': 'test'})
Epoch 157
accuracy: {'epoch': 157, 'value': 0.9989999999999999} ({'split': 'train'})
cross_entropy: {'epoch': 157, 'value': 0.006523889353871349} ({'split': 'train'})
accuracy: {'epoch': 157, 'value': 0.9040999835729598} ({'split': 'test'})
cross_entropy: {'epoch': 157, 'value': 0.3958951772004366} ({'split': 'test'})
Epoch 158
accuracy: {'epoch': 158, 'value': 0.9992600000190729} ({'split': 'train'})
cross_entropy: {'epoch': 158, 'value': 0.006124639355391263} ({'split': 'train'})
accuracy: {'epoch': 158, 'value': 0.9047999846935274} ({'split': 'test'})
cross_entropy: {'epoch': 158, 'value': 0.40314446702599516} ({'split': 'test'})
We have a new best! with accuracy::0.9047999846935274 and at epoch::158, let's save it!
Epoch 159
accuracy: {'epoch': 159, 'value': 0.9992199999999999} ({'split': 'train'})
cross_entropy: {'epoch': 159, 'value': 0.006020847209841012} ({'split': 'train'})
accuracy: {'epoch': 159, 'value': 0.9027999800443648} ({'split': 'test'})
cross_entropy: {'epoch': 159, 'value': 0.40974240109324456} ({'split': 'test'})
Epoch 160
accuracy: {'epoch': 160, 'value': 0.9991400000190732} ({'split': 'train'})
cross_entropy: {'epoch': 160, 'value': 0.006386513853967188} ({'split': 'train'})
accuracy: {'epoch': 160, 'value': 0.9026999831199644} ({'split': 'test'})
cross_entropy: {'epoch': 160, 'value': 0.4097381791472436} ({'split': 'test'})
Epoch 161
accuracy: {'epoch': 161, 'value': 0.9992600000000003} ({'split': 'train'})
cross_entropy: {'epoch': 161, 'value': 0.00612508532658219} ({'split': 'train'})
accuracy: {'epoch': 161, 'value': 0.9020999825000765} ({'split': 'test'})
cross_entropy: {'epoch': 161, 'value': 0.41562820889055746} ({'split': 'test'})
Epoch 162
accuracy: {'epoch': 162, 'value': 0.9986799999999998} ({'split': 'train'})
cross_entropy: {'epoch': 162, 'value': 0.007436083770245311} ({'split': 'train'})
accuracy: {'epoch': 162, 'value': 0.9016999840736388} ({'split': 'test'})
cross_entropy: {'epoch': 162, 'value': 0.4061733543127775} ({'split': 'test'})
Epoch 163
accuracy: {'epoch': 163, 'value': 0.999} ({'split': 'train'})
cross_entropy: {'epoch': 163, 'value': 0.006703148553967477} ({'split': 'train'})
accuracy: {'epoch': 163, 'value': 0.9005999845266341} ({'split': 'test'})
cross_entropy: {'epoch': 163, 'value': 0.4116080150753259} ({'split': 'test'})
Epoch 164
accuracy: {'epoch': 164, 'value': 0.9992200000000001} ({'split': 'train'})
cross_entropy: {'epoch': 164, 'value': 0.005815686425343154} ({'split': 'train'})
accuracy: {'epoch': 164, 'value': 0.9028999829292296} ({'split': 'test'})
cross_entropy: {'epoch': 164, 'value': 0.4057412782311438} ({'split': 'test'})
Epoch 165
accuracy: {'epoch': 165, 'value': 0.9990399999999998} ({'split': 'train'})
cross_entropy: {'epoch': 165, 'value': 0.00644373214378953} ({'split': 'train'})
accuracy: {'epoch': 165, 'value': 0.905199980735779} ({'split': 'test'})
cross_entropy: {'epoch': 165, 'value': 0.3994688002765179} ({'split': 'test'})
We have a new best! with accuracy::0.905199980735779 and at epoch::165, let's save it!
Epoch 166
accuracy: {'epoch': 166, 'value': 0.9991400000000008} ({'split': 'train'})
cross_entropy: {'epoch': 166, 'value': 0.006607657513767482} ({'split': 'train'})
accuracy: {'epoch': 166, 'value': 0.9008999836444855} ({'split': 'test'})
cross_entropy: {'epoch': 166, 'value': 0.40430278375744816} ({'split': 'test'})
Epoch 167
accuracy: {'epoch': 167, 'value': 0.9990000000000002} ({'split': 'train'})
cross_entropy: {'epoch': 167, 'value': 0.006733343530893323} ({'split': 'train'})
accuracy: {'epoch': 167, 'value': 0.9025999844074251} ({'split': 'test'})
cross_entropy: {'epoch': 167, 'value': 0.40479909345507625} ({'split': 'test'})
Epoch 168
accuracy: {'epoch': 168, 'value': 0.9991000000000003} ({'split': 'train'})
cross_entropy: {'epoch': 168, 'value': 0.006729102596342564} ({'split': 'train'})
accuracy: {'epoch': 168, 'value': 0.9026999837160109} ({'split': 'test'})
cross_entropy: {'epoch': 168, 'value': 0.4028123123198747} ({'split': 'test'})
Epoch 169
accuracy: {'epoch': 169, 'value': 0.9991600000000003} ({'split': 'train'})
cross_entropy: {'epoch': 169, 'value': 0.006546385525315999} ({'split': 'train'})
accuracy: {'epoch': 169, 'value': 0.9020999830961226} ({'split': 'test'})
cross_entropy: {'epoch': 169, 'value': 0.4027946969866752} ({'split': 'test'})
Epoch 170
accuracy: {'epoch': 170, 'value': 0.9992399999999986} ({'split': 'train'})
cross_entropy: {'epoch': 170, 'value': 0.006356909897923475} ({'split': 'train'})
accuracy: {'epoch': 170, 'value': 0.9023999828100203} ({'split': 'test'})
cross_entropy: {'epoch': 170, 'value': 0.4050185969471932} ({'split': 'test'})
Epoch 171
accuracy: {'epoch': 171, 'value': 0.9990599999999993} ({'split': 'train'})
cross_entropy: {'epoch': 171, 'value': 0.006822774577140811} ({'split': 'train'})
accuracy: {'epoch': 171, 'value': 0.9009999829530715} ({'split': 'test'})
cross_entropy: {'epoch': 171, 'value': 0.4029859482496975} ({'split': 'test'})
Epoch 172
accuracy: {'epoch': 172, 'value': 0.9992600000000001} ({'split': 'train'})
cross_entropy: {'epoch': 172, 'value': 0.006505238405615096} ({'split': 'train'})
accuracy: {'epoch': 172, 'value': 0.9004999810457229} ({'split': 'test'})
cross_entropy: {'epoch': 172, 'value': 0.40595988757908347} ({'split': 'test'})
Epoch 173
accuracy: {'epoch': 173, 'value': 0.9991000000000001} ({'split': 'train'})
cross_entropy: {'epoch': 173, 'value': 0.006581717578396202} ({'split': 'train'})
accuracy: {'epoch': 173, 'value': 0.9024999815225604} ({'split': 'test'})
cross_entropy: {'epoch': 173, 'value': 0.40027050375938406} ({'split': 'test'})
Epoch 174
accuracy: {'epoch': 174, 'value': 0.9992199999999999} ({'split': 'train'})
cross_entropy: {'epoch': 174, 'value': 0.006322917682081456} ({'split': 'train'})
accuracy: {'epoch': 174, 'value': 0.9018999803066255} ({'split': 'test'})
cross_entropy: {'epoch': 174, 'value': 0.4072076228260993} ({'split': 'test'})
Epoch 175
accuracy: {'epoch': 175, 'value': 0.9991200000000001} ({'split': 'train'})
cross_entropy: {'epoch': 175, 'value': 0.0068597860626876395} ({'split': 'train'})
accuracy: {'epoch': 175, 'value': 0.8997999805212024} ({'split': 'test'})
cross_entropy: {'epoch': 175, 'value': 0.3987536419928074} ({'split': 'test'})
Epoch 176
accuracy: {'epoch': 176, 'value': 0.9990800000000003} ({'split': 'train'})
cross_entropy: {'epoch': 176, 'value': 0.007042762570083137} ({'split': 'train'})
accuracy: {'epoch': 176, 'value': 0.9007999837398526} ({'split': 'test'})
cross_entropy: {'epoch': 176, 'value': 0.41292717061936846} ({'split': 'test'})
Epoch 177
accuracy: {'epoch': 177, 'value': 0.9991599999999998} ({'split': 'train'})
cross_entropy: {'epoch': 177, 'value': 0.0067633741699904245} ({'split': 'train'})
accuracy: {'epoch': 177, 'value': 0.9026999801397326} ({'split': 'test'})
cross_entropy: {'epoch': 177, 'value': 0.4056741562485694} ({'split': 'test'})
Epoch 178
accuracy: {'epoch': 178, 'value': 0.9989000000000002} ({'split': 'train'})
cross_entropy: {'epoch': 178, 'value': 0.007233165583908563} ({'split': 'train'})
accuracy: {'epoch': 178, 'value': 0.8980999821424483} ({'split': 'test'})
cross_entropy: {'epoch': 178, 'value': 0.4113048867881298} ({'split': 'test'})
Epoch 179
accuracy: {'epoch': 179, 'value': 0.9985400000000001} ({'split': 'train'})
cross_entropy: {'epoch': 179, 'value': 0.008124991760104896} ({'split': 'train'})
accuracy: {'epoch': 179, 'value': 0.902599977850914} ({'split': 'test'})
cross_entropy: {'epoch': 179, 'value': 0.4082180079072715} ({'split': 'test'})
Epoch 180
accuracy: {'epoch': 180, 'value': 0.9994199999999998} ({'split': 'train'})
cross_entropy: {'epoch': 180, 'value': 0.006437998400330544} ({'split': 'train'})
accuracy: {'epoch': 180, 'value': 0.9022999811172485} ({'split': 'test'})
cross_entropy: {'epoch': 180, 'value': 0.3999501495808363} ({'split': 'test'})
Epoch 181
accuracy: {'epoch': 181, 'value': 0.9994400000000001} ({'split': 'train'})
cross_entropy: {'epoch': 181, 'value': 0.005939072926491503} ({'split': 'train'})
accuracy: {'epoch': 181, 'value': 0.9021999824047087} ({'split': 'test'})
cross_entropy: {'epoch': 181, 'value': 0.4006103644520046} ({'split': 'test'})
Epoch 182
accuracy: {'epoch': 182, 'value': 0.9993599999999999} ({'split': 'train'})
cross_entropy: {'epoch': 182, 'value': 0.00567355875208974} ({'split': 'train'})
accuracy: {'epoch': 182, 'value': 0.9035999792814251} ({'split': 'test'})
cross_entropy: {'epoch': 182, 'value': 0.4052686581760644} ({'split': 'test'})
Epoch 183
accuracy: {'epoch': 183, 'value': 0.999179999999999} ({'split': 'train'})
cross_entropy: {'epoch': 183, 'value': 0.006212152578085657} ({'split': 'train'})
accuracy: {'epoch': 183, 'value': 0.9012999790906906} ({'split': 'test'})
cross_entropy: {'epoch': 183, 'value': 0.408895394578576} ({'split': 'test'})
Epoch 184
accuracy: {'epoch': 184, 'value': 0.9991599999999999} ({'split': 'train'})
cross_entropy: {'epoch': 184, 'value': 0.0060210745789110644} ({'split': 'train'})
accuracy: {'epoch': 184, 'value': 0.9012999820709228} ({'split': 'test'})
cross_entropy: {'epoch': 184, 'value': 0.40509880095720285} ({'split': 'test'})
Epoch 185
accuracy: {'epoch': 185, 'value': 0.9995399999999997} ({'split': 'train'})
cross_entropy: {'epoch': 185, 'value': 0.005512897564023737} ({'split': 'train'})
accuracy: {'epoch': 185, 'value': 0.9026999795436859} ({'split': 'test'})
cross_entropy: {'epoch': 185, 'value': 0.40295530676841734} ({'split': 'test'})
Epoch 186
accuracy: {'epoch': 186, 'value': 0.9994799999999999} ({'split': 'train'})
cross_entropy: {'epoch': 186, 'value': 0.005520019739568231} ({'split': 'train'})
accuracy: {'epoch': 186, 'value': 0.9019999819993975} ({'split': 'test'})
cross_entropy: {'epoch': 186, 'value': 0.4046429627388715} ({'split': 'test'})
Epoch 187
accuracy: {'epoch': 187, 'value': 0.9993999999999996} ({'split': 'train'})
cross_entropy: {'epoch': 187, 'value': 0.0057639873690903155} ({'split': 'train'})
accuracy: {'epoch': 187, 'value': 0.9019999796152116} ({'split': 'test'})
cross_entropy: {'epoch': 187, 'value': 0.4077397933602332} ({'split': 'test'})
Epoch 188
accuracy: {'epoch': 188, 'value': 0.9993199999999997} ({'split': 'train'})
cross_entropy: {'epoch': 188, 'value': 0.0059078396871686005} ({'split': 'train'})
accuracy: {'epoch': 188, 'value': 0.9028999835252758} ({'split': 'test'})
cross_entropy: {'epoch': 188, 'value': 0.40558083310723325} ({'split': 'test'})
Epoch 189
accuracy: {'epoch': 189, 'value': 0.99942} ({'split': 'train'})
cross_entropy: {'epoch': 189, 'value': 0.0055016330651938925} ({'split': 'train'})
accuracy: {'epoch': 189, 'value': 0.9043999797105788} ({'split': 'test'})
cross_entropy: {'epoch': 189, 'value': 0.4013044507056474} ({'split': 'test'})
Epoch 190
accuracy: {'epoch': 190, 'value': 0.99956} ({'split': 'train'})
cross_entropy: {'epoch': 190, 'value': 0.005495666369795799} ({'split': 'train'})
accuracy: {'epoch': 190, 'value': 0.9029999816417694} ({'split': 'test'})
cross_entropy: {'epoch': 190, 'value': 0.40688092321157454} ({'split': 'test'})
Epoch 191
accuracy: {'epoch': 191, 'value': 0.9995199999999999} ({'split': 'train'})
cross_entropy: {'epoch': 191, 'value': 0.005543274125158789} ({'split': 'train'})
accuracy: {'epoch': 191, 'value': 0.9033999812602999} ({'split': 'test'})
cross_entropy: {'epoch': 191, 'value': 0.40949165090918543} ({'split': 'test'})
Epoch 192
accuracy: {'epoch': 192, 'value': 0.9995000000190734} ({'split': 'train'})
cross_entropy: {'epoch': 192, 'value': 0.005756836137175561} ({'split': 'train'})
accuracy: {'epoch': 192, 'value': 0.9021999818086623} ({'split': 'test'})
cross_entropy: {'epoch': 192, 'value': 0.4058903685212134} ({'split': 'test'})
Epoch 193
accuracy: {'epoch': 193, 'value': 0.9993600000000001} ({'split': 'train'})
cross_entropy: {'epoch': 193, 'value': 0.005743669656813145} ({'split': 'train'})
accuracy: {'epoch': 193, 'value': 0.9028999793529509} ({'split': 'test'})
cross_entropy: {'epoch': 193, 'value': 0.40503234259784227} ({'split': 'test'})
Epoch 194
accuracy: {'epoch': 194, 'value': 0.9996199999999996} ({'split': 'train'})
cross_entropy: {'epoch': 194, 'value': 0.005301738721653823} ({'split': 'train'})
accuracy: {'epoch': 194, 'value': 0.902899980545044} ({'split': 'test'})
cross_entropy: {'epoch': 194, 'value': 0.4104166799038648} ({'split': 'test'})
Epoch 195
accuracy: {'epoch': 195, 'value': 0.9995199999999997} ({'split': 'train'})
cross_entropy: {'epoch': 195, 'value': 0.005502002760097386} ({'split': 'train'})
accuracy: {'epoch': 195, 'value': 0.9021999806165696} ({'split': 'test'})
cross_entropy: {'epoch': 195, 'value': 0.41353422395885} ({'split': 'test'})
Epoch 196
accuracy: {'epoch': 196, 'value': 0.9994599999999998} ({'split': 'train'})
cross_entropy: {'epoch': 196, 'value': 0.005883987542837856} ({'split': 'train'})
accuracy: {'epoch': 196, 'value': 0.9008999812602996} ({'split': 'test'})
cross_entropy: {'epoch': 196, 'value': 0.4075459510087967} ({'split': 'test'})
Epoch 197
accuracy: {'epoch': 197, 'value': 0.9995799999999998} ({'split': 'train'})
cross_entropy: {'epoch': 197, 'value': 0.005519422310590751} ({'split': 'train'})
accuracy: {'epoch': 197, 'value': 0.9027999806404114} ({'split': 'test'})
cross_entropy: {'epoch': 197, 'value': 0.4077098317444325} ({'split': 'test'})
Epoch 198
accuracy: {'epoch': 198, 'value': 0.9995599999999997} ({'split': 'train'})
cross_entropy: {'epoch': 198, 'value': 0.005443102748244999} ({'split': 'train'})
accuracy: {'epoch': 198, 'value': 0.9000999820232392} ({'split': 'test'})
cross_entropy: {'epoch': 198, 'value': 0.4113156700134278} ({'split': 'test'})
Epoch 199
accuracy: {'epoch': 199, 'value': 0.9995600000000001} ({'split': 'train'})
cross_entropy: {'epoch': 199, 'value': 0.005495683441981675} ({'split': 'train'})
accuracy: {'epoch': 199, 'value': 0.9030999785661695} ({'split': 'test'})
cross_entropy: {'epoch': 199, 'value': 0.4088995005190372} ({'split': 'test'})
Epoch 200
accuracy: {'epoch': 200, 'value': 0.99946} ({'split': 'train'})
cross_entropy: {'epoch': 200, 'value': 0.005695741421878338} ({'split': 'train'})
accuracy: {'epoch': 200, 'value': 0.900699979662895} ({'split': 'test'})
cross_entropy: {'epoch': 200, 'value': 0.4202399259805678} ({'split': 'test'})
Epoch 201
accuracy: {'epoch': 201, 'value': 0.9994399999999997} ({'split': 'train'})
cross_entropy: {'epoch': 201, 'value': 0.005929675029963254} ({'split': 'train'})
accuracy: {'epoch': 201, 'value': 0.9006999814510348} ({'split': 'test'})
cross_entropy: {'epoch': 201, 'value': 0.4130513773858546} ({'split': 'test'})
Epoch 202
accuracy: {'epoch': 202, 'value': 0.9994600000000003} ({'split': 'train'})
cross_entropy: {'epoch': 202, 'value': 0.005768234001360831} ({'split': 'train'})
accuracy: {'epoch': 202, 'value': 0.9030999809503558} ({'split': 'test'})
cross_entropy: {'epoch': 202, 'value': 0.4119533117860555} ({'split': 'test'})
Epoch 203
accuracy: {'epoch': 203, 'value': 0.9997000000000003} ({'split': 'train'})
cross_entropy: {'epoch': 203, 'value': 0.005427666880935433} ({'split': 'train'})
accuracy: {'epoch': 203, 'value': 0.9027999800443651} ({'split': 'test'})
cross_entropy: {'epoch': 203, 'value': 0.4102483510971069} ({'split': 'test'})
Epoch 204
accuracy: {'epoch': 204, 'value': 0.9996199999999996} ({'split': 'train'})
cross_entropy: {'epoch': 204, 'value': 0.0057028171552717674} ({'split': 'train'})
accuracy: {'epoch': 204, 'value': 0.9026999801397326} ({'split': 'test'})
cross_entropy: {'epoch': 204, 'value': 0.40476803630590436} ({'split': 'test'})
Epoch 205
accuracy: {'epoch': 205, 'value': 0.9994399999999997} ({'split': 'train'})
cross_entropy: {'epoch': 205, 'value': 0.005920989356338977} ({'split': 'train'})
accuracy: {'epoch': 205, 'value': 0.901599981188774} ({'split': 'test'})
cross_entropy: {'epoch': 205, 'value': 0.42037156566977496} ({'split': 'test'})
Epoch 206
accuracy: {'epoch': 206, 'value': 0.9994799999999998} ({'split': 'train'})
cross_entropy: {'epoch': 206, 'value': 0.006021183012425899} ({'split': 'train'})
accuracy: {'epoch': 206, 'value': 0.9012999826669691} ({'split': 'test'})
cross_entropy: {'epoch': 206, 'value': 0.4171791358292104} ({'split': 'test'})
Epoch 207
slurmstepd: error: *** STEP 4584.0 ON studgpu-node01 CANCELLED AT 2024-01-04T21:53:31 ***
