/home/mhussein/.local/lib/python3.10/site-packages/torch/utils/data/dataloader.py:557: UserWarning: This DataLoader will create 2 worker processes in total. Our suggested max number of worker in current system is 1, which is smaller than what this DataLoader is going to create. Please be aware that excessive worker creation might get DataLoader running slow or even freeze, lower the worker number to avoid potential slowness/freeze if necessary.
  warnings.warn(_create_warning_msg(
------- Setting up parameters -------
dumping parameters at  /home/mhussein/otfusion_DL_project/exp_sample_quantize/configurations
The parameters are: 
 Namespace(n_epochs=300, batch_size_train=64, batch_size_test=1000, learning_rate=0.01, momentum=0.5, log_interval=100, to_download=False, disable_bias=True, dataset='Cifar10', num_models=2, model_name='vgg11_nobias', config_file=None, config_dir='/home/mhussein/otfusion_DL_project/exp_sample_quantize/configurations', num_hidden_nodes=400, num_hidden_nodes1=400, num_hidden_nodes2=200, num_hidden_nodes3=100, num_hidden_nodes4=50, sweep_id=90, gpu_id=-1, skip_last_layer=False, skip_last_layer_type='average', debug=False, cifar_style_data=False, activation_histograms=False, act_num_samples=100, softmax_temperature=1, activation_mode=None, options_type='generic', deprecated=None, save_result_file='sample_quantize.csv', sweep_name='exp_sample_quantize', reg=0.01, reg_m=0.001, ground_metric='euclidean', ground_metric_normalize='none', not_squared=True, clip_gm=False, clip_min=0, clip_max=5, tmap_stats=False, ensemble_step=0.5, ground_metric_eff=True, retrain=0, retrain_lr_decay=-1, retrain_lr_decay_factor=None, retrain_lr_decay_epochs=None, retrain_avg_only=False, retrain_geometric_only=True, load_models='./cifar_models/', ckpt_type='best', recheck_cifar=True, recheck_acc=False, eval_aligned=False, enable_dropout=False, dump_model=False, dump_final_models=False, correction=True, activation_seed=21, weight_stats=True, sinkhorn_type='normal', geom_ensemble_type='wts', act_bug=False, standardize_acts=False, transform_acts=False, center_acts=False, prelu_acts=True, pool_acts=False, pool_relu=False, normalize_acts=False, normalize_wts=False, gromov=False, gromov_loss='square_loss', tensorboard_root='./tensorboard', tensorboard=False, same_model=-1, dist_normalize=False, update_acts=False, past_correction=True, partial_reshape=False, choice='0 2 4 6 8', diff_init=False, partition_type='labels', personal_class_idx=9, partition_dataloader=-1, personal_split_frac=0.1, exact=True, skip_personal_idx=False, prediction_wts=False, width_ratio=1, proper_marginals=False, retrain_seed=-1, no_random_trainloaders=False, reinit_trainloaders=False, second_model_name=None, print_distances=False, deterministic=False, skip_retrain=-1, importance=None, unbalanced=False, temperature=20, alpha=0.7, dist_epochs=60, handle_skips=False, prune_frac=0.5, timestamp='2024-01-04_22-10-37_704723', rootdir='/home/mhussein/otfusion_DL_project/exp_sample_quantize', baseroot='/home/mhussein/otfusion_DL_project', result_dir='/home/mhussein/otfusion_DL_project/exp_sample_quantize/results', exp_name='exp_2024-01-04_22-10-37_704723', csv_dir='/home/mhussein/otfusion_DL_project/exp_sample_quantize/csv')
refactored get_config
------- Loading pre-trained models -------
loading cifar10 dataloaders
Files already downloaded and verified
Files already downloaded and verified
Files already downloaded and verified
Files already downloaded and verified
loading model with idx 0 and checkpoint_type is best
in _make_layers [Conv2d(3, 64, kernel_size=(3, 3), stride=(1, 1), padding=(1, 1), bias=False), ReLU(), MaxPool2d(kernel_size=2, stride=2, padding=0, dilation=1, ceil_mode=False), Conv2d(64, 128, kernel_size=(3, 3), stride=(1, 1), padding=(1, 1), bias=False), ReLU(), MaxPool2d(kernel_size=2, stride=2, padding=0, dilation=1, ceil_mode=False), Conv2d(128, 256, kernel_size=(3, 3), stride=(1, 1), padding=(1, 1), bias=False), ReLU(), Conv2d(256, 256, kernel_size=(3, 3), stride=(1, 1), padding=(1, 1), bias=False), ReLU(), MaxPool2d(kernel_size=2, stride=2, padding=0, dilation=1, ceil_mode=False), Conv2d(256, 512, kernel_size=(3, 3), stride=(1, 1), padding=(1, 1), bias=False), ReLU(), Conv2d(512, 512, kernel_size=(3, 3), stride=(1, 1), padding=(1, 1), bias=False), ReLU(), MaxPool2d(kernel_size=2, stride=2, padding=0, dilation=1, ceil_mode=False), Conv2d(512, 512, kernel_size=(3, 3), stride=(1, 1), padding=(1, 1), bias=False), ReLU(), Conv2d(512, 512, kernel_size=(3, 3), stride=(1, 1), padding=(1, 1), bias=False), ReLU(), MaxPool2d(kernel_size=2, stride=2, padding=0, dilation=1, ceil_mode=False), AvgPool2d(kernel_size=1, stride=1, padding=0)]
Relu Inplace is  False
Loading model at path ./cifar_models/model_0/best.checkpoint which had accuracy 0.9030999821424489 and at epoch 127
loading model with idx 1 and checkpoint_type is best
in _make_layers [Conv2d(3, 64, kernel_size=(3, 3), stride=(1, 1), padding=(1, 1), bias=False), ReLU(), MaxPool2d(kernel_size=2, stride=2, padding=0, dilation=1, ceil_mode=False), Conv2d(64, 128, kernel_size=(3, 3), stride=(1, 1), padding=(1, 1), bias=False), ReLU(), MaxPool2d(kernel_size=2, stride=2, padding=0, dilation=1, ceil_mode=False), Conv2d(128, 256, kernel_size=(3, 3), stride=(1, 1), padding=(1, 1), bias=False), ReLU(), Conv2d(256, 256, kernel_size=(3, 3), stride=(1, 1), padding=(1, 1), bias=False), ReLU(), MaxPool2d(kernel_size=2, stride=2, padding=0, dilation=1, ceil_mode=False), Conv2d(256, 512, kernel_size=(3, 3), stride=(1, 1), padding=(1, 1), bias=False), ReLU(), Conv2d(512, 512, kernel_size=(3, 3), stride=(1, 1), padding=(1, 1), bias=False), ReLU(), MaxPool2d(kernel_size=2, stride=2, padding=0, dilation=1, ceil_mode=False), Conv2d(512, 512, kernel_size=(3, 3), stride=(1, 1), padding=(1, 1), bias=False), ReLU(), Conv2d(512, 512, kernel_size=(3, 3), stride=(1, 1), padding=(1, 1), bias=False), ReLU(), MaxPool2d(kernel_size=2, stride=2, padding=0, dilation=1, ceil_mode=False), AvgPool2d(kernel_size=1, stride=1, padding=0)]
Relu Inplace is  False
Loading model at path ./cifar_models/model_1/best.checkpoint which had accuracy 0.9049999803304669 and at epoch 134
Done loading all the models

--------- Testing in global mode ---------
size of test_loader dataset:  10000

Test set: Avg. loss: 0.0041, Accuracy: 9031/10000 (90%)


--------- Testing in global mode ---------
/home/mhussein/.local/lib/python3.10/site-packages/torch/ao/quantization/fx/prepare.py:1755: UserWarning: Passing a QConfig dictionary to prepare is deprecated and will not be supported in a future version. Please pass in a QConfigMapping instead.
  warnings.warn(
/home/mhussein/.local/lib/python3.10/site-packages/torch/ao/quantization/observer.py:214: UserWarning: Please use quant_min and quant_max to specify the range for observers.                     reduce_range will be deprecated in a future release of PyTorch.
  warnings.warn(
size of test_loader dataset:  10000

Test set: Avg. loss: 0.0039, Accuracy: 9050/10000 (90%)

Rechecked accuracies are  [90.31, 90.5]
----------Quantize the 2 Parent models now---------
--------Rechecking accuracies again!--------

--------- Testing in global mode ---------
size of test_loader dataset:  10000

Test set: Avg. loss: 0.0041, Accuracy: 9026/10000 (90%)

----- Saving Quantized model0-------

--------- Testing in global mode ---------
size of test_loader dataset:  10000

Test set: Avg. loss: 0.0039, Accuracy: 9044/10000 (90%)

----- Saving Quantized model1-------
Rechecked accuracies are  [90.26, 90.44]
Activation Timer start
Activation Timer ends
------- Geometric Ensembling -------
Timer start
using independent method
in _make_layers [Conv2d(3, 64, kernel_size=(3, 3), stride=(1, 1), padding=(1, 1), bias=False), ReLU(), MaxPool2d(kernel_size=2, stride=2, padding=0, dilation=1, ceil_mode=False), Conv2d(64, 128, kernel_size=(3, 3), stride=(1, 1), padding=(1, 1), bias=False), ReLU(), MaxPool2d(kernel_size=2, stride=2, padding=0, dilation=1, ceil_mode=False), Conv2d(128, 256, kernel_size=(3, 3), stride=(1, 1), padding=(1, 1), bias=False), ReLU(), Conv2d(256, 256, kernel_size=(3, 3), stride=(1, 1), padding=(1, 1), bias=False), ReLU(), MaxPool2d(kernel_size=2, stride=2, padding=0, dilation=1, ceil_mode=False), Conv2d(256, 512, kernel_size=(3, 3), stride=(1, 1), padding=(1, 1), bias=False), ReLU(), Conv2d(512, 512, kernel_size=(3, 3), stride=(1, 1), padding=(1, 1), bias=False), ReLU(), MaxPool2d(kernel_size=2, stride=2, padding=0, dilation=1, ceil_mode=False), Conv2d(512, 512, kernel_size=(3, 3), stride=(1, 1), padding=(1, 1), bias=False), ReLU(), Conv2d(512, 512, kernel_size=(3, 3), stride=(1, 1), padding=(1, 1), bias=False), ReLU(), MaxPool2d(kernel_size=2, stride=2, padding=0, dilation=1, ceil_mode=False), AvgPool2d(kernel_size=1, stride=1, padding=0)]
Relu Inplace is  False

--------- Testing in global mode ---------
size of test_loader dataset:  10000

Test set: Avg. loss: 0.0230, Accuracy: 1000/10000 (10%)

len of model parameters and avg aligned layers is  0 0
len of model_state_dict is  38
len of param_list is  0
Traceback (most recent call last):
  File "/home/mhussein/otfusion_DL_project/main.py", line 185, in <module>
    geometric_acc, geometric_model = wasserstein_ensemble.geometric_ensembling_modularized(args, models, train_loader, test_loader, activations)
  File "/home/mhussein/otfusion_DL_project/wasserstein_ensemble.py", line 916, in geometric_ensembling_modularized
    return get_network_from_param_list(args, avg_aligned_layers, test_loader)
  File "/home/mhussein/otfusion_DL_project/wasserstein_ensemble.py", line 879, in get_network_from_param_list
    model_state_dict[key] = param_list[layer_idx]
IndexError: list index out of range
