/home/mhussein/.local/lib/python3.10/site-packages/torch/utils/data/dataloader.py:557: UserWarning: This DataLoader will create 2 worker processes in total. Our suggested max number of worker in current system is 1, which is smaller than what this DataLoader is going to create. Please be aware that excessive worker creation might get DataLoader running slow or even freeze, lower the worker number to avoid potential slowness/freeze if necessary.
  warnings.warn(_create_warning_msg(
/home/mhussein/.local/lib/python3.10/site-packages/torch/utils/data/dataloader.py:557: UserWarning: This DataLoader will create 2 worker processes in total. Our suggested max number of worker in current system is 1, which is smaller than what this DataLoader is going to create. Please be aware that excessive worker creation might get DataLoader running slow or even freeze, lower the worker number to avoid potential slowness/freeze if necessary.
  warnings.warn(_create_warning_msg(
slurmstepd: error: *** STEP 4862.0 ON studgpu-node01 CANCELLED AT 2024-01-06T18:03:27 ***
------- Setting up parameters -------
dumping parameters at  /home/mhussein/otfusion_DL_project/exp_cifar100_vgg11_retrain_no_pruning/configurations
The parameters are: 
 Namespace(n_epochs=300, batch_size_train=64, batch_size_test=1000, learning_rate=0.0001, momentum=0.5, log_interval=100, to_download=False, disable_bias=True, dataset='Cifar100', num_models=1, model_name='vgg11_nobias', config_file=None, config_dir='/home/mhussein/otfusion_DL_project/exp_cifar100_vgg11_retrain_no_pruning/configurations', num_hidden_nodes=400, num_hidden_nodes1=400, num_hidden_nodes2=200, num_hidden_nodes3=100, num_hidden_nodes4=50, sweep_id=90, gpu_id=0, skip_last_layer=False, skip_last_layer_type='average', debug=False, cifar_style_data=False, activation_histograms=False, act_num_samples=100, softmax_temperature=1, activation_mode=None, options_type='generic', deprecated=None, save_result_file='sample_cifar100_vgg11_retrain_no_pruning.csv', sweep_name='exp_cifar100_vgg11_retrain_no_pruning', reg=0.01, reg_m=0.001, ground_metric='euclidean', ground_metric_normalize='none', not_squared=True, clip_gm=False, clip_min=0, clip_max=5, tmap_stats=False, ensemble_step=0.5, ground_metric_eff=True, retrain=300, retrain_lr_decay=2.0, retrain_lr_decay_factor=2.0, retrain_lr_decay_epochs='30', retrain_avg_only=False, retrain_geometric_only=True, load_models='./exp_cifar100_vgg11_repeat_no_pruning/results/exp_cifar100_vgg11_repeat_no_pruning/', ckpt_type='best', recheck_cifar=True, recheck_acc=False, eval_aligned=False, enable_dropout=False, dump_model=False, dump_final_models=False, correction=True, activation_seed=21, weight_stats=True, sinkhorn_type='normal', geom_ensemble_type='wts', act_bug=False, standardize_acts=False, transform_acts=False, center_acts=False, prelu_acts=True, pool_acts=False, pool_relu=False, normalize_acts=False, normalize_wts=False, gromov=False, gromov_loss='square_loss', tensorboard_root='./tensorboard', tensorboard=False, same_model=-1, dist_normalize=False, update_acts=False, past_correction=True, partial_reshape=False, choice='0 2 4 6 8', diff_init=False, partition_type='labels', personal_class_idx=9, partition_dataloader=-1, personal_split_frac=0.1, exact=True, skip_personal_idx=False, prediction_wts=False, width_ratio=1, proper_marginals=False, retrain_seed=-1, no_random_trainloaders=False, reinit_trainloaders=False, second_model_name=None, print_distances=False, deterministic=False, skip_retrain=-1, importance=None, unbalanced=False, temperature=20, alpha=0.7, dist_epochs=60, handle_skips=False, prune=False, retrain_parents=True, prune_frac=0.5, prune_type='unstructured', experiment_name='cifar100_vgg11_retrain_no_pruning', timestamp='2024-01-07_01-58-20_681514', rootdir='/home/mhussein/otfusion_DL_project/exp_cifar100_vgg11_retrain_no_pruning', baseroot='/home/mhussein/otfusion_DL_project', result_dir='/home/mhussein/otfusion_DL_project/exp_cifar100_vgg11_retrain_no_pruning/results', exp_name='exp_cifar100_vgg11_retrain_no_pruning', csv_dir='/home/mhussein/otfusion_DL_project/exp_cifar100_vgg11_retrain_no_pruning/csv')
refactored get_config
------- Loading pre-trained models -------
loading cifar100 dataloaders
Files already downloaded and verified
Files already downloaded and verified
Files already downloaded and verified
Files already downloaded and verified
loading model with idx 0 and checkpoint_type is best
in _make_layers [Conv2d(3, 64, kernel_size=(3, 3), stride=(1, 1), padding=(1, 1), bias=False), ReLU(), MaxPool2d(kernel_size=2, stride=2, padding=0, dilation=1, ceil_mode=False), Conv2d(64, 128, kernel_size=(3, 3), stride=(1, 1), padding=(1, 1), bias=False), ReLU(), MaxPool2d(kernel_size=2, stride=2, padding=0, dilation=1, ceil_mode=False), Conv2d(128, 256, kernel_size=(3, 3), stride=(1, 1), padding=(1, 1), bias=False), ReLU(), Conv2d(256, 256, kernel_size=(3, 3), stride=(1, 1), padding=(1, 1), bias=False), ReLU(), MaxPool2d(kernel_size=2, stride=2, padding=0, dilation=1, ceil_mode=False), Conv2d(256, 512, kernel_size=(3, 3), stride=(1, 1), padding=(1, 1), bias=False), ReLU(), Conv2d(512, 512, kernel_size=(3, 3), stride=(1, 1), padding=(1, 1), bias=False), ReLU(), MaxPool2d(kernel_size=2, stride=2, padding=0, dilation=1, ceil_mode=False), Conv2d(512, 512, kernel_size=(3, 3), stride=(1, 1), padding=(1, 1), bias=False), ReLU(), Conv2d(512, 512, kernel_size=(3, 3), stride=(1, 1), padding=(1, 1), bias=False), ReLU(), MaxPool2d(kernel_size=2, stride=2, padding=0, dilation=1, ceil_mode=False), AvgPool2d(kernel_size=1, stride=1, padding=0)]
Relu Inplace is  False
model parameters are 
 [torch.Size([64, 3, 3, 3]), torch.Size([128, 64, 3, 3]), torch.Size([256, 128, 3, 3]), torch.Size([256, 256, 3, 3]), torch.Size([512, 256, 3, 3]), torch.Size([512, 512, 3, 3]), torch.Size([512, 512, 3, 3]), torch.Size([512, 512, 3, 3]), torch.Size([100, 512])]
Loading model at path ./exp_cifar100_vgg11_repeat_no_pruning/results/exp_cifar100_vgg11_repeat_no_pruning/model_0/best.checkpoint which had accuracy 54.34 and at epoch 65
Done loading all the models

--------- Testing in global mode ---------
size of test_loader dataset:  10000

Test set: Avg. loss: 0.0474, Accuracy: 5296/10000 (53%)

Rechecked accuracies are  [52.96]
optimizer_learning_rate is  5e-05

--------- Testing in global mode ---------
slurmstepd: error: *** STEP 4930.0 ON studgpu-node01 CANCELLED AT 2024-01-07T01:58:34 ***
