/home/mhussein/.local/lib/python3.10/site-packages/torch/optim/lr_scheduler.py:136: UserWarning: Detected call of `lr_scheduler.step()` before `optimizer.step()`. In PyTorch 1.1.0 and later, you should call them in the opposite order: `optimizer.step()` before `lr_scheduler.step()`.  Failure to do this will result in PyTorch skipping the first value of the learning rate schedule. See more details at https://pytorch.org/docs/stable/optim.html#how-to-adjust-learning-rate
  warnings.warn("Detected call of `lr_scheduler.step()` before `optimizer.step()`. "
/home/mhussein/.local/lib/python3.10/site-packages/torch/optim/lr_scheduler.py:149: UserWarning: The epoch parameter in `scheduler.step()` was not necessary and is being deprecated where possible. Please use `scheduler.step()` to step the scheduler. During the deprecation, if epoch is different from None, the closed form is used instead of the new chainable form, where available. Please open an issue if you are unable to replicate your use case: https://github.com/pytorch/pytorch/issues/new/choose.
  warnings.warn(EPOCH_DEPRECATION_WARNING, UserWarning)
------- Setting up parameters -------
dumping parameters at  /home/mhussein/otfusion_DL_project/exp_vgg11_cifar100_300_retrained/configurations
The parameters are: 
 Namespace(n_epochs=300, batch_size_train=64, batch_size_test=1000, learning_rate=0.01, momentum=0.5, log_interval=100, to_download=True, disable_bias=True, dataset='Cifar100', num_models=2, model_name='vgg11_nobias', config_file=None, config_dir='/home/mhussein/otfusion_DL_project/exp_vgg11_cifar100_300_retrained/configurations', num_hidden_nodes=400, num_hidden_nodes1=400, num_hidden_nodes2=200, num_hidden_nodes3=100, num_hidden_nodes4=50, sweep_id=90, gpu_id=0, skip_last_layer=False, skip_last_layer_type='average', debug=False, cifar_style_data=False, activation_histograms=False, act_num_samples=100, softmax_temperature=1, activation_mode=None, options_type='generic', deprecated=None, save_result_file='vgg11_cifar100_retrained.csv', sweep_name='exp_vgg11_cifar100_300_retrained', reg=0.01, reg_m=0.001, ground_metric='euclidean', ground_metric_normalize='none', not_squared=True, clip_gm=False, clip_min=0, clip_max=5, tmap_stats=False, ensemble_step=0.5, ground_metric_eff=True, retrain=300, retrain_lr_decay=-1, retrain_lr_decay_factor=None, retrain_lr_decay_epochs=None, retrain_avg_only=False, retrain_geometric_only=True, load_models='', ckpt_type='best', recheck_cifar=True, recheck_acc=False, eval_aligned=False, enable_dropout=False, dump_model=False, dump_final_models=True, correction=True, activation_seed=21, weight_stats=True, sinkhorn_type='normal', geom_ensemble_type='wts', act_bug=False, standardize_acts=False, transform_acts=False, center_acts=False, prelu_acts=True, pool_acts=False, pool_relu=False, normalize_acts=False, normalize_wts=False, gromov=False, gromov_loss='square_loss', tensorboard_root='./tensorboard', tensorboard=False, same_model=-1, dist_normalize=False, update_acts=False, past_correction=True, partial_reshape=False, choice='0 2 4 6 8', diff_init=False, partition_type='labels', personal_class_idx=9, partition_dataloader=-1, personal_split_frac=0.1, exact=True, skip_personal_idx=False, prediction_wts=False, width_ratio=1, proper_marginals=False, retrain_seed=-1, no_random_trainloaders=False, reinit_trainloaders=False, second_model_name='vgg11_nobias', print_distances=False, deterministic=False, skip_retrain=-1, importance=None, unbalanced=False, temperature=20, alpha=0.7, dist_epochs=60, handle_skips=False, timestamp='2024-01-03_14-32-40_982233', rootdir='/home/mhussein/otfusion_DL_project/exp_vgg11_cifar100_300_retrained', baseroot='/home/mhussein/otfusion_DL_project', result_dir='/home/mhussein/otfusion_DL_project/exp_vgg11_cifar100_300_retrained/results', exp_name='exp_2024-01-03_14-32-40_982233', csv_dir='/home/mhussein/otfusion_DL_project/exp_vgg11_cifar100_300_retrained/csv')
refactored get_config
------- Obtain dataloaders -------
Files already downloaded and verified
Files already downloaded and verified
Files already downloaded and verified
Files already downloaded and verified
------- Training independent models -------
in _make_layers [Conv2d(3, 64, kernel_size=(3, 3), stride=(1, 1), padding=(1, 1), bias=False), ReLU(), MaxPool2d(kernel_size=2, stride=2, padding=0, dilation=1, ceil_mode=False), Conv2d(64, 128, kernel_size=(3, 3), stride=(1, 1), padding=(1, 1), bias=False), ReLU(), MaxPool2d(kernel_size=2, stride=2, padding=0, dilation=1, ceil_mode=False), Conv2d(128, 256, kernel_size=(3, 3), stride=(1, 1), padding=(1, 1), bias=False), ReLU(), Conv2d(256, 256, kernel_size=(3, 3), stride=(1, 1), padding=(1, 1), bias=False), ReLU(), MaxPool2d(kernel_size=2, stride=2, padding=0, dilation=1, ceil_mode=False), Conv2d(256, 512, kernel_size=(3, 3), stride=(1, 1), padding=(1, 1), bias=False), ReLU(), Conv2d(512, 512, kernel_size=(3, 3), stride=(1, 1), padding=(1, 1), bias=False), ReLU(), MaxPool2d(kernel_size=2, stride=2, padding=0, dilation=1, ceil_mode=False), Conv2d(512, 512, kernel_size=(3, 3), stride=(1, 1), padding=(1, 1), bias=False), ReLU(), Conv2d(512, 512, kernel_size=(3, 3), stride=(1, 1), padding=(1, 1), bias=False), ReLU(), MaxPool2d(kernel_size=2, stride=2, padding=0, dilation=1, ceil_mode=False), AvgPool2d(kernel_size=1, stride=1, padding=0)]
Relu Inplace is  False
model parameters are 
 [torch.Size([64, 3, 3, 3]), torch.Size([128, 64, 3, 3]), torch.Size([256, 128, 3, 3]), torch.Size([256, 256, 3, 3]), torch.Size([512, 256, 3, 3]), torch.Size([512, 512, 3, 3]), torch.Size([512, 512, 3, 3]), torch.Size([512, 512, 3, 3]), torch.Size([100, 512])]
lr is  0.05

--------- Testing in global mode ---------
size of test_loader dataset:  10000

Test set: Avg. loss: 0.0046, Accuracy: 113/10000 (1%)

Train Epoch: 1 [0/50000 (0%)]	Loss: 4.605203
Train Epoch: 1 [6400/50000 (13%)]	Loss: 4.605114
Train Epoch: 1 [12800/50000 (26%)]	Loss: 4.605127
Train Epoch: 1 [19200/50000 (38%)]	Loss: 4.605140
Train Epoch: 1 [25600/50000 (51%)]	Loss: 4.605105
Train Epoch: 1 [32000/50000 (64%)]	Loss: 4.605084
Train Epoch: 1 [38400/50000 (77%)]	Loss: 4.605057
Train Epoch: 1 [44800/50000 (90%)]	Loss: 4.605099

--------- Testing in global mode ---------
size of test_loader dataset:  10000

Test set: Avg. loss: 0.0046, Accuracy: 152/10000 (2%)

A new best at epoch:: 1, with test acc:: 1.52, let's save it!
Train Epoch: 2 [0/50000 (0%)]	Loss: 4.605003
Train Epoch: 2 [6400/50000 (13%)]	Loss: 4.605227
Train Epoch: 2 [12800/50000 (26%)]	Loss: 4.605126
Train Epoch: 2 [19200/50000 (38%)]	Loss: 4.604057
Train Epoch: 2 [25600/50000 (51%)]	Loss: 4.606710
Train Epoch: 2 [32000/50000 (64%)]	Loss: 4.554252
Train Epoch: 2 [38400/50000 (77%)]	Loss: 4.722776
Train Epoch: 2 [44800/50000 (90%)]	Loss: 4.526638

--------- Testing in global mode ---------
size of test_loader dataset:  10000

Test set: Avg. loss: 0.0045, Accuracy: 102/10000 (1%)

Train Epoch: 3 [0/50000 (0%)]	Loss: 4.541535
Train Epoch: 3 [6400/50000 (13%)]	Loss: 4.502328
Train Epoch: 3 [12800/50000 (26%)]	Loss: 4.434455
Train Epoch: 3 [19200/50000 (38%)]	Loss: 4.448038
Train Epoch: 3 [25600/50000 (51%)]	Loss: 4.565952
Train Epoch: 3 [32000/50000 (64%)]	Loss: 4.347883
Train Epoch: 3 [38400/50000 (77%)]	Loss: 4.404988
Train Epoch: 3 [44800/50000 (90%)]	Loss: 4.327702

--------- Testing in global mode ---------
size of test_loader dataset:  10000

Test set: Avg. loss: 0.0043, Accuracy: 380/10000 (4%)

A new best at epoch:: 3, with test acc:: 3.8, let's save it!
Train Epoch: 4 [0/50000 (0%)]	Loss: 4.299178
Train Epoch: 4 [6400/50000 (13%)]	Loss: 4.166007
Train Epoch: 4 [12800/50000 (26%)]	Loss: 4.192536
Train Epoch: 4 [19200/50000 (38%)]	Loss: 4.141092
Train Epoch: 4 [25600/50000 (51%)]	Loss: 4.268332
Train Epoch: 4 [32000/50000 (64%)]	Loss: 4.010171
Train Epoch: 4 [38400/50000 (77%)]	Loss: 4.211638
Train Epoch: 4 [44800/50000 (90%)]	Loss: 4.098541

--------- Testing in global mode ---------
size of test_loader dataset:  10000

Test set: Avg. loss: 0.0041, Accuracy: 561/10000 (6%)

A new best at epoch:: 4, with test acc:: 5.61, let's save it!
Train Epoch: 5 [0/50000 (0%)]	Loss: 4.385231
Train Epoch: 5 [6400/50000 (13%)]	Loss: 4.135112
Train Epoch: 5 [12800/50000 (26%)]	Loss: 4.037940
Train Epoch: 5 [19200/50000 (38%)]	Loss: 3.880248
Train Epoch: 5 [25600/50000 (51%)]	Loss: 3.944588
Train Epoch: 5 [32000/50000 (64%)]	Loss: 3.995267
Train Epoch: 5 [38400/50000 (77%)]	Loss: 3.839960
Train Epoch: 5 [44800/50000 (90%)]	Loss: 3.855362

--------- Testing in global mode ---------
size of test_loader dataset:  10000

Test set: Avg. loss: 0.0038, Accuracy: 1166/10000 (12%)

A new best at epoch:: 5, with test acc:: 11.66, let's save it!
Train Epoch: 6 [0/50000 (0%)]	Loss: 3.618377
Train Epoch: 6 [6400/50000 (13%)]	Loss: 3.853152
Train Epoch: 6 [12800/50000 (26%)]	Loss: 3.492334
Train Epoch: 6 [19200/50000 (38%)]	Loss: 3.330985
Train Epoch: 6 [25600/50000 (51%)]	Loss: 3.338526
Train Epoch: 6 [32000/50000 (64%)]	Loss: 3.555193
Train Epoch: 6 [38400/50000 (77%)]	Loss: 3.397628
Train Epoch: 6 [44800/50000 (90%)]	Loss: 3.222501

--------- Testing in global mode ---------
size of test_loader dataset:  10000

Test set: Avg. loss: 0.0035, Accuracy: 1664/10000 (17%)

A new best at epoch:: 6, with test acc:: 16.64, let's save it!
Train Epoch: 7 [0/50000 (0%)]	Loss: 3.169687
Train Epoch: 7 [6400/50000 (13%)]	Loss: 3.306349
Train Epoch: 7 [12800/50000 (26%)]	Loss: 3.405123
Train Epoch: 7 [19200/50000 (38%)]	Loss: 3.152569
Train Epoch: 7 [25600/50000 (51%)]	Loss: 3.208022
Train Epoch: 7 [32000/50000 (64%)]	Loss: 3.101609
Train Epoch: 7 [38400/50000 (77%)]	Loss: 3.308475
Train Epoch: 7 [44800/50000 (90%)]	Loss: 3.141188

--------- Testing in global mode ---------
size of test_loader dataset:  10000

Test set: Avg. loss: 0.0032, Accuracy: 2201/10000 (22%)

A new best at epoch:: 7, with test acc:: 22.01, let's save it!
Train Epoch: 8 [0/50000 (0%)]	Loss: 3.053114
Train Epoch: 8 [6400/50000 (13%)]	Loss: 3.283589
Train Epoch: 8 [12800/50000 (26%)]	Loss: 2.585966
Train Epoch: 8 [19200/50000 (38%)]	Loss: 2.816175
Train Epoch: 8 [25600/50000 (51%)]	Loss: 2.801962
Train Epoch: 8 [32000/50000 (64%)]	Loss: 2.975621
Train Epoch: 8 [38400/50000 (77%)]	Loss: 3.127664
Train Epoch: 8 [44800/50000 (90%)]	Loss: 3.178101

--------- Testing in global mode ---------
size of test_loader dataset:  10000

Test set: Avg. loss: 0.0030, Accuracy: 2674/10000 (27%)

A new best at epoch:: 8, with test acc:: 26.74, let's save it!
Train Epoch: 9 [0/50000 (0%)]	Loss: 2.695544
Train Epoch: 9 [6400/50000 (13%)]	Loss: 2.990440
Train Epoch: 9 [12800/50000 (26%)]	Loss: 2.543067
Train Epoch: 9 [19200/50000 (38%)]	Loss: 2.819173
Train Epoch: 9 [25600/50000 (51%)]	Loss: 3.023450
Train Epoch: 9 [32000/50000 (64%)]	Loss: 2.571973
Train Epoch: 9 [38400/50000 (77%)]	Loss: 2.788770
Train Epoch: 9 [44800/50000 (90%)]	Loss: 2.770497

--------- Testing in global mode ---------
size of test_loader dataset:  10000

Test set: Avg. loss: 0.0028, Accuracy: 3151/10000 (32%)

A new best at epoch:: 9, with test acc:: 31.51, let's save it!
Train Epoch: 10 [0/50000 (0%)]	Loss: 2.557971
Train Epoch: 10 [6400/50000 (13%)]	Loss: 3.162641
Train Epoch: 10 [12800/50000 (26%)]	Loss: 2.919073
Train Epoch: 10 [19200/50000 (38%)]	Loss: 2.720719
Train Epoch: 10 [25600/50000 (51%)]	Loss: 2.631319
Train Epoch: 10 [32000/50000 (64%)]	Loss: 3.112993
Train Epoch: 10 [38400/50000 (77%)]	Loss: 2.667659
Train Epoch: 10 [44800/50000 (90%)]	Loss: 2.354802

--------- Testing in global mode ---------
size of test_loader dataset:  10000

Test set: Avg. loss: 0.0028, Accuracy: 2976/10000 (30%)

Train Epoch: 11 [0/50000 (0%)]	Loss: 2.491977
Train Epoch: 11 [6400/50000 (13%)]	Loss: 2.729526
Train Epoch: 11 [12800/50000 (26%)]	Loss: 2.758857
Train Epoch: 11 [19200/50000 (38%)]	Loss: 2.564679
Train Epoch: 11 [25600/50000 (51%)]	Loss: 2.926823
Train Epoch: 11 [32000/50000 (64%)]	Loss: 3.228907
Train Epoch: 11 [38400/50000 (77%)]	Loss: 2.725080
Train Epoch: 11 [44800/50000 (90%)]	Loss: 2.159820

--------- Testing in global mode ---------
size of test_loader dataset:  10000

Test set: Avg. loss: 0.0027, Accuracy: 3396/10000 (34%)

A new best at epoch:: 11, with test acc:: 33.96, let's save it!
Train Epoch: 12 [0/50000 (0%)]	Loss: 1.736541
Train Epoch: 12 [6400/50000 (13%)]	Loss: 2.057899
Train Epoch: 12 [12800/50000 (26%)]	Loss: 2.333713
Train Epoch: 12 [19200/50000 (38%)]	Loss: 2.197681
Train Epoch: 12 [25600/50000 (51%)]	Loss: 2.008040
Train Epoch: 12 [32000/50000 (64%)]	Loss: 2.069137
Train Epoch: 12 [38400/50000 (77%)]	Loss: 2.086848
Train Epoch: 12 [44800/50000 (90%)]	Loss: 2.444571

--------- Testing in global mode ---------
size of test_loader dataset:  10000

Test set: Avg. loss: 0.0026, Accuracy: 3503/10000 (35%)

A new best at epoch:: 12, with test acc:: 35.03, let's save it!
Train Epoch: 13 [0/50000 (0%)]	Loss: 2.373399
Train Epoch: 13 [6400/50000 (13%)]	Loss: 1.951531
Train Epoch: 13 [12800/50000 (26%)]	Loss: 2.229696
Train Epoch: 13 [19200/50000 (38%)]	Loss: 2.427161
Train Epoch: 13 [25600/50000 (51%)]	Loss: 2.136488
Train Epoch: 13 [32000/50000 (64%)]	Loss: 2.243115
Train Epoch: 13 [38400/50000 (77%)]	Loss: 2.729641
Train Epoch: 13 [44800/50000 (90%)]	Loss: 2.486927

--------- Testing in global mode ---------
size of test_loader dataset:  10000

Test set: Avg. loss: 0.0026, Accuracy: 3682/10000 (37%)

A new best at epoch:: 13, with test acc:: 36.82, let's save it!
Train Epoch: 14 [0/50000 (0%)]	Loss: 1.929289
Train Epoch: 14 [6400/50000 (13%)]	Loss: 2.516200
Train Epoch: 14 [12800/50000 (26%)]	Loss: 2.360297
Train Epoch: 14 [19200/50000 (38%)]	Loss: 1.860546
Train Epoch: 14 [25600/50000 (51%)]	Loss: 2.179772
Train Epoch: 14 [32000/50000 (64%)]	Loss: 2.264938
Train Epoch: 14 [38400/50000 (77%)]	Loss: 2.247473
Train Epoch: 14 [44800/50000 (90%)]	Loss: 2.263897

--------- Testing in global mode ---------
size of test_loader dataset:  10000

Test set: Avg. loss: 0.0026, Accuracy: 3640/10000 (36%)

Train Epoch: 15 [0/50000 (0%)]	Loss: 2.104303
Train Epoch: 15 [6400/50000 (13%)]	Loss: 1.996404
Train Epoch: 15 [12800/50000 (26%)]	Loss: 2.189512
Train Epoch: 15 [19200/50000 (38%)]	Loss: 2.207688
Train Epoch: 15 [25600/50000 (51%)]	Loss: 2.215637
Train Epoch: 15 [32000/50000 (64%)]	Loss: 2.277522
Train Epoch: 15 [38400/50000 (77%)]	Loss: 2.800516
Train Epoch: 15 [44800/50000 (90%)]	Loss: 2.238832

--------- Testing in global mode ---------
size of test_loader dataset:  10000

Test set: Avg. loss: 0.0027, Accuracy: 3534/10000 (35%)

Train Epoch: 16 [0/50000 (0%)]	Loss: 1.752523
Train Epoch: 16 [6400/50000 (13%)]	Loss: 1.953141
Train Epoch: 16 [12800/50000 (26%)]	Loss: 2.323134
Train Epoch: 16 [19200/50000 (38%)]	Loss: 2.580050
Train Epoch: 16 [25600/50000 (51%)]	Loss: 2.042976
Train Epoch: 16 [32000/50000 (64%)]	Loss: 2.147209
Train Epoch: 16 [38400/50000 (77%)]	Loss: 2.427405
Train Epoch: 16 [44800/50000 (90%)]	Loss: 2.294684

--------- Testing in global mode ---------
size of test_loader dataset:  10000

Test set: Avg. loss: 0.0027, Accuracy: 3560/10000 (36%)

Train Epoch: 17 [0/50000 (0%)]	Loss: 2.298815
Train Epoch: 17 [6400/50000 (13%)]	Loss: 2.069293
Train Epoch: 17 [12800/50000 (26%)]	Loss: 2.050127
Train Epoch: 17 [19200/50000 (38%)]	Loss: 2.275757
Train Epoch: 17 [25600/50000 (51%)]	Loss: 2.305244
Train Epoch: 17 [32000/50000 (64%)]	Loss: 2.229070
Train Epoch: 17 [38400/50000 (77%)]	Loss: 2.344803
Train Epoch: 17 [44800/50000 (90%)]	Loss: 2.300640

--------- Testing in global mode ---------
size of test_loader dataset:  10000

Test set: Avg. loss: 0.0026, Accuracy: 3830/10000 (38%)

A new best at epoch:: 17, with test acc:: 38.3, let's save it!
Train Epoch: 18 [0/50000 (0%)]	Loss: 1.757756
Train Epoch: 18 [6400/50000 (13%)]	Loss: 1.735213
Train Epoch: 18 [12800/50000 (26%)]	Loss: 2.175116
Train Epoch: 18 [19200/50000 (38%)]	Loss: 2.277924
Train Epoch: 18 [25600/50000 (51%)]	Loss: 2.743164
Train Epoch: 18 [32000/50000 (64%)]	Loss: 2.174109
Train Epoch: 18 [38400/50000 (77%)]	Loss: 2.248429
Train Epoch: 18 [44800/50000 (90%)]	Loss: 2.336061

--------- Testing in global mode ---------
size of test_loader dataset:  10000

Test set: Avg. loss: 0.0025, Accuracy: 3958/10000 (40%)

A new best at epoch:: 18, with test acc:: 39.58, let's save it!
Train Epoch: 19 [0/50000 (0%)]	Loss: 1.535231
Train Epoch: 19 [6400/50000 (13%)]	Loss: 2.098183
Train Epoch: 19 [12800/50000 (26%)]	Loss: 2.469905
Train Epoch: 19 [19200/50000 (38%)]	Loss: 2.151047
Train Epoch: 19 [25600/50000 (51%)]	Loss: 1.926778
Train Epoch: 19 [32000/50000 (64%)]	Loss: 2.072381
Train Epoch: 19 [38400/50000 (77%)]	Loss: 2.139665
Train Epoch: 19 [44800/50000 (90%)]	Loss: 2.033811

--------- Testing in global mode ---------
size of test_loader dataset:  10000

Test set: Avg. loss: 0.0026, Accuracy: 3826/10000 (38%)

Train Epoch: 20 [0/50000 (0%)]	Loss: 2.096146
Train Epoch: 20 [6400/50000 (13%)]	Loss: 1.680768
Train Epoch: 20 [12800/50000 (26%)]	Loss: 1.979582
Train Epoch: 20 [19200/50000 (38%)]	Loss: 2.479942
Train Epoch: 20 [25600/50000 (51%)]	Loss: 2.269564
Train Epoch: 20 [32000/50000 (64%)]	Loss: 2.148422
Train Epoch: 20 [38400/50000 (77%)]	Loss: 2.058122
Train Epoch: 20 [44800/50000 (90%)]	Loss: 2.307741

--------- Testing in global mode ---------
size of test_loader dataset:  10000

Test set: Avg. loss: 0.0026, Accuracy: 3867/10000 (39%)

Train Epoch: 21 [0/50000 (0%)]	Loss: 1.991708
Train Epoch: 21 [6400/50000 (13%)]	Loss: 2.002986
Train Epoch: 21 [12800/50000 (26%)]	Loss: 2.030056
Train Epoch: 21 [19200/50000 (38%)]	Loss: 2.224833
Train Epoch: 21 [25600/50000 (51%)]	Loss: 2.068487
Train Epoch: 21 [32000/50000 (64%)]	Loss: 2.268998
Train Epoch: 21 [38400/50000 (77%)]	Loss: 2.097419
Train Epoch: 21 [44800/50000 (90%)]	Loss: 2.604042

--------- Testing in global mode ---------
size of test_loader dataset:  10000

Test set: Avg. loss: 0.0026, Accuracy: 3665/10000 (37%)

Train Epoch: 22 [0/50000 (0%)]	Loss: 1.990217
Train Epoch: 22 [6400/50000 (13%)]	Loss: 1.732584
Train Epoch: 22 [12800/50000 (26%)]	Loss: 2.028262
Train Epoch: 22 [19200/50000 (38%)]	Loss: 2.430138
Train Epoch: 22 [25600/50000 (51%)]	Loss: 2.701494
Train Epoch: 22 [32000/50000 (64%)]	Loss: 2.252121
Train Epoch: 22 [38400/50000 (77%)]	Loss: 2.195333
Train Epoch: 22 [44800/50000 (90%)]	Loss: 2.413898

--------- Testing in global mode ---------
size of test_loader dataset:  10000

Test set: Avg. loss: 0.0026, Accuracy: 3881/10000 (39%)

Train Epoch: 23 [0/50000 (0%)]	Loss: 1.710567
Train Epoch: 23 [6400/50000 (13%)]	Loss: 1.572294
Train Epoch: 23 [12800/50000 (26%)]	Loss: 2.130090
Train Epoch: 23 [19200/50000 (38%)]	Loss: 2.088639
Train Epoch: 23 [25600/50000 (51%)]	Loss: 2.619007
Train Epoch: 23 [32000/50000 (64%)]	Loss: 2.154554
Train Epoch: 23 [38400/50000 (77%)]	Loss: 2.113213
Train Epoch: 23 [44800/50000 (90%)]	Loss: 2.392693

--------- Testing in global mode ---------
size of test_loader dataset:  10000

Test set: Avg. loss: 0.0026, Accuracy: 3853/10000 (39%)

Train Epoch: 24 [0/50000 (0%)]	Loss: 1.789516
Train Epoch: 24 [6400/50000 (13%)]	Loss: 1.978191
Train Epoch: 24 [12800/50000 (26%)]	Loss: 1.985162
Train Epoch: 24 [19200/50000 (38%)]	Loss: 2.006983
Train Epoch: 24 [25600/50000 (51%)]	Loss: 2.248425
Train Epoch: 24 [32000/50000 (64%)]	Loss: 1.803683
Train Epoch: 24 [38400/50000 (77%)]	Loss: 2.110033
Train Epoch: 24 [44800/50000 (90%)]	Loss: 2.358634

--------- Testing in global mode ---------
size of test_loader dataset:  10000

Test set: Avg. loss: 0.0026, Accuracy: 3960/10000 (40%)

A new best at epoch:: 24, with test acc:: 39.6, let's save it!
Train Epoch: 25 [0/50000 (0%)]	Loss: 1.714575
Train Epoch: 25 [6400/50000 (13%)]	Loss: 2.461972
Train Epoch: 25 [12800/50000 (26%)]	Loss: 2.211086
Train Epoch: 25 [19200/50000 (38%)]	Loss: 1.789921
Train Epoch: 25 [25600/50000 (51%)]	Loss: 2.226426
Train Epoch: 25 [32000/50000 (64%)]	Loss: 1.901654
Train Epoch: 25 [38400/50000 (77%)]	Loss: 2.249369
Train Epoch: 25 [44800/50000 (90%)]	Loss: 2.216767

--------- Testing in global mode ---------
size of test_loader dataset:  10000

Test set: Avg. loss: 0.0028, Accuracy: 3622/10000 (36%)

Train Epoch: 26 [0/50000 (0%)]	Loss: 1.794626
Train Epoch: 26 [6400/50000 (13%)]	Loss: 2.065718
Train Epoch: 26 [12800/50000 (26%)]	Loss: 1.755715
Train Epoch: 26 [19200/50000 (38%)]	Loss: 2.448947
Train Epoch: 26 [25600/50000 (51%)]	Loss: 2.357086
Train Epoch: 26 [32000/50000 (64%)]	Loss: 2.020896
Train Epoch: 26 [38400/50000 (77%)]	Loss: 1.991713
Train Epoch: 26 [44800/50000 (90%)]	Loss: 1.822749

--------- Testing in global mode ---------
size of test_loader dataset:  10000

Test set: Avg. loss: 0.0027, Accuracy: 3768/10000 (38%)

Train Epoch: 27 [0/50000 (0%)]	Loss: 2.008731
Train Epoch: 27 [6400/50000 (13%)]	Loss: 2.178779
Train Epoch: 27 [12800/50000 (26%)]	Loss: 1.774515
Train Epoch: 27 [19200/50000 (38%)]	Loss: 2.011663
Train Epoch: 27 [25600/50000 (51%)]	Loss: 2.343099
Train Epoch: 27 [32000/50000 (64%)]	Loss: 2.113367
Train Epoch: 27 [38400/50000 (77%)]	Loss: 1.984413
Train Epoch: 27 [44800/50000 (90%)]	Loss: 2.368350

--------- Testing in global mode ---------
size of test_loader dataset:  10000

Test set: Avg. loss: 0.0027, Accuracy: 3591/10000 (36%)

Train Epoch: 28 [0/50000 (0%)]	Loss: 2.044389
Train Epoch: 28 [6400/50000 (13%)]	Loss: 2.085063
Train Epoch: 28 [12800/50000 (26%)]	Loss: 1.906576
Train Epoch: 28 [19200/50000 (38%)]	Loss: 1.552174
Train Epoch: 28 [25600/50000 (51%)]	Loss: 2.124466
Train Epoch: 28 [32000/50000 (64%)]	Loss: 2.481629
Train Epoch: 28 [38400/50000 (77%)]	Loss: 1.712869
Train Epoch: 28 [44800/50000 (90%)]	Loss: 2.117702

--------- Testing in global mode ---------
size of test_loader dataset:  10000

Test set: Avg. loss: 0.0026, Accuracy: 3824/10000 (38%)

Train Epoch: 29 [0/50000 (0%)]	Loss: 1.583755
Train Epoch: 29 [6400/50000 (13%)]	Loss: 2.550542
Train Epoch: 29 [12800/50000 (26%)]	Loss: 2.049124
Train Epoch: 29 [19200/50000 (38%)]	Loss: 2.598567
Train Epoch: 29 [25600/50000 (51%)]	Loss: 1.911029
Train Epoch: 29 [32000/50000 (64%)]	Loss: 2.299263
Train Epoch: 29 [38400/50000 (77%)]	Loss: 1.966611
Train Epoch: 29 [44800/50000 (90%)]	Loss: 1.816970

--------- Testing in global mode ---------
size of test_loader dataset:  10000

Test set: Avg. loss: 0.0027, Accuracy: 3711/10000 (37%)

Train Epoch: 30 [0/50000 (0%)]	Loss: 1.667782
Train Epoch: 30 [6400/50000 (13%)]	Loss: 1.095647
Train Epoch: 30 [12800/50000 (26%)]	Loss: 1.514601
Train Epoch: 30 [19200/50000 (38%)]	Loss: 1.170681
Train Epoch: 30 [25600/50000 (51%)]	Loss: 1.228933
Train Epoch: 30 [32000/50000 (64%)]	Loss: 1.266769
Train Epoch: 30 [38400/50000 (77%)]	Loss: 1.313534
Train Epoch: 30 [44800/50000 (90%)]	Loss: 1.233411

--------- Testing in global mode ---------
size of test_loader dataset:  10000

Test set: Avg. loss: 0.0022, Accuracy: 4813/10000 (48%)

A new best at epoch:: 30, with test acc:: 48.13, let's save it!
Train Epoch: 31 [0/50000 (0%)]	Loss: 0.633225
Train Epoch: 31 [6400/50000 (13%)]	Loss: 0.856201
Train Epoch: 31 [12800/50000 (26%)]	Loss: 0.706640
Train Epoch: 31 [19200/50000 (38%)]	Loss: 0.829170
Train Epoch: 31 [25600/50000 (51%)]	Loss: 1.106388
Train Epoch: 31 [32000/50000 (64%)]	Loss: 0.495335
Train Epoch: 31 [38400/50000 (77%)]	Loss: 0.718089
Train Epoch: 31 [44800/50000 (90%)]	Loss: 0.780544

--------- Testing in global mode ---------
size of test_loader dataset:  10000

Test set: Avg. loss: 0.0022, Accuracy: 4916/10000 (49%)

A new best at epoch:: 31, with test acc:: 49.16, let's save it!
Train Epoch: 32 [0/50000 (0%)]	Loss: 0.423912
Train Epoch: 32 [6400/50000 (13%)]	Loss: 0.584397
Train Epoch: 32 [12800/50000 (26%)]	Loss: 0.549968
Train Epoch: 32 [19200/50000 (38%)]	Loss: 0.673234
Train Epoch: 32 [25600/50000 (51%)]	Loss: 0.306804
Train Epoch: 32 [32000/50000 (64%)]	Loss: 0.627346
Train Epoch: 32 [38400/50000 (77%)]	Loss: 0.561159
Train Epoch: 32 [44800/50000 (90%)]	Loss: 1.009418

--------- Testing in global mode ---------
size of test_loader dataset:  10000

Test set: Avg. loss: 0.0025, Accuracy: 4910/10000 (49%)

Train Epoch: 33 [0/50000 (0%)]	Loss: 0.429130
Train Epoch: 33 [6400/50000 (13%)]	Loss: 0.545988
Train Epoch: 33 [12800/50000 (26%)]	Loss: 0.524789
Train Epoch: 33 [19200/50000 (38%)]	Loss: 0.606191
Train Epoch: 33 [25600/50000 (51%)]	Loss: 0.597020
Train Epoch: 33 [32000/50000 (64%)]	Loss: 0.960235
Train Epoch: 33 [38400/50000 (77%)]	Loss: 0.748415
Train Epoch: 33 [44800/50000 (90%)]	Loss: 0.737288

--------- Testing in global mode ---------
size of test_loader dataset:  10000

Test set: Avg. loss: 0.0024, Accuracy: 4857/10000 (49%)

Train Epoch: 34 [0/50000 (0%)]	Loss: 0.311484
Train Epoch: 34 [6400/50000 (13%)]	Loss: 0.506057
Train Epoch: 34 [12800/50000 (26%)]	Loss: 0.308415
Train Epoch: 34 [19200/50000 (38%)]	Loss: 0.578516
Train Epoch: 34 [25600/50000 (51%)]	Loss: 0.539699
Train Epoch: 34 [32000/50000 (64%)]	Loss: 0.899667
Train Epoch: 34 [38400/50000 (77%)]	Loss: 0.882497
Train Epoch: 34 [44800/50000 (90%)]	Loss: 0.594160

--------- Testing in global mode ---------
size of test_loader dataset:  10000

Test set: Avg. loss: 0.0024, Accuracy: 4845/10000 (48%)

Train Epoch: 35 [0/50000 (0%)]	Loss: 0.293633
Train Epoch: 35 [6400/50000 (13%)]	Loss: 0.287404
Train Epoch: 35 [12800/50000 (26%)]	Loss: 0.493387
Train Epoch: 35 [19200/50000 (38%)]	Loss: 0.626251
Train Epoch: 35 [25600/50000 (51%)]	Loss: 0.667846
Train Epoch: 35 [32000/50000 (64%)]	Loss: 0.714880
Train Epoch: 35 [38400/50000 (77%)]	Loss: 0.725223
Train Epoch: 35 [44800/50000 (90%)]	Loss: 0.923999

--------- Testing in global mode ---------
size of test_loader dataset:  10000

Test set: Avg. loss: 0.0026, Accuracy: 4677/10000 (47%)

Train Epoch: 36 [0/50000 (0%)]	Loss: 0.587608
Train Epoch: 36 [6400/50000 (13%)]	Loss: 0.486939
Train Epoch: 36 [12800/50000 (26%)]	Loss: 0.616383
Train Epoch: 36 [19200/50000 (38%)]	Loss: 0.416716
Train Epoch: 36 [25600/50000 (51%)]	Loss: 0.914276
Train Epoch: 36 [32000/50000 (64%)]	Loss: 0.606735
Train Epoch: 36 [38400/50000 (77%)]	Loss: 0.693569
Train Epoch: 36 [44800/50000 (90%)]	Loss: 0.680269

--------- Testing in global mode ---------
size of test_loader dataset:  10000

Test set: Avg. loss: 0.0026, Accuracy: 4692/10000 (47%)

Train Epoch: 37 [0/50000 (0%)]	Loss: 0.837717
Train Epoch: 37 [6400/50000 (13%)]	Loss: 0.306078
Train Epoch: 37 [12800/50000 (26%)]	Loss: 0.391456
Train Epoch: 37 [19200/50000 (38%)]	Loss: 0.626872
Train Epoch: 37 [25600/50000 (51%)]	Loss: 0.628894
Train Epoch: 37 [32000/50000 (64%)]	Loss: 0.703033
Train Epoch: 37 [38400/50000 (77%)]	Loss: 0.861593
Train Epoch: 37 [44800/50000 (90%)]	Loss: 0.671109

--------- Testing in global mode ---------
size of test_loader dataset:  10000

Test set: Avg. loss: 0.0027, Accuracy: 4678/10000 (47%)

Train Epoch: 38 [0/50000 (0%)]	Loss: 0.445891
Train Epoch: 38 [6400/50000 (13%)]	Loss: 0.331300
Train Epoch: 38 [12800/50000 (26%)]	Loss: 0.452399
Train Epoch: 38 [19200/50000 (38%)]	Loss: 0.702805
Train Epoch: 38 [25600/50000 (51%)]	Loss: 0.439029
Train Epoch: 38 [32000/50000 (64%)]	Loss: 0.391483
Train Epoch: 38 [38400/50000 (77%)]	Loss: 0.855776
Train Epoch: 38 [44800/50000 (90%)]	Loss: 0.576377

--------- Testing in global mode ---------
size of test_loader dataset:  10000

Test set: Avg. loss: 0.0025, Accuracy: 4779/10000 (48%)

Train Epoch: 39 [0/50000 (0%)]	Loss: 0.373653
Train Epoch: 39 [6400/50000 (13%)]	Loss: 0.299176
Train Epoch: 39 [12800/50000 (26%)]	Loss: 0.458879
Train Epoch: 39 [19200/50000 (38%)]	Loss: 0.398413
Train Epoch: 39 [25600/50000 (51%)]	Loss: 0.841892
Train Epoch: 39 [32000/50000 (64%)]	Loss: 0.424032
Train Epoch: 39 [38400/50000 (77%)]	Loss: 0.749568
Train Epoch: 39 [44800/50000 (90%)]	Loss: 0.576641

--------- Testing in global mode ---------
size of test_loader dataset:  10000

Test set: Avg. loss: 0.0027, Accuracy: 4674/10000 (47%)

Train Epoch: 40 [0/50000 (0%)]	Loss: 0.334153
Train Epoch: 40 [6400/50000 (13%)]	Loss: 0.452178
Train Epoch: 40 [12800/50000 (26%)]	Loss: 0.456343
Train Epoch: 40 [19200/50000 (38%)]	Loss: 0.496709
Train Epoch: 40 [25600/50000 (51%)]	Loss: 0.491189
Train Epoch: 40 [32000/50000 (64%)]	Loss: 0.219960
Train Epoch: 40 [38400/50000 (77%)]	Loss: 0.787028
Train Epoch: 40 [44800/50000 (90%)]	Loss: 0.764489

--------- Testing in global mode ---------
size of test_loader dataset:  10000

Test set: Avg. loss: 0.0027, Accuracy: 4792/10000 (48%)

Train Epoch: 41 [0/50000 (0%)]	Loss: 0.436876
Train Epoch: 41 [6400/50000 (13%)]	Loss: 0.601887
Train Epoch: 41 [12800/50000 (26%)]	Loss: 0.609669
Train Epoch: 41 [19200/50000 (38%)]	Loss: 0.463938
Train Epoch: 41 [25600/50000 (51%)]	Loss: 0.583368
Train Epoch: 41 [32000/50000 (64%)]	Loss: 0.585873
Train Epoch: 41 [38400/50000 (77%)]	Loss: 0.883478
Train Epoch: 41 [44800/50000 (90%)]	Loss: 0.601689

--------- Testing in global mode ---------
size of test_loader dataset:  10000

Test set: Avg. loss: 0.0027, Accuracy: 4602/10000 (46%)

Train Epoch: 42 [0/50000 (0%)]	Loss: 0.687259
Train Epoch: 42 [6400/50000 (13%)]	Loss: 0.638021
Train Epoch: 42 [12800/50000 (26%)]	Loss: 0.396938
Train Epoch: 42 [19200/50000 (38%)]	Loss: 0.928010
Train Epoch: 42 [25600/50000 (51%)]	Loss: 0.392060
Train Epoch: 42 [32000/50000 (64%)]	Loss: 0.661419
Train Epoch: 42 [38400/50000 (77%)]	Loss: 0.402294
Train Epoch: 42 [44800/50000 (90%)]	Loss: 0.841332

--------- Testing in global mode ---------
size of test_loader dataset:  10000

Test set: Avg. loss: 0.0026, Accuracy: 4641/10000 (46%)

Train Epoch: 43 [0/50000 (0%)]	Loss: 0.543200
Train Epoch: 43 [6400/50000 (13%)]	Loss: 0.352787
Train Epoch: 43 [12800/50000 (26%)]	Loss: 0.424409
Train Epoch: 43 [19200/50000 (38%)]	Loss: 0.421750
Train Epoch: 43 [25600/50000 (51%)]	Loss: 0.721881
Train Epoch: 43 [32000/50000 (64%)]	Loss: 0.631483
Train Epoch: 43 [38400/50000 (77%)]	Loss: 0.797020
Train Epoch: 43 [44800/50000 (90%)]	Loss: 0.931020

--------- Testing in global mode ---------
size of test_loader dataset:  10000

Test set: Avg. loss: 0.0026, Accuracy: 4652/10000 (47%)

Train Epoch: 44 [0/50000 (0%)]	Loss: 0.615754
Train Epoch: 44 [6400/50000 (13%)]	Loss: 0.335236
Train Epoch: 44 [12800/50000 (26%)]	Loss: 0.336638
Train Epoch: 44 [19200/50000 (38%)]	Loss: 0.662331
Train Epoch: 44 [25600/50000 (51%)]	Loss: 0.455341
Train Epoch: 44 [32000/50000 (64%)]	Loss: 0.477560
Train Epoch: 44 [38400/50000 (77%)]	Loss: 0.458438
Train Epoch: 44 [44800/50000 (90%)]	Loss: 0.664683

--------- Testing in global mode ---------
size of test_loader dataset:  10000

Test set: Avg. loss: 0.0027, Accuracy: 4673/10000 (47%)

Train Epoch: 45 [0/50000 (0%)]	Loss: 0.418331
Train Epoch: 45 [6400/50000 (13%)]	Loss: 0.367317
Train Epoch: 45 [12800/50000 (26%)]	Loss: 0.551897
Train Epoch: 45 [19200/50000 (38%)]	Loss: 0.701272
Train Epoch: 45 [25600/50000 (51%)]	Loss: 0.709086
Train Epoch: 45 [32000/50000 (64%)]	Loss: 0.252479
Train Epoch: 45 [38400/50000 (77%)]	Loss: 0.397189
Train Epoch: 45 [44800/50000 (90%)]	Loss: 0.901914

--------- Testing in global mode ---------
size of test_loader dataset:  10000

Test set: Avg. loss: 0.0027, Accuracy: 4580/10000 (46%)

Train Epoch: 46 [0/50000 (0%)]	Loss: 0.587833
Train Epoch: 46 [6400/50000 (13%)]	Loss: 0.406261
Train Epoch: 46 [12800/50000 (26%)]	Loss: 0.285415
Train Epoch: 46 [19200/50000 (38%)]	Loss: 0.606471
Train Epoch: 46 [25600/50000 (51%)]	Loss: 0.634910
Train Epoch: 46 [32000/50000 (64%)]	Loss: 0.520619
Train Epoch: 46 [38400/50000 (77%)]	Loss: 0.470679
Train Epoch: 46 [44800/50000 (90%)]	Loss: 0.893216

--------- Testing in global mode ---------
size of test_loader dataset:  10000

Test set: Avg. loss: 0.0028, Accuracy: 4573/10000 (46%)

Train Epoch: 47 [0/50000 (0%)]	Loss: 0.446919
Train Epoch: 47 [6400/50000 (13%)]	Loss: 0.392316
Train Epoch: 47 [12800/50000 (26%)]	Loss: 0.381838
Train Epoch: 47 [19200/50000 (38%)]	Loss: 0.370100
Train Epoch: 47 [25600/50000 (51%)]	Loss: 0.636218
Train Epoch: 47 [32000/50000 (64%)]	Loss: 0.304619
Train Epoch: 47 [38400/50000 (77%)]	Loss: 1.021918
Train Epoch: 47 [44800/50000 (90%)]	Loss: 0.325417

--------- Testing in global mode ---------
size of test_loader dataset:  10000

Test set: Avg. loss: 0.0027, Accuracy: 4518/10000 (45%)

Train Epoch: 48 [0/50000 (0%)]	Loss: 0.449034
Train Epoch: 48 [6400/50000 (13%)]	Loss: 0.464241
Train Epoch: 48 [12800/50000 (26%)]	Loss: 0.571337
Train Epoch: 48 [19200/50000 (38%)]	Loss: 0.558478
Train Epoch: 48 [25600/50000 (51%)]	Loss: 0.706057
Train Epoch: 48 [32000/50000 (64%)]	Loss: 0.496073
Train Epoch: 48 [38400/50000 (77%)]	Loss: 0.934340
Train Epoch: 48 [44800/50000 (90%)]	Loss: 0.893459

--------- Testing in global mode ---------
size of test_loader dataset:  10000

Test set: Avg. loss: 0.0028, Accuracy: 4567/10000 (46%)

Train Epoch: 49 [0/50000 (0%)]	Loss: 0.463980
Train Epoch: 49 [6400/50000 (13%)]	Loss: 0.242358
Train Epoch: 49 [12800/50000 (26%)]	Loss: 0.178824
Train Epoch: 49 [19200/50000 (38%)]	Loss: 0.592545
Train Epoch: 49 [25600/50000 (51%)]	Loss: 0.580116
Train Epoch: 49 [32000/50000 (64%)]	Loss: 0.586005
Train Epoch: 49 [38400/50000 (77%)]	Loss: 0.571534
Train Epoch: 49 [44800/50000 (90%)]	Loss: 1.041361

--------- Testing in global mode ---------
size of test_loader dataset:  10000

Test set: Avg. loss: 0.0029, Accuracy: 4519/10000 (45%)

Train Epoch: 50 [0/50000 (0%)]	Loss: 0.498624
Train Epoch: 50 [6400/50000 (13%)]	Loss: 0.306703
Train Epoch: 50 [12800/50000 (26%)]	Loss: 0.371784
Train Epoch: 50 [19200/50000 (38%)]	Loss: 0.322928
Train Epoch: 50 [25600/50000 (51%)]	Loss: 0.623632
Train Epoch: 50 [32000/50000 (64%)]	Loss: 0.708088
Train Epoch: 50 [38400/50000 (77%)]	Loss: 0.643113
Train Epoch: 50 [44800/50000 (90%)]	Loss: 0.848151

--------- Testing in global mode ---------
size of test_loader dataset:  10000

Test set: Avg. loss: 0.0028, Accuracy: 4502/10000 (45%)

Train Epoch: 51 [0/50000 (0%)]	Loss: 0.407734
Train Epoch: 51 [6400/50000 (13%)]	Loss: 0.379257
Train Epoch: 51 [12800/50000 (26%)]	Loss: 0.541185
Train Epoch: 51 [19200/50000 (38%)]	Loss: 0.458487
Train Epoch: 51 [25600/50000 (51%)]	Loss: 0.596320
Train Epoch: 51 [32000/50000 (64%)]	Loss: 0.594480
Train Epoch: 51 [38400/50000 (77%)]	Loss: 0.632741
Train Epoch: 51 [44800/50000 (90%)]	Loss: 0.575401

--------- Testing in global mode ---------
size of test_loader dataset:  10000

Test set: Avg. loss: 0.0028, Accuracy: 4673/10000 (47%)

Train Epoch: 52 [0/50000 (0%)]	Loss: 0.279604
Train Epoch: 52 [6400/50000 (13%)]	Loss: 0.730095
Train Epoch: 52 [12800/50000 (26%)]	Loss: 0.153595
Train Epoch: 52 [19200/50000 (38%)]	Loss: 0.730170
Train Epoch: 52 [25600/50000 (51%)]	Loss: 0.621895
Train Epoch: 52 [32000/50000 (64%)]	Loss: 0.533046
Train Epoch: 52 [38400/50000 (77%)]	Loss: 0.656165
Train Epoch: 52 [44800/50000 (90%)]	Loss: 0.544325

--------- Testing in global mode ---------
size of test_loader dataset:  10000

Test set: Avg. loss: 0.0027, Accuracy: 4684/10000 (47%)

Train Epoch: 53 [0/50000 (0%)]	Loss: 0.531254
Train Epoch: 53 [6400/50000 (13%)]	Loss: 0.500399
Train Epoch: 53 [12800/50000 (26%)]	Loss: 0.150258
Train Epoch: 53 [19200/50000 (38%)]	Loss: 0.447101
Train Epoch: 53 [25600/50000 (51%)]	Loss: 0.912715
Train Epoch: 53 [32000/50000 (64%)]	Loss: 0.497950
Train Epoch: 53 [38400/50000 (77%)]	Loss: 0.633836
Train Epoch: 53 [44800/50000 (90%)]	Loss: 0.525141

--------- Testing in global mode ---------
size of test_loader dataset:  10000

Test set: Avg. loss: 0.0028, Accuracy: 4435/10000 (44%)

Train Epoch: 54 [0/50000 (0%)]	Loss: 0.332332
Train Epoch: 54 [6400/50000 (13%)]	Loss: 0.408838
Train Epoch: 54 [12800/50000 (26%)]	Loss: 0.479157
Train Epoch: 54 [19200/50000 (38%)]	Loss: 0.549598
Train Epoch: 54 [25600/50000 (51%)]	Loss: 0.715392
Train Epoch: 54 [32000/50000 (64%)]	Loss: 0.608699
Train Epoch: 54 [38400/50000 (77%)]	Loss: 0.725000
Train Epoch: 54 [44800/50000 (90%)]	Loss: 0.768450

--------- Testing in global mode ---------
size of test_loader dataset:  10000

Test set: Avg. loss: 0.0029, Accuracy: 4509/10000 (45%)

Train Epoch: 55 [0/50000 (0%)]	Loss: 0.367186
Train Epoch: 55 [6400/50000 (13%)]	Loss: 0.460615
Train Epoch: 55 [12800/50000 (26%)]	Loss: 0.274545
Train Epoch: 55 [19200/50000 (38%)]	Loss: 0.279951
Train Epoch: 55 [25600/50000 (51%)]	Loss: 0.324951
Train Epoch: 55 [32000/50000 (64%)]	Loss: 0.834035
Train Epoch: 55 [38400/50000 (77%)]	Loss: 0.589645
Train Epoch: 55 [44800/50000 (90%)]	Loss: 0.828160

--------- Testing in global mode ---------
size of test_loader dataset:  10000

Test set: Avg. loss: 0.0027, Accuracy: 4644/10000 (46%)

Train Epoch: 56 [0/50000 (0%)]	Loss: 0.246018
Train Epoch: 56 [6400/50000 (13%)]	Loss: 0.414165
Train Epoch: 56 [12800/50000 (26%)]	Loss: 0.424795
Train Epoch: 56 [19200/50000 (38%)]	Loss: 0.409099
Train Epoch: 56 [25600/50000 (51%)]	Loss: 0.431735
Train Epoch: 56 [32000/50000 (64%)]	Loss: 0.646970
Train Epoch: 56 [38400/50000 (77%)]	Loss: 0.744307
Train Epoch: 56 [44800/50000 (90%)]	Loss: 0.744245

--------- Testing in global mode ---------
size of test_loader dataset:  10000

Test set: Avg. loss: 0.0028, Accuracy: 4572/10000 (46%)

Train Epoch: 57 [0/50000 (0%)]	Loss: 0.326125
Train Epoch: 57 [6400/50000 (13%)]	Loss: 0.538631
Train Epoch: 57 [12800/50000 (26%)]	Loss: 0.386745
Train Epoch: 57 [19200/50000 (38%)]	Loss: 0.480487
Train Epoch: 57 [25600/50000 (51%)]	Loss: 0.493164
Train Epoch: 57 [32000/50000 (64%)]	Loss: 0.473748
Train Epoch: 57 [38400/50000 (77%)]	Loss: 0.648636
Train Epoch: 57 [44800/50000 (90%)]	Loss: 0.760366

--------- Testing in global mode ---------
size of test_loader dataset:  10000

Test set: Avg. loss: 0.0029, Accuracy: 4502/10000 (45%)

Train Epoch: 58 [0/50000 (0%)]	Loss: 0.358093
Train Epoch: 58 [6400/50000 (13%)]	Loss: 0.567286
Train Epoch: 58 [12800/50000 (26%)]	Loss: 0.387238
Train Epoch: 58 [19200/50000 (38%)]	Loss: 0.368151
Train Epoch: 58 [25600/50000 (51%)]	Loss: 0.452852
Train Epoch: 58 [32000/50000 (64%)]	Loss: 0.800668
Train Epoch: 58 [38400/50000 (77%)]	Loss: 0.429748
Train Epoch: 58 [44800/50000 (90%)]	Loss: 0.611146

--------- Testing in global mode ---------
size of test_loader dataset:  10000

Test set: Avg. loss: 0.0027, Accuracy: 4421/10000 (44%)

Train Epoch: 59 [0/50000 (0%)]	Loss: 0.411480
Train Epoch: 59 [6400/50000 (13%)]	Loss: 0.342875
Train Epoch: 59 [12800/50000 (26%)]	Loss: 0.493950
Train Epoch: 59 [19200/50000 (38%)]	Loss: 0.491114
Train Epoch: 59 [25600/50000 (51%)]	Loss: 0.477477
Train Epoch: 59 [32000/50000 (64%)]	Loss: 0.587292
Train Epoch: 59 [38400/50000 (77%)]	Loss: 0.961154
Train Epoch: 59 [44800/50000 (90%)]	Loss: 0.702887

--------- Testing in global mode ---------
size of test_loader dataset:  10000

Test set: Avg. loss: 0.0030, Accuracy: 4571/10000 (46%)

Train Epoch: 60 [0/50000 (0%)]	Loss: 0.606412
Train Epoch: 60 [6400/50000 (13%)]	Loss: 0.283153
Train Epoch: 60 [12800/50000 (26%)]	Loss: 0.107243
Train Epoch: 60 [19200/50000 (38%)]	Loss: 0.281826
Train Epoch: 60 [25600/50000 (51%)]	Loss: 0.096122
Train Epoch: 60 [32000/50000 (64%)]	Loss: 0.060746
Train Epoch: 60 [38400/50000 (77%)]	Loss: 0.211487
Train Epoch: 60 [44800/50000 (90%)]	Loss: 0.055615

--------- Testing in global mode ---------
size of test_loader dataset:  10000

Test set: Avg. loss: 0.0028, Accuracy: 5009/10000 (50%)

A new best at epoch:: 60, with test acc:: 50.09, let's save it!
Train Epoch: 61 [0/50000 (0%)]	Loss: 0.085201
Train Epoch: 61 [6400/50000 (13%)]	Loss: 0.041460
Train Epoch: 61 [12800/50000 (26%)]	Loss: 0.008534
Train Epoch: 61 [19200/50000 (38%)]	Loss: 0.088994
Train Epoch: 61 [25600/50000 (51%)]	Loss: 0.020848
Train Epoch: 61 [32000/50000 (64%)]	Loss: 0.111525
Train Epoch: 61 [38400/50000 (77%)]	Loss: 0.040330
Train Epoch: 61 [44800/50000 (90%)]	Loss: 0.007167

--------- Testing in global mode ---------
size of test_loader dataset:  10000

Test set: Avg. loss: 0.0029, Accuracy: 5272/10000 (53%)

A new best at epoch:: 61, with test acc:: 52.72, let's save it!
Train Epoch: 62 [0/50000 (0%)]	Loss: 0.004682
Train Epoch: 62 [6400/50000 (13%)]	Loss: 0.002187
Train Epoch: 62 [12800/50000 (26%)]	Loss: 0.002325
Train Epoch: 62 [19200/50000 (38%)]	Loss: 0.092528
Train Epoch: 62 [25600/50000 (51%)]	Loss: 0.010543
Train Epoch: 62 [32000/50000 (64%)]	Loss: 0.002434
Train Epoch: 62 [38400/50000 (77%)]	Loss: 0.011738
Train Epoch: 62 [44800/50000 (90%)]	Loss: 0.011655

--------- Testing in global mode ---------
size of test_loader dataset:  10000

Test set: Avg. loss: 0.0027, Accuracy: 5365/10000 (54%)

A new best at epoch:: 62, with test acc:: 53.65, let's save it!
Train Epoch: 63 [0/50000 (0%)]	Loss: 0.002466
Train Epoch: 63 [6400/50000 (13%)]	Loss: 0.003566
Train Epoch: 63 [12800/50000 (26%)]	Loss: 0.001597
Train Epoch: 63 [19200/50000 (38%)]	Loss: 0.003328
Train Epoch: 63 [25600/50000 (51%)]	Loss: 0.002657
Train Epoch: 63 [32000/50000 (64%)]	Loss: 0.005186
Train Epoch: 63 [38400/50000 (77%)]	Loss: 0.002970
Train Epoch: 63 [44800/50000 (90%)]	Loss: 0.003028

--------- Testing in global mode ---------
size of test_loader dataset:  10000

Test set: Avg. loss: 0.0027, Accuracy: 5411/10000 (54%)

A new best at epoch:: 63, with test acc:: 54.11, let's save it!
Train Epoch: 64 [0/50000 (0%)]	Loss: 0.003876
Train Epoch: 64 [6400/50000 (13%)]	Loss: 0.003444
Train Epoch: 64 [12800/50000 (26%)]	Loss: 0.004635
Train Epoch: 64 [19200/50000 (38%)]	Loss: 0.002060
Train Epoch: 64 [25600/50000 (51%)]	Loss: 0.002686
Train Epoch: 64 [32000/50000 (64%)]	Loss: 0.006103
Train Epoch: 64 [38400/50000 (77%)]	Loss: 0.005040
Train Epoch: 64 [44800/50000 (90%)]	Loss: 0.012639

--------- Testing in global mode ---------
size of test_loader dataset:  10000

Test set: Avg. loss: 0.0026, Accuracy: 5428/10000 (54%)

A new best at epoch:: 64, with test acc:: 54.28, let's save it!
Train Epoch: 65 [0/50000 (0%)]	Loss: 0.003561
Train Epoch: 65 [6400/50000 (13%)]	Loss: 0.004734
Train Epoch: 65 [12800/50000 (26%)]	Loss: 0.004280
Train Epoch: 65 [19200/50000 (38%)]	Loss: 0.028202
Train Epoch: 65 [25600/50000 (51%)]	Loss: 0.005112
Train Epoch: 65 [32000/50000 (64%)]	Loss: 0.003155
Train Epoch: 65 [38400/50000 (77%)]	Loss: 0.017748
Train Epoch: 65 [44800/50000 (90%)]	Loss: 0.008072

--------- Testing in global mode ---------
size of test_loader dataset:  10000

Test set: Avg. loss: 0.0027, Accuracy: 5434/10000 (54%)

A new best at epoch:: 65, with test acc:: 54.34, let's save it!
Train Epoch: 66 [0/50000 (0%)]	Loss: 0.005069
Train Epoch: 66 [6400/50000 (13%)]	Loss: 0.003277
Train Epoch: 66 [12800/50000 (26%)]	Loss: 0.004936
Train Epoch: 66 [19200/50000 (38%)]	Loss: 0.006926
Train Epoch: 66 [25600/50000 (51%)]	Loss: 0.012277
Train Epoch: 66 [32000/50000 (64%)]	Loss: 0.007952
Train Epoch: 66 [38400/50000 (77%)]	Loss: 0.007152
Train Epoch: 66 [44800/50000 (90%)]	Loss: 0.044118

--------- Testing in global mode ---------
size of test_loader dataset:  10000

Test set: Avg. loss: 0.0027, Accuracy: 5426/10000 (54%)

Train Epoch: 67 [0/50000 (0%)]	Loss: 0.009284
Train Epoch: 67 [6400/50000 (13%)]	Loss: 0.003561
Train Epoch: 67 [12800/50000 (26%)]	Loss: 0.004497
Train Epoch: 67 [19200/50000 (38%)]	Loss: 0.007396
Train Epoch: 67 [25600/50000 (51%)]	Loss: 0.003977
Train Epoch: 67 [32000/50000 (64%)]	Loss: 0.007634
Train Epoch: 67 [38400/50000 (77%)]	Loss: 0.006318
Train Epoch: 67 [44800/50000 (90%)]	Loss: 0.011077

--------- Testing in global mode ---------
size of test_loader dataset:  10000

Test set: Avg. loss: 0.0028, Accuracy: 5413/10000 (54%)

Train Epoch: 68 [0/50000 (0%)]	Loss: 0.003280
Train Epoch: 68 [6400/50000 (13%)]	Loss: 0.003471
Train Epoch: 68 [12800/50000 (26%)]	Loss: 0.005198
Train Epoch: 68 [19200/50000 (38%)]	Loss: 0.027460
Train Epoch: 68 [25600/50000 (51%)]	Loss: 0.011091
Train Epoch: 68 [32000/50000 (64%)]	Loss: 0.012262
Train Epoch: 68 [38400/50000 (77%)]	Loss: 0.010639
Train Epoch: 68 [44800/50000 (90%)]	Loss: 0.020992

--------- Testing in global mode ---------
size of test_loader dataset:  10000

Test set: Avg. loss: 0.0027, Accuracy: 5272/10000 (53%)

Train Epoch: 69 [0/50000 (0%)]	Loss: 0.029259
Train Epoch: 69 [6400/50000 (13%)]	Loss: 0.007436
Train Epoch: 69 [12800/50000 (26%)]	Loss: 0.027853
Train Epoch: 69 [19200/50000 (38%)]	Loss: 0.009418
Train Epoch: 69 [25600/50000 (51%)]	Loss: 0.017033
Train Epoch: 69 [32000/50000 (64%)]	Loss: 0.036836
Train Epoch: 69 [38400/50000 (77%)]	Loss: 0.028083
Train Epoch: 69 [44800/50000 (90%)]	Loss: 0.095174

--------- Testing in global mode ---------
size of test_loader dataset:  10000

Test set: Avg. loss: 0.0026, Accuracy: 5343/10000 (53%)

Train Epoch: 70 [0/50000 (0%)]	Loss: 0.040124
Train Epoch: 70 [6400/50000 (13%)]	Loss: 0.007595
Train Epoch: 70 [12800/50000 (26%)]	Loss: 0.005490
Train Epoch: 70 [19200/50000 (38%)]	Loss: 0.015332
Train Epoch: 70 [25600/50000 (51%)]	Loss: 0.027963
Train Epoch: 70 [32000/50000 (64%)]	Loss: 0.031286
Train Epoch: 70 [38400/50000 (77%)]	Loss: 0.130435
Train Epoch: 70 [44800/50000 (90%)]	Loss: 0.027000

--------- Testing in global mode ---------
size of test_loader dataset:  10000

Test set: Avg. loss: 0.0027, Accuracy: 5269/10000 (53%)

Train Epoch: 71 [0/50000 (0%)]	Loss: 0.024799
Train Epoch: 71 [6400/50000 (13%)]	Loss: 0.023511
Train Epoch: 71 [12800/50000 (26%)]	Loss: 0.015202
Train Epoch: 71 [19200/50000 (38%)]	Loss: 0.058896
Train Epoch: 71 [25600/50000 (51%)]	Loss: 0.113138
Train Epoch: 71 [32000/50000 (64%)]	Loss: 0.014535
Train Epoch: 71 [38400/50000 (77%)]	Loss: 0.048045
Train Epoch: 71 [44800/50000 (90%)]	Loss: 0.119137

--------- Testing in global mode ---------
size of test_loader dataset:  10000

Test set: Avg. loss: 0.0026, Accuracy: 5279/10000 (53%)

Train Epoch: 72 [0/50000 (0%)]	Loss: 0.032980
Train Epoch: 72 [6400/50000 (13%)]	Loss: 0.025527
Train Epoch: 72 [12800/50000 (26%)]	Loss: 0.020901
Train Epoch: 72 [19200/50000 (38%)]	Loss: 0.011587
Train Epoch: 72 [25600/50000 (51%)]	Loss: 0.020824
Train Epoch: 72 [32000/50000 (64%)]	Loss: 0.049638
Train Epoch: 72 [38400/50000 (77%)]	Loss: 0.076746
Train Epoch: 72 [44800/50000 (90%)]	Loss: 0.035043

--------- Testing in global mode ---------
size of test_loader dataset:  10000

Test set: Avg. loss: 0.0027, Accuracy: 5254/10000 (53%)

Train Epoch: 73 [0/50000 (0%)]	Loss: 0.037619
Train Epoch: 73 [6400/50000 (13%)]	Loss: 0.030824
Train Epoch: 73 [12800/50000 (26%)]	Loss: 0.063389
Train Epoch: 73 [19200/50000 (38%)]	Loss: 0.035572
Train Epoch: 73 [25600/50000 (51%)]	Loss: 0.055970
Train Epoch: 73 [32000/50000 (64%)]	Loss: 0.070854
Train Epoch: 73 [38400/50000 (77%)]	Loss: 0.148663
Train Epoch: 73 [44800/50000 (90%)]	Loss: 0.063061

--------- Testing in global mode ---------
size of test_loader dataset:  10000

Test set: Avg. loss: 0.0025, Accuracy: 5112/10000 (51%)

Train Epoch: 74 [0/50000 (0%)]	Loss: 0.140307
Train Epoch: 74 [6400/50000 (13%)]	Loss: 0.072938
Train Epoch: 74 [12800/50000 (26%)]	Loss: 0.044976
Train Epoch: 74 [19200/50000 (38%)]	Loss: 0.036296
Train Epoch: 74 [25600/50000 (51%)]	Loss: 0.031498
Train Epoch: 74 [32000/50000 (64%)]	Loss: 0.126253
Train Epoch: 74 [38400/50000 (77%)]	Loss: 0.041979
Train Epoch: 74 [44800/50000 (90%)]	Loss: 0.060111

--------- Testing in global mode ---------
size of test_loader dataset:  10000

Test set: Avg. loss: 0.0027, Accuracy: 5117/10000 (51%)

Train Epoch: 75 [0/50000 (0%)]	Loss: 0.033068
Train Epoch: 75 [6400/50000 (13%)]	Loss: 0.071523
Train Epoch: 75 [12800/50000 (26%)]	Loss: 0.029573
Train Epoch: 75 [19200/50000 (38%)]	Loss: 0.102693
Train Epoch: 75 [25600/50000 (51%)]	Loss: 0.108655
Train Epoch: 75 [32000/50000 (64%)]	Loss: 0.108019
Train Epoch: 75 [38400/50000 (77%)]	Loss: 0.052278
Train Epoch: 75 [44800/50000 (90%)]	Loss: 0.084483

--------- Testing in global mode ---------
size of test_loader dataset:  10000

Test set: Avg. loss: 0.0026, Accuracy: 5065/10000 (51%)

Train Epoch: 76 [0/50000 (0%)]	Loss: 0.076658
Train Epoch: 76 [6400/50000 (13%)]	Loss: 0.096868
Train Epoch: 76 [12800/50000 (26%)]	Loss: 0.087426
Train Epoch: 76 [19200/50000 (38%)]	Loss: 0.074858
Train Epoch: 76 [25600/50000 (51%)]	Loss: 0.053031
Train Epoch: 76 [32000/50000 (64%)]	Loss: 0.038626
Train Epoch: 76 [38400/50000 (77%)]	Loss: 0.056396
Train Epoch: 76 [44800/50000 (90%)]	Loss: 0.132418

--------- Testing in global mode ---------
size of test_loader dataset:  10000

Test set: Avg. loss: 0.0027, Accuracy: 5065/10000 (51%)

Train Epoch: 77 [0/50000 (0%)]	Loss: 0.082258
Train Epoch: 77 [6400/50000 (13%)]	Loss: 0.060908
Train Epoch: 77 [12800/50000 (26%)]	Loss: 0.030778
Train Epoch: 77 [19200/50000 (38%)]	Loss: 0.030342
Train Epoch: 77 [25600/50000 (51%)]	Loss: 0.065861
Train Epoch: 77 [32000/50000 (64%)]	Loss: 0.111654
Train Epoch: 77 [38400/50000 (77%)]	Loss: 0.113621
Train Epoch: 77 [44800/50000 (90%)]	Loss: 0.092721

--------- Testing in global mode ---------
size of test_loader dataset:  10000

Test set: Avg. loss: 0.0029, Accuracy: 5012/10000 (50%)

Train Epoch: 78 [0/50000 (0%)]	Loss: 0.108497
Train Epoch: 78 [6400/50000 (13%)]	Loss: 0.024938
Train Epoch: 78 [12800/50000 (26%)]	Loss: 0.227469
Train Epoch: 78 [19200/50000 (38%)]	Loss: 0.073461
Train Epoch: 78 [25600/50000 (51%)]	Loss: 0.129476
Train Epoch: 78 [32000/50000 (64%)]	Loss: 0.096313
Train Epoch: 78 [38400/50000 (77%)]	Loss: 0.042914
Train Epoch: 78 [44800/50000 (90%)]	Loss: 0.051405

--------- Testing in global mode ---------
size of test_loader dataset:  10000

Test set: Avg. loss: 0.0026, Accuracy: 5029/10000 (50%)

Train Epoch: 79 [0/50000 (0%)]	Loss: 0.186004
Train Epoch: 79 [6400/50000 (13%)]	Loss: 0.062932
Train Epoch: 79 [12800/50000 (26%)]	Loss: 0.263974
Train Epoch: 79 [19200/50000 (38%)]	Loss: 0.051103
Train Epoch: 79 [25600/50000 (51%)]	Loss: 0.103782
Train Epoch: 79 [32000/50000 (64%)]	Loss: 0.042608
Train Epoch: 79 [38400/50000 (77%)]	Loss: 0.024244
Train Epoch: 79 [44800/50000 (90%)]	Loss: 0.278030

--------- Testing in global mode ---------
size of test_loader dataset:  10000

Test set: Avg. loss: 0.0027, Accuracy: 5070/10000 (51%)

Train Epoch: 80 [0/50000 (0%)]	Loss: 0.063539
Train Epoch: 80 [6400/50000 (13%)]	Loss: 0.053730
Train Epoch: 80 [12800/50000 (26%)]	Loss: 0.056652
Train Epoch: 80 [19200/50000 (38%)]	Loss: 0.025357
Train Epoch: 80 [25600/50000 (51%)]	Loss: 0.057710
Train Epoch: 80 [32000/50000 (64%)]	Loss: 0.085763
Train Epoch: 80 [38400/50000 (77%)]	Loss: 0.137006
Train Epoch: 80 [44800/50000 (90%)]	Loss: 0.088765

--------- Testing in global mode ---------
size of test_loader dataset:  10000

Test set: Avg. loss: 0.0027, Accuracy: 5026/10000 (50%)

Train Epoch: 81 [0/50000 (0%)]	Loss: 0.055988
Train Epoch: 81 [6400/50000 (13%)]	Loss: 0.096366
Train Epoch: 81 [12800/50000 (26%)]	Loss: 0.023124
Train Epoch: 81 [19200/50000 (38%)]	Loss: 0.055632
Train Epoch: 81 [25600/50000 (51%)]	Loss: 0.059993
Train Epoch: 81 [32000/50000 (64%)]	Loss: 0.133493
Train Epoch: 81 [38400/50000 (77%)]	Loss: 0.087879
Train Epoch: 81 [44800/50000 (90%)]	Loss: 0.068394

--------- Testing in global mode ---------
size of test_loader dataset:  10000

Test set: Avg. loss: 0.0027, Accuracy: 5054/10000 (51%)

Train Epoch: 82 [0/50000 (0%)]	Loss: 0.041367
Train Epoch: 82 [6400/50000 (13%)]	Loss: 0.039445
Train Epoch: 82 [12800/50000 (26%)]	Loss: 0.130379
Train Epoch: 82 [19200/50000 (38%)]	Loss: 0.016142
Train Epoch: 82 [25600/50000 (51%)]	Loss: 0.155909
Train Epoch: 82 [32000/50000 (64%)]	Loss: 0.133140
Train Epoch: 82 [38400/50000 (77%)]	Loss: 0.156344
Train Epoch: 82 [44800/50000 (90%)]	Loss: 0.040581

--------- Testing in global mode ---------
size of test_loader dataset:  10000

Test set: Avg. loss: 0.0029, Accuracy: 4992/10000 (50%)

Train Epoch: 83 [0/50000 (0%)]	Loss: 0.079594
Train Epoch: 83 [6400/50000 (13%)]	Loss: 0.100404
Train Epoch: 83 [12800/50000 (26%)]	Loss: 0.026776
Train Epoch: 83 [19200/50000 (38%)]	Loss: 0.025491
Train Epoch: 83 [25600/50000 (51%)]	Loss: 0.036650
Train Epoch: 83 [32000/50000 (64%)]	Loss: 0.148743
Train Epoch: 83 [38400/50000 (77%)]	Loss: 0.109405
Train Epoch: 83 [44800/50000 (90%)]	Loss: 0.104196

--------- Testing in global mode ---------
size of test_loader dataset:  10000

Test set: Avg. loss: 0.0027, Accuracy: 4976/10000 (50%)

Train Epoch: 84 [0/50000 (0%)]	Loss: 0.038844
Train Epoch: 84 [6400/50000 (13%)]	Loss: 0.013573
Train Epoch: 84 [12800/50000 (26%)]	Loss: 0.089446
Train Epoch: 84 [19200/50000 (38%)]	Loss: 0.218889
Train Epoch: 84 [25600/50000 (51%)]	Loss: 0.094594
Train Epoch: 84 [32000/50000 (64%)]	Loss: 0.074522
Train Epoch: 84 [38400/50000 (77%)]	Loss: 0.096773
Train Epoch: 84 [44800/50000 (90%)]	Loss: 0.106438

--------- Testing in global mode ---------
size of test_loader dataset:  10000

Test set: Avg. loss: 0.0029, Accuracy: 4928/10000 (49%)

Train Epoch: 85 [0/50000 (0%)]	Loss: 0.058498
Train Epoch: 85 [6400/50000 (13%)]	Loss: 0.053543
Train Epoch: 85 [12800/50000 (26%)]	Loss: 0.061408
Train Epoch: 85 [19200/50000 (38%)]	Loss: 0.028524
Train Epoch: 85 [25600/50000 (51%)]	Loss: 0.190038
Train Epoch: 85 [32000/50000 (64%)]	Loss: 0.131762
Train Epoch: 85 [38400/50000 (77%)]	Loss: 0.137778
Train Epoch: 85 [44800/50000 (90%)]	Loss: 0.073887

--------- Testing in global mode ---------
size of test_loader dataset:  10000

Test set: Avg. loss: 0.0027, Accuracy: 5050/10000 (50%)

Train Epoch: 86 [0/50000 (0%)]	Loss: 0.131377
Train Epoch: 86 [6400/50000 (13%)]	Loss: 0.112132
Train Epoch: 86 [12800/50000 (26%)]	Loss: 0.070188
Train Epoch: 86 [19200/50000 (38%)]	Loss: 0.079595
Train Epoch: 86 [25600/50000 (51%)]	Loss: 0.165881
Train Epoch: 86 [32000/50000 (64%)]	Loss: 0.090132
Train Epoch: 86 [38400/50000 (77%)]	Loss: 0.107649
Train Epoch: 86 [44800/50000 (90%)]	Loss: 0.061489

--------- Testing in global mode ---------
size of test_loader dataset:  10000

Test set: Avg. loss: 0.0026, Accuracy: 5040/10000 (50%)

Train Epoch: 87 [0/50000 (0%)]	Loss: 0.128957
Train Epoch: 87 [6400/50000 (13%)]	Loss: 0.024943
Train Epoch: 87 [12800/50000 (26%)]	Loss: 0.042346
Train Epoch: 87 [19200/50000 (38%)]	Loss: 0.035057
Train Epoch: 87 [25600/50000 (51%)]	Loss: 0.047139
Train Epoch: 87 [32000/50000 (64%)]	Loss: 0.011249
Train Epoch: 87 [38400/50000 (77%)]	Loss: 0.101974
Train Epoch: 87 [44800/50000 (90%)]	Loss: 0.219652

--------- Testing in global mode ---------
size of test_loader dataset:  10000

Test set: Avg. loss: 0.0029, Accuracy: 5007/10000 (50%)

Train Epoch: 88 [0/50000 (0%)]	Loss: 0.011432
Train Epoch: 88 [6400/50000 (13%)]	Loss: 0.014111
Train Epoch: 88 [12800/50000 (26%)]	Loss: 0.034142
Train Epoch: 88 [19200/50000 (38%)]	Loss: 0.032333
Train Epoch: 88 [25600/50000 (51%)]	Loss: 0.035803
Train Epoch: 88 [32000/50000 (64%)]	Loss: 0.080675
Train Epoch: 88 [38400/50000 (77%)]	Loss: 0.028728
Train Epoch: 88 [44800/50000 (90%)]	Loss: 0.110742

--------- Testing in global mode ---------
size of test_loader dataset:  10000

Test set: Avg. loss: 0.0028, Accuracy: 4969/10000 (50%)

Train Epoch: 89 [0/50000 (0%)]	Loss: 0.105349
Train Epoch: 89 [6400/50000 (13%)]	Loss: 0.243465
Train Epoch: 89 [12800/50000 (26%)]	Loss: 0.107454
Train Epoch: 89 [19200/50000 (38%)]	Loss: 0.025246
Train Epoch: 89 [25600/50000 (51%)]	Loss: 0.203088
Train Epoch: 89 [32000/50000 (64%)]	Loss: 0.048087
Train Epoch: 89 [38400/50000 (77%)]	Loss: 0.085199
Train Epoch: 89 [44800/50000 (90%)]	Loss: 0.063565

--------- Testing in global mode ---------
size of test_loader dataset:  10000

Test set: Avg. loss: 0.0029, Accuracy: 4970/10000 (50%)

Train Epoch: 90 [0/50000 (0%)]	Loss: 0.160414
Train Epoch: 90 [6400/50000 (13%)]	Loss: 0.008137
Train Epoch: 90 [12800/50000 (26%)]	Loss: 0.142939
Train Epoch: 90 [19200/50000 (38%)]	Loss: 0.006722
Train Epoch: 90 [25600/50000 (51%)]	Loss: 0.013248
Train Epoch: 90 [32000/50000 (64%)]	Loss: 0.011515
Train Epoch: 90 [38400/50000 (77%)]	Loss: 0.010559
Train Epoch: 90 [44800/50000 (90%)]	Loss: 0.006850

--------- Testing in global mode ---------
size of test_loader dataset:  10000

Test set: Avg. loss: 0.0028, Accuracy: 5370/10000 (54%)

Train Epoch: 91 [0/50000 (0%)]	Loss: 0.001903
Train Epoch: 91 [6400/50000 (13%)]	Loss: 0.044413
Train Epoch: 91 [12800/50000 (26%)]	Loss: 0.006832
Train Epoch: 91 [19200/50000 (38%)]	Loss: 0.001567
Train Epoch: 91 [25600/50000 (51%)]	Loss: 0.001409
Train Epoch: 91 [32000/50000 (64%)]	Loss: 0.001263
Train Epoch: 91 [38400/50000 (77%)]	Loss: 0.004695
Train Epoch: 91 [44800/50000 (90%)]	Loss: 0.002353

--------- Testing in global mode ---------
size of test_loader dataset:  10000

Test set: Avg. loss: 0.0027, Accuracy: 5398/10000 (54%)

Train Epoch: 92 [0/50000 (0%)]	Loss: 0.001789
Train Epoch: 92 [6400/50000 (13%)]	Loss: 0.001679
Train Epoch: 92 [12800/50000 (26%)]	Loss: 0.001622
Train Epoch: 92 [19200/50000 (38%)]	Loss: 0.003121
Train Epoch: 92 [25600/50000 (51%)]	Loss: 0.002894
Train Epoch: 92 [32000/50000 (64%)]	Loss: 0.001193
Train Epoch: 92 [38400/50000 (77%)]	Loss: 0.003688
Train Epoch: 92 [44800/50000 (90%)]	Loss: 0.001535

--------- Testing in global mode ---------
size of test_loader dataset:  10000

Test set: Avg. loss: 0.0027, Accuracy: 5412/10000 (54%)

Train Epoch: 93 [0/50000 (0%)]	Loss: 0.001316
Train Epoch: 93 [6400/50000 (13%)]	Loss: 0.002481
Train Epoch: 93 [12800/50000 (26%)]	Loss: 0.003017
Train Epoch: 93 [19200/50000 (38%)]	Loss: 0.001496
Train Epoch: 93 [25600/50000 (51%)]	Loss: 0.002350
Train Epoch: 93 [32000/50000 (64%)]	Loss: 0.002027
Train Epoch: 93 [38400/50000 (77%)]	Loss: 0.001904
Train Epoch: 93 [44800/50000 (90%)]	Loss: 0.001836

--------- Testing in global mode ---------
size of test_loader dataset:  10000

Test set: Avg. loss: 0.0027, Accuracy: 5420/10000 (54%)

Train Epoch: 94 [0/50000 (0%)]	Loss: 0.002038
Train Epoch: 94 [6400/50000 (13%)]	Loss: 0.002596
Train Epoch: 94 [12800/50000 (26%)]	Loss: 0.001829
Train Epoch: 94 [19200/50000 (38%)]	Loss: 0.002784
Train Epoch: 94 [25600/50000 (51%)]	Loss: 0.029646
Train Epoch: 94 [32000/50000 (64%)]	Loss: 0.003237
Train Epoch: 94 [38400/50000 (77%)]	Loss: 0.003070
Train Epoch: 94 [44800/50000 (90%)]	Loss: 0.002146

--------- Testing in global mode ---------
size of test_loader dataset:  10000

Test set: Avg. loss: 0.0027, Accuracy: 5390/10000 (54%)

Train Epoch: 95 [0/50000 (0%)]	Loss: 0.002859
Train Epoch: 95 [6400/50000 (13%)]	Loss: 0.002246
Train Epoch: 95 [12800/50000 (26%)]	Loss: 0.003543
Train Epoch: 95 [19200/50000 (38%)]	Loss: 0.002287
Train Epoch: 95 [25600/50000 (51%)]	Loss: 0.004814
Train Epoch: 95 [32000/50000 (64%)]	Loss: 0.002117
Train Epoch: 95 [38400/50000 (77%)]	Loss: 0.004388
Train Epoch: 95 [44800/50000 (90%)]	Loss: 0.002574

--------- Testing in global mode ---------
size of test_loader dataset:  10000

Test set: Avg. loss: 0.0027, Accuracy: 5399/10000 (54%)

Train Epoch: 96 [0/50000 (0%)]	Loss: 0.002532
Train Epoch: 96 [6400/50000 (13%)]	Loss: 0.002868
Train Epoch: 96 [12800/50000 (26%)]	Loss: 0.003124
Train Epoch: 96 [19200/50000 (38%)]	Loss: 0.002250
Train Epoch: 96 [25600/50000 (51%)]	Loss: 0.002571
Train Epoch: 96 [32000/50000 (64%)]	Loss: 0.003648
Train Epoch: 96 [38400/50000 (77%)]	Loss: 0.003325
Train Epoch: 96 [44800/50000 (90%)]	Loss: 0.004962

--------- Testing in global mode ---------
size of test_loader dataset:  10000

Test set: Avg. loss: 0.0027, Accuracy: 5379/10000 (54%)

Train Epoch: 97 [0/50000 (0%)]	Loss: 0.003759
Train Epoch: 97 [6400/50000 (13%)]	Loss: 0.037571
Train Epoch: 97 [12800/50000 (26%)]	Loss: 0.002815
Train Epoch: 97 [19200/50000 (38%)]	Loss: 0.002703
Train Epoch: 97 [25600/50000 (51%)]	Loss: 0.004143
Train Epoch: 97 [32000/50000 (64%)]	Loss: 0.006780
Train Epoch: 97 [38400/50000 (77%)]	Loss: 0.004418
Train Epoch: 97 [44800/50000 (90%)]	Loss: 0.004736

--------- Testing in global mode ---------
size of test_loader dataset:  10000

Test set: Avg. loss: 0.0028, Accuracy: 5390/10000 (54%)

Train Epoch: 98 [0/50000 (0%)]	Loss: 0.003352
Train Epoch: 98 [6400/50000 (13%)]	Loss: 0.003186
Train Epoch: 98 [12800/50000 (26%)]	Loss: 0.004124
Train Epoch: 98 [19200/50000 (38%)]	Loss: 0.006725
Train Epoch: 98 [25600/50000 (51%)]	Loss: 0.005980
Train Epoch: 98 [32000/50000 (64%)]	Loss: 0.003598
Train Epoch: 98 [38400/50000 (77%)]	Loss: 0.004726
Train Epoch: 98 [44800/50000 (90%)]	Loss: 0.008793

--------- Testing in global mode ---------
size of test_loader dataset:  10000

Test set: Avg. loss: 0.0028, Accuracy: 5374/10000 (54%)

Train Epoch: 99 [0/50000 (0%)]	Loss: 0.011540
Train Epoch: 99 [6400/50000 (13%)]	Loss: 0.004772
Train Epoch: 99 [12800/50000 (26%)]	Loss: 0.003317
Train Epoch: 99 [19200/50000 (38%)]	Loss: 0.005995
Train Epoch: 99 [25600/50000 (51%)]	Loss: 0.003220
Train Epoch: 99 [32000/50000 (64%)]	Loss: 0.004573
Train Epoch: 99 [38400/50000 (77%)]	Loss: 0.005281
Train Epoch: 99 [44800/50000 (90%)]	Loss: 0.004185

--------- Testing in global mode ---------
size of test_loader dataset:  10000

Test set: Avg. loss: 0.0028, Accuracy: 5355/10000 (54%)

Train Epoch: 100 [0/50000 (0%)]	Loss: 0.002794
Train Epoch: 100 [6400/50000 (13%)]	Loss: 0.004614
Train Epoch: 100 [12800/50000 (26%)]	Loss: 0.004622
Train Epoch: 100 [19200/50000 (38%)]	Loss: 0.002731
Train Epoch: 100 [25600/50000 (51%)]	Loss: 0.003036
Train Epoch: 100 [32000/50000 (64%)]	Loss: 0.003153
Train Epoch: 100 [38400/50000 (77%)]	Loss: 0.006465
Train Epoch: 100 [44800/50000 (90%)]	Loss: 0.004759

--------- Testing in global mode ---------
size of test_loader dataset:  10000

Test set: Avg. loss: 0.0028, Accuracy: 5353/10000 (54%)

Train Epoch: 101 [0/50000 (0%)]	Loss: 0.003142
Train Epoch: 101 [6400/50000 (13%)]	Loss: 0.005647
Train Epoch: 101 [12800/50000 (26%)]	Loss: 0.006330
Train Epoch: 101 [19200/50000 (38%)]	Loss: 0.004325
Train Epoch: 101 [25600/50000 (51%)]	Loss: 0.004702
Train Epoch: 101 [32000/50000 (64%)]	Loss: 0.003750
Train Epoch: 101 [38400/50000 (77%)]	Loss: 0.004902
Train Epoch: 101 [44800/50000 (90%)]	Loss: 0.007022

--------- Testing in global mode ---------
size of test_loader dataset:  10000

Test set: Avg. loss: 0.0028, Accuracy: 5302/10000 (53%)

Train Epoch: 102 [0/50000 (0%)]	Loss: 0.005296
Train Epoch: 102 [6400/50000 (13%)]	Loss: 0.001237
Train Epoch: 102 [12800/50000 (26%)]	Loss: 0.004113
Train Epoch: 102 [19200/50000 (38%)]	Loss: 0.009788
Train Epoch: 102 [25600/50000 (51%)]	Loss: 0.006536
Train Epoch: 102 [32000/50000 (64%)]	Loss: 0.008222
Train Epoch: 102 [38400/50000 (77%)]	Loss: 0.013123
Train Epoch: 102 [44800/50000 (90%)]	Loss: 0.026121

--------- Testing in global mode ---------
size of test_loader dataset:  10000

Test set: Avg. loss: 0.0029, Accuracy: 5292/10000 (53%)

Train Epoch: 103 [0/50000 (0%)]	Loss: 0.004909
Train Epoch: 103 [6400/50000 (13%)]	Loss: 0.005055
Train Epoch: 103 [12800/50000 (26%)]	Loss: 0.002982
Train Epoch: 103 [19200/50000 (38%)]	Loss: 0.005452
Train Epoch: 103 [25600/50000 (51%)]	Loss: 0.012618
Train Epoch: 103 [32000/50000 (64%)]	Loss: 0.059893
Train Epoch: 103 [38400/50000 (77%)]	Loss: 0.021386
Train Epoch: 103 [44800/50000 (90%)]	Loss: 0.063215

--------- Testing in global mode ---------
size of test_loader dataset:  10000

Test set: Avg. loss: 0.0026, Accuracy: 5165/10000 (52%)

Train Epoch: 104 [0/50000 (0%)]	Loss: 0.045806
Train Epoch: 104 [6400/50000 (13%)]	Loss: 0.037224
Train Epoch: 104 [12800/50000 (26%)]	Loss: 0.028787
Train Epoch: 104 [19200/50000 (38%)]	Loss: 0.020956
Train Epoch: 104 [25600/50000 (51%)]	Loss: 0.022085
Train Epoch: 104 [32000/50000 (64%)]	Loss: 0.014169
Train Epoch: 104 [38400/50000 (77%)]	Loss: 0.016371
Train Epoch: 104 [44800/50000 (90%)]	Loss: 0.020424

--------- Testing in global mode ---------
size of test_loader dataset:  10000

Test set: Avg. loss: 0.0027, Accuracy: 5169/10000 (52%)

Train Epoch: 105 [0/50000 (0%)]	Loss: 0.029492
Train Epoch: 105 [6400/50000 (13%)]	Loss: 0.024135
Train Epoch: 105 [12800/50000 (26%)]	Loss: 0.018168
Train Epoch: 105 [19200/50000 (38%)]	Loss: 0.006637
Train Epoch: 105 [25600/50000 (51%)]	Loss: 0.026151
Train Epoch: 105 [32000/50000 (64%)]	Loss: 0.012547
Train Epoch: 105 [38400/50000 (77%)]	Loss: 0.008015
Train Epoch: 105 [44800/50000 (90%)]	Loss: 0.028474

--------- Testing in global mode ---------
size of test_loader dataset:  10000

Test set: Avg. loss: 0.0028, Accuracy: 5217/10000 (52%)

Train Epoch: 106 [0/50000 (0%)]	Loss: 0.010911
Train Epoch: 106 [6400/50000 (13%)]	Loss: 0.012204
Train Epoch: 106 [12800/50000 (26%)]	Loss: 0.056135
Train Epoch: 106 [19200/50000 (38%)]	Loss: 0.041327
Train Epoch: 106 [25600/50000 (51%)]	Loss: 0.036522
Train Epoch: 106 [32000/50000 (64%)]	Loss: 0.036956
Train Epoch: 106 [38400/50000 (77%)]	Loss: 0.013420
Train Epoch: 106 [44800/50000 (90%)]	Loss: 0.018549

--------- Testing in global mode ---------
size of test_loader dataset:  10000

Test set: Avg. loss: 0.0027, Accuracy: 5229/10000 (52%)

Train Epoch: 107 [0/50000 (0%)]	Loss: 0.010673
Train Epoch: 107 [6400/50000 (13%)]	Loss: 0.009025
Train Epoch: 107 [12800/50000 (26%)]	Loss: 0.002379
Train Epoch: 107 [19200/50000 (38%)]	Loss: 0.016147
Train Epoch: 107 [25600/50000 (51%)]	Loss: 0.015041
Train Epoch: 107 [32000/50000 (64%)]	Loss: 0.027340
Train Epoch: 107 [38400/50000 (77%)]	Loss: 0.009304
Train Epoch: 107 [44800/50000 (90%)]	Loss: 0.010943

--------- Testing in global mode ---------
size of test_loader dataset:  10000

Test set: Avg. loss: 0.0027, Accuracy: 5145/10000 (51%)

Train Epoch: 108 [0/50000 (0%)]	Loss: 0.020272
Train Epoch: 108 [6400/50000 (13%)]	Loss: 0.004664
Train Epoch: 108 [12800/50000 (26%)]	Loss: 0.007055
Train Epoch: 108 [19200/50000 (38%)]	Loss: 0.050492
Train Epoch: 108 [25600/50000 (51%)]	Loss: 0.011110
Train Epoch: 108 [32000/50000 (64%)]	Loss: 0.010744
Train Epoch: 108 [38400/50000 (77%)]	Loss: 0.007127
Train Epoch: 108 [44800/50000 (90%)]	Loss: 0.081033

--------- Testing in global mode ---------
size of test_loader dataset:  10000

Test set: Avg. loss: 0.0027, Accuracy: 5214/10000 (52%)

Train Epoch: 109 [0/50000 (0%)]	Loss: 0.008619
Train Epoch: 109 [6400/50000 (13%)]	Loss: 0.005129
Train Epoch: 109 [12800/50000 (26%)]	Loss: 0.009919
Train Epoch: 109 [19200/50000 (38%)]	Loss: 0.003537
Train Epoch: 109 [25600/50000 (51%)]	Loss: 0.003297
Train Epoch: 109 [32000/50000 (64%)]	Loss: 0.009311
Train Epoch: 109 [38400/50000 (77%)]	Loss: 0.006058
Train Epoch: 109 [44800/50000 (90%)]	Loss: 0.006694

--------- Testing in global mode ---------
size of test_loader dataset:  10000

Test set: Avg. loss: 0.0028, Accuracy: 5230/10000 (52%)

Train Epoch: 110 [0/50000 (0%)]	Loss: 0.004807
Train Epoch: 110 [6400/50000 (13%)]	Loss: 0.040838
Train Epoch: 110 [12800/50000 (26%)]	Loss: 0.003205
Train Epoch: 110 [19200/50000 (38%)]	Loss: 0.002643
Train Epoch: 110 [25600/50000 (51%)]	Loss: 0.005022
Train Epoch: 110 [32000/50000 (64%)]	Loss: 0.013976
Train Epoch: 110 [38400/50000 (77%)]	Loss: 0.019870
Train Epoch: 110 [44800/50000 (90%)]	Loss: 0.008621

--------- Testing in global mode ---------
size of test_loader dataset:  10000

Test set: Avg. loss: 0.0028, Accuracy: 5222/10000 (52%)

Train Epoch: 111 [0/50000 (0%)]	Loss: 0.004987
Train Epoch: 111 [6400/50000 (13%)]	Loss: 0.002518
Train Epoch: 111 [12800/50000 (26%)]	Loss: 0.002748
Train Epoch: 111 [19200/50000 (38%)]	Loss: 0.006367
Train Epoch: 111 [25600/50000 (51%)]	Loss: 0.004149
Train Epoch: 111 [32000/50000 (64%)]	Loss: 0.008466
Train Epoch: 111 [38400/50000 (77%)]	Loss: 0.012014
Train Epoch: 111 [44800/50000 (90%)]	Loss: 0.008980

--------- Testing in global mode ---------
size of test_loader dataset:  10000

Test set: Avg. loss: 0.0028, Accuracy: 5243/10000 (52%)

Train Epoch: 112 [0/50000 (0%)]	Loss: 0.006727
Train Epoch: 112 [6400/50000 (13%)]	Loss: 0.060965
Train Epoch: 112 [12800/50000 (26%)]	Loss: 0.009385
Train Epoch: 112 [19200/50000 (38%)]	Loss: 0.011028
Train Epoch: 112 [25600/50000 (51%)]	Loss: 0.024460
Train Epoch: 112 [32000/50000 (64%)]	Loss: 0.057372
Train Epoch: 112 [38400/50000 (77%)]	Loss: 0.104829
Train Epoch: 112 [44800/50000 (90%)]	Loss: 0.039574

--------- Testing in global mode ---------
size of test_loader dataset:  10000

Test set: Avg. loss: 0.0026, Accuracy: 5108/10000 (51%)

Train Epoch: 113 [0/50000 (0%)]	Loss: 0.034168
Train Epoch: 113 [6400/50000 (13%)]	Loss: 0.072891
Train Epoch: 113 [12800/50000 (26%)]	Loss: 0.047193
Train Epoch: 113 [19200/50000 (38%)]	Loss: 0.112330
Train Epoch: 113 [25600/50000 (51%)]	Loss: 0.144327
Train Epoch: 113 [32000/50000 (64%)]	Loss: 0.138106
Train Epoch: 113 [38400/50000 (77%)]	Loss: 0.064736
Train Epoch: 113 [44800/50000 (90%)]	Loss: 0.117087

--------- Testing in global mode ---------
size of test_loader dataset:  10000

Test set: Avg. loss: 0.0027, Accuracy: 4970/10000 (50%)

Train Epoch: 114 [0/50000 (0%)]	Loss: 0.110586
Train Epoch: 114 [6400/50000 (13%)]	Loss: 0.070087
Train Epoch: 114 [12800/50000 (26%)]	Loss: 0.030789
Train Epoch: 114 [19200/50000 (38%)]	Loss: 0.066998
Train Epoch: 114 [25600/50000 (51%)]	Loss: 0.041625
Train Epoch: 114 [32000/50000 (64%)]	Loss: 0.080073
Train Epoch: 114 [38400/50000 (77%)]	Loss: 0.044729
Train Epoch: 114 [44800/50000 (90%)]	Loss: 0.039328

--------- Testing in global mode ---------
size of test_loader dataset:  10000

Test set: Avg. loss: 0.0028, Accuracy: 5085/10000 (51%)

Train Epoch: 115 [0/50000 (0%)]	Loss: 0.041556
Train Epoch: 115 [6400/50000 (13%)]	Loss: 0.013617
Train Epoch: 115 [12800/50000 (26%)]	Loss: 0.035338
Train Epoch: 115 [19200/50000 (38%)]	Loss: 0.049837
Train Epoch: 115 [25600/50000 (51%)]	Loss: 0.020094
Train Epoch: 115 [32000/50000 (64%)]	Loss: 0.010170
Train Epoch: 115 [38400/50000 (77%)]	Loss: 0.064259
Train Epoch: 115 [44800/50000 (90%)]	Loss: 0.034490

--------- Testing in global mode ---------
size of test_loader dataset:  10000

Test set: Avg. loss: 0.0028, Accuracy: 5100/10000 (51%)

Train Epoch: 116 [0/50000 (0%)]	Loss: 0.031757
Train Epoch: 116 [6400/50000 (13%)]	Loss: 0.008514
Train Epoch: 116 [12800/50000 (26%)]	Loss: 0.014603
Train Epoch: 116 [19200/50000 (38%)]	Loss: 0.011296
Train Epoch: 116 [25600/50000 (51%)]	Loss: 0.009070
Train Epoch: 116 [32000/50000 (64%)]	Loss: 0.026858
Train Epoch: 116 [38400/50000 (77%)]	Loss: 0.003926
Train Epoch: 116 [44800/50000 (90%)]	Loss: 0.020934

--------- Testing in global mode ---------
size of test_loader dataset:  10000

Test set: Avg. loss: 0.0028, Accuracy: 5199/10000 (52%)

Train Epoch: 117 [0/50000 (0%)]	Loss: 0.035399
Train Epoch: 117 [6400/50000 (13%)]	Loss: 0.003298
Train Epoch: 117 [12800/50000 (26%)]	Loss: 0.050100
Train Epoch: 117 [19200/50000 (38%)]	Loss: 0.030044
Train Epoch: 117 [25600/50000 (51%)]	Loss: 0.059806
Train Epoch: 117 [32000/50000 (64%)]	Loss: 0.016101
Train Epoch: 117 [38400/50000 (77%)]	Loss: 0.021007
Train Epoch: 117 [44800/50000 (90%)]	Loss: 0.005647

--------- Testing in global mode ---------
size of test_loader dataset:  10000

Test set: Avg. loss: 0.0029, Accuracy: 5180/10000 (52%)

Train Epoch: 118 [0/50000 (0%)]	Loss: 0.005136
Train Epoch: 118 [6400/50000 (13%)]	Loss: 0.007745
Train Epoch: 118 [12800/50000 (26%)]	Loss: 0.003491
Train Epoch: 118 [19200/50000 (38%)]	Loss: 0.008581
Train Epoch: 118 [25600/50000 (51%)]	Loss: 0.030139
Train Epoch: 118 [32000/50000 (64%)]	Loss: 0.002957
Train Epoch: 118 [38400/50000 (77%)]	Loss: 0.006693
Train Epoch: 118 [44800/50000 (90%)]	Loss: 0.017311

--------- Testing in global mode ---------
size of test_loader dataset:  10000

Test set: Avg. loss: 0.0028, Accuracy: 5264/10000 (53%)

Train Epoch: 119 [0/50000 (0%)]	Loss: 0.003386
Train Epoch: 119 [6400/50000 (13%)]	Loss: 0.005762
Train Epoch: 119 [12800/50000 (26%)]	Loss: 0.014394
Train Epoch: 119 [19200/50000 (38%)]	Loss: 0.008667
Train Epoch: 119 [25600/50000 (51%)]	Loss: 0.039523
Train Epoch: 119 [32000/50000 (64%)]	Loss: 0.011129
Train Epoch: 119 [38400/50000 (77%)]	Loss: 0.041225
Train Epoch: 119 [44800/50000 (90%)]	Loss: 0.016680

--------- Testing in global mode ---------
size of test_loader dataset:  10000

Test set: Avg. loss: 0.0028, Accuracy: 5204/10000 (52%)

Train Epoch: 120 [0/50000 (0%)]	Loss: 0.011859
Train Epoch: 120 [6400/50000 (13%)]	Loss: 0.006817
Train Epoch: 120 [12800/50000 (26%)]	Loss: 0.002556
Train Epoch: 120 [19200/50000 (38%)]	Loss: 0.002589
Train Epoch: 120 [25600/50000 (51%)]	Loss: 0.002612
Train Epoch: 120 [32000/50000 (64%)]	Loss: 0.002531
Train Epoch: 120 [38400/50000 (77%)]	Loss: 0.014724
Train Epoch: 120 [44800/50000 (90%)]	Loss: 0.025119

--------- Testing in global mode ---------
size of test_loader dataset:  10000

Test set: Avg. loss: 0.0028, Accuracy: 5331/10000 (53%)

Train Epoch: 121 [0/50000 (0%)]	Loss: 0.001948
Train Epoch: 121 [6400/50000 (13%)]	Loss: 0.001521
Train Epoch: 121 [12800/50000 (26%)]	Loss: 0.002719
Train Epoch: 121 [19200/50000 (38%)]	Loss: 0.007485
Train Epoch: 121 [25600/50000 (51%)]	Loss: 0.001152
Train Epoch: 121 [32000/50000 (64%)]	Loss: 0.002105
Train Epoch: 121 [38400/50000 (77%)]	Loss: 0.001073
Train Epoch: 121 [44800/50000 (90%)]	Loss: 0.003668

--------- Testing in global mode ---------
size of test_loader dataset:  10000

Test set: Avg. loss: 0.0029, Accuracy: 5320/10000 (53%)

Train Epoch: 122 [0/50000 (0%)]	Loss: 0.001715
Train Epoch: 122 [6400/50000 (13%)]	Loss: 0.002329
Train Epoch: 122 [12800/50000 (26%)]	Loss: 0.001352
Train Epoch: 122 [19200/50000 (38%)]	Loss: 0.002603
Train Epoch: 122 [25600/50000 (51%)]	Loss: 0.001704
Train Epoch: 122 [32000/50000 (64%)]	Loss: 0.004037
Train Epoch: 122 [38400/50000 (77%)]	Loss: 0.002478
Train Epoch: 122 [44800/50000 (90%)]	Loss: 0.002186

--------- Testing in global mode ---------
size of test_loader dataset:  10000

Test set: Avg. loss: 0.0029, Accuracy: 5309/10000 (53%)

Train Epoch: 123 [0/50000 (0%)]	Loss: 0.001705
Train Epoch: 123 [6400/50000 (13%)]	Loss: 0.003667
Train Epoch: 123 [12800/50000 (26%)]	Loss: 0.001578
Train Epoch: 123 [19200/50000 (38%)]	Loss: 0.001868
Train Epoch: 123 [25600/50000 (51%)]	Loss: 0.002891
Train Epoch: 123 [32000/50000 (64%)]	Loss: 0.002714
Train Epoch: 123 [38400/50000 (77%)]	Loss: 0.002733
Train Epoch: 123 [44800/50000 (90%)]	Loss: 0.002027

--------- Testing in global mode ---------
size of test_loader dataset:  10000

Test set: Avg. loss: 0.0029, Accuracy: 5319/10000 (53%)

Train Epoch: 124 [0/50000 (0%)]	Loss: 0.002535
Train Epoch: 124 [6400/50000 (13%)]	Loss: 0.001657
Train Epoch: 124 [12800/50000 (26%)]	Loss: 0.002282
Train Epoch: 124 [19200/50000 (38%)]	Loss: 0.003110
Train Epoch: 124 [25600/50000 (51%)]	Loss: 0.002519
Train Epoch: 124 [32000/50000 (64%)]	Loss: 0.002338
Train Epoch: 124 [38400/50000 (77%)]	Loss: 0.001516
Train Epoch: 124 [44800/50000 (90%)]	Loss: 0.004745

--------- Testing in global mode ---------
size of test_loader dataset:  10000

Test set: Avg. loss: 0.0029, Accuracy: 5297/10000 (53%)

Train Epoch: 125 [0/50000 (0%)]	Loss: 0.001905
Train Epoch: 125 [6400/50000 (13%)]	Loss: 0.003060
Train Epoch: 125 [12800/50000 (26%)]	Loss: 0.002386
Train Epoch: 125 [19200/50000 (38%)]	Loss: 0.001929
Train Epoch: 125 [25600/50000 (51%)]	Loss: 0.003317
Train Epoch: 125 [32000/50000 (64%)]	Loss: 0.003736
Train Epoch: 125 [38400/50000 (77%)]	Loss: 0.002498
Train Epoch: 125 [44800/50000 (90%)]	Loss: 0.002208

--------- Testing in global mode ---------
size of test_loader dataset:  10000

Test set: Avg. loss: 0.0029, Accuracy: 5295/10000 (53%)

Train Epoch: 126 [0/50000 (0%)]	Loss: 0.002119
Train Epoch: 126 [6400/50000 (13%)]	Loss: 0.002402
Train Epoch: 126 [12800/50000 (26%)]	Loss: 0.003818
Train Epoch: 126 [19200/50000 (38%)]	Loss: 0.003012
Train Epoch: 126 [25600/50000 (51%)]	Loss: 0.003358
Train Epoch: 126 [32000/50000 (64%)]	Loss: 0.003992
Train Epoch: 126 [38400/50000 (77%)]	Loss: 0.002531
Train Epoch: 126 [44800/50000 (90%)]	Loss: 0.003942

--------- Testing in global mode ---------
size of test_loader dataset:  10000

Test set: Avg. loss: 0.0029, Accuracy: 5301/10000 (53%)

Train Epoch: 127 [0/50000 (0%)]	Loss: 0.003099
Train Epoch: 127 [6400/50000 (13%)]	Loss: 0.002652
Train Epoch: 127 [12800/50000 (26%)]	Loss: 0.001917
Train Epoch: 127 [19200/50000 (38%)]	Loss: 0.002695
Train Epoch: 127 [25600/50000 (51%)]	Loss: 0.004763
Train Epoch: 127 [32000/50000 (64%)]	Loss: 0.003100
Train Epoch: 127 [38400/50000 (77%)]	Loss: 0.003294
Train Epoch: 127 [44800/50000 (90%)]	Loss: 0.003928

--------- Testing in global mode ---------
size of test_loader dataset:  10000

Test set: Avg. loss: 0.0029, Accuracy: 5283/10000 (53%)

Train Epoch: 128 [0/50000 (0%)]	Loss: 0.002584
Train Epoch: 128 [6400/50000 (13%)]	Loss: 0.002672
Train Epoch: 128 [12800/50000 (26%)]	Loss: 0.003392
Train Epoch: 128 [19200/50000 (38%)]	Loss: 0.003578
Train Epoch: 128 [25600/50000 (51%)]	Loss: 0.004478
Train Epoch: 128 [32000/50000 (64%)]	Loss: 0.005113
Train Epoch: 128 [38400/50000 (77%)]	Loss: 0.002363
Train Epoch: 128 [44800/50000 (90%)]	Loss: 0.006312

--------- Testing in global mode ---------
size of test_loader dataset:  10000

Test set: Avg. loss: 0.0029, Accuracy: 5266/10000 (53%)

Train Epoch: 129 [0/50000 (0%)]	Loss: 0.003433
Train Epoch: 129 [6400/50000 (13%)]	Loss: 0.002754
Train Epoch: 129 [12800/50000 (26%)]	Loss: 0.003139
Train Epoch: 129 [19200/50000 (38%)]	Loss: 0.002933
Train Epoch: 129 [25600/50000 (51%)]	Loss: 0.002949
Train Epoch: 129 [32000/50000 (64%)]	Loss: 0.003731
Train Epoch: 129 [38400/50000 (77%)]	Loss: 0.004272
Train Epoch: 129 [44800/50000 (90%)]	Loss: 0.004023

--------- Testing in global mode ---------
size of test_loader dataset:  10000

Test set: Avg. loss: 0.0029, Accuracy: 5250/10000 (52%)

Train Epoch: 130 [0/50000 (0%)]	Loss: 0.003020
Train Epoch: 130 [6400/50000 (13%)]	Loss: 0.002704
Train Epoch: 130 [12800/50000 (26%)]	Loss: 0.029441
Train Epoch: 130 [19200/50000 (38%)]	Loss: 0.005096
Train Epoch: 130 [25600/50000 (51%)]	Loss: 0.005282
Train Epoch: 130 [32000/50000 (64%)]	Loss: 0.005612
Train Epoch: 130 [38400/50000 (77%)]	Loss: 0.005174
Train Epoch: 130 [44800/50000 (90%)]	Loss: 0.005245

--------- Testing in global mode ---------
size of test_loader dataset:  10000

Test set: Avg. loss: 0.0029, Accuracy: 5262/10000 (53%)

Train Epoch: 131 [0/50000 (0%)]	Loss: 0.003090
Train Epoch: 131 [6400/50000 (13%)]	Loss: 0.005431
Train Epoch: 131 [12800/50000 (26%)]	Loss: 0.005456
Train Epoch: 131 [19200/50000 (38%)]	Loss: 0.004862
Train Epoch: 131 [25600/50000 (51%)]	Loss: 0.004557
Train Epoch: 131 [32000/50000 (64%)]	Loss: 0.007049
Train Epoch: 131 [38400/50000 (77%)]	Loss: 0.005246
Train Epoch: 131 [44800/50000 (90%)]	Loss: 0.005269

--------- Testing in global mode ---------
size of test_loader dataset:  10000

Test set: Avg. loss: 0.0029, Accuracy: 5236/10000 (52%)

Train Epoch: 132 [0/50000 (0%)]	Loss: 0.006444
Train Epoch: 132 [6400/50000 (13%)]	Loss: 0.003863
Train Epoch: 132 [12800/50000 (26%)]	Loss: 0.002248
Train Epoch: 132 [19200/50000 (38%)]	Loss: 0.003473
Train Epoch: 132 [25600/50000 (51%)]	Loss: 0.005145
Train Epoch: 132 [32000/50000 (64%)]	Loss: 0.003606
Train Epoch: 132 [38400/50000 (77%)]	Loss: 0.004007
Train Epoch: 132 [44800/50000 (90%)]	Loss: 0.004935

--------- Testing in global mode ---------
size of test_loader dataset:  10000

Test set: Avg. loss: 0.0029, Accuracy: 5233/10000 (52%)

Train Epoch: 133 [0/50000 (0%)]	Loss: 0.002882
Train Epoch: 133 [6400/50000 (13%)]	Loss: 0.003761
Train Epoch: 133 [12800/50000 (26%)]	Loss: 0.002709
Train Epoch: 133 [19200/50000 (38%)]	Loss: 0.003993
Train Epoch: 133 [25600/50000 (51%)]	Loss: 0.005387
Train Epoch: 133 [32000/50000 (64%)]	Loss: 0.004789
Train Epoch: 133 [38400/50000 (77%)]	Loss: 0.005500
Train Epoch: 133 [44800/50000 (90%)]	Loss: 0.004897

--------- Testing in global mode ---------
size of test_loader dataset:  10000

Test set: Avg. loss: 0.0030, Accuracy: 5199/10000 (52%)

Train Epoch: 134 [0/50000 (0%)]	Loss: 0.004637
Train Epoch: 134 [6400/50000 (13%)]	Loss: 0.005677
Train Epoch: 134 [12800/50000 (26%)]	Loss: 0.004913
Train Epoch: 134 [19200/50000 (38%)]	Loss: 0.004262
Train Epoch: 134 [25600/50000 (51%)]	Loss: 0.003953
Train Epoch: 134 [32000/50000 (64%)]	Loss: 0.004308
Train Epoch: 134 [38400/50000 (77%)]	Loss: 0.004907
Train Epoch: 134 [44800/50000 (90%)]	Loss: 0.004710

--------- Testing in global mode ---------
size of test_loader dataset:  10000

Test set: Avg. loss: 0.0030, Accuracy: 5225/10000 (52%)

Train Epoch: 135 [0/50000 (0%)]	Loss: 0.004695
Train Epoch: 135 [6400/50000 (13%)]	Loss: 0.003188
Train Epoch: 135 [12800/50000 (26%)]	Loss: 0.005712
Train Epoch: 135 [19200/50000 (38%)]	Loss: 0.005116
Train Epoch: 135 [25600/50000 (51%)]	Loss: 0.003633
Train Epoch: 135 [32000/50000 (64%)]	Loss: 0.004219
Train Epoch: 135 [38400/50000 (77%)]	Loss: 0.005816
Train Epoch: 135 [44800/50000 (90%)]	Loss: 0.005641

--------- Testing in global mode ---------
size of test_loader dataset:  10000

Test set: Avg. loss: 0.0030, Accuracy: 5225/10000 (52%)

Train Epoch: 136 [0/50000 (0%)]	Loss: 0.003558
Train Epoch: 136 [6400/50000 (13%)]	Loss: 0.002737
Train Epoch: 136 [12800/50000 (26%)]	Loss: 0.034822
Train Epoch: 136 [19200/50000 (38%)]	Loss: 0.003482
Train Epoch: 136 [25600/50000 (51%)]	Loss: 0.005086
Train Epoch: 136 [32000/50000 (64%)]	Loss: 0.005664
Train Epoch: 136 [38400/50000 (77%)]	Loss: 0.005311
Train Epoch: 136 [44800/50000 (90%)]	Loss: 0.006506

--------- Testing in global mode ---------
size of test_loader dataset:  10000

Test set: Avg. loss: 0.0030, Accuracy: 5213/10000 (52%)

Train Epoch: 137 [0/50000 (0%)]	Loss: 0.005410
Train Epoch: 137 [6400/50000 (13%)]	Loss: 0.002980
Train Epoch: 137 [12800/50000 (26%)]	Loss: 0.005642
Train Epoch: 137 [19200/50000 (38%)]	Loss: 0.007416
Train Epoch: 137 [25600/50000 (51%)]	Loss: 0.003326
Train Epoch: 137 [32000/50000 (64%)]	Loss: 0.004335
Train Epoch: 137 [38400/50000 (77%)]	Loss: 0.006266
Train Epoch: 137 [44800/50000 (90%)]	Loss: 0.006703

--------- Testing in global mode ---------
size of test_loader dataset:  10000

Test set: Avg. loss: 0.0030, Accuracy: 5172/10000 (52%)

Train Epoch: 138 [0/50000 (0%)]	Loss: 0.005977
Train Epoch: 138 [6400/50000 (13%)]	Loss: 0.019042
Train Epoch: 138 [12800/50000 (26%)]	Loss: 0.004077
Train Epoch: 138 [19200/50000 (38%)]	Loss: 0.004971
Train Epoch: 138 [25600/50000 (51%)]	Loss: 0.005458
Train Epoch: 138 [32000/50000 (64%)]	Loss: 0.005050
Train Epoch: 138 [38400/50000 (77%)]	Loss: 0.006606
Train Epoch: 138 [44800/50000 (90%)]	Loss: 0.007506

--------- Testing in global mode ---------
size of test_loader dataset:  10000

Test set: Avg. loss: 0.0030, Accuracy: 5208/10000 (52%)

Train Epoch: 139 [0/50000 (0%)]	Loss: 0.005733
Train Epoch: 139 [6400/50000 (13%)]	Loss: 0.008027
Train Epoch: 139 [12800/50000 (26%)]	Loss: 0.003669
Train Epoch: 139 [19200/50000 (38%)]	Loss: 0.005838
Train Epoch: 139 [25600/50000 (51%)]	Loss: 0.005794
Train Epoch: 139 [32000/50000 (64%)]	Loss: 0.009009
Train Epoch: 139 [38400/50000 (77%)]	Loss: 0.036662
Train Epoch: 139 [44800/50000 (90%)]	Loss: 0.010709

--------- Testing in global mode ---------
size of test_loader dataset:  10000

Test set: Avg. loss: 0.0029, Accuracy: 5172/10000 (52%)

Train Epoch: 140 [0/50000 (0%)]	Loss: 0.005140
Train Epoch: 140 [6400/50000 (13%)]	Loss: 0.004162
Train Epoch: 140 [12800/50000 (26%)]	Loss: 0.005007
Train Epoch: 140 [19200/50000 (38%)]	Loss: 0.005117
Train Epoch: 140 [25600/50000 (51%)]	Loss: 0.055880
Train Epoch: 140 [32000/50000 (64%)]	Loss: 0.009213
Train Epoch: 140 [38400/50000 (77%)]	Loss: 0.006213
Train Epoch: 140 [44800/50000 (90%)]	Loss: 0.023854

--------- Testing in global mode ---------
size of test_loader dataset:  10000

Test set: Avg. loss: 0.0028, Accuracy: 4886/10000 (49%)

Train Epoch: 141 [0/50000 (0%)]	Loss: 0.099540
Train Epoch: 141 [6400/50000 (13%)]	Loss: 0.067286
Train Epoch: 141 [12800/50000 (26%)]	Loss: 0.046287
Train Epoch: 141 [19200/50000 (38%)]	Loss: 0.019262
Train Epoch: 141 [25600/50000 (51%)]	Loss: 0.035783
Train Epoch: 141 [32000/50000 (64%)]	Loss: 0.075909
Train Epoch: 141 [38400/50000 (77%)]	Loss: 0.036364
Train Epoch: 141 [44800/50000 (90%)]	Loss: 0.041574

--------- Testing in global mode ---------
size of test_loader dataset:  10000

Test set: Avg. loss: 0.0027, Accuracy: 5130/10000 (51%)

Train Epoch: 142 [0/50000 (0%)]	Loss: 0.028554
Train Epoch: 142 [6400/50000 (13%)]	Loss: 0.012267
Train Epoch: 142 [12800/50000 (26%)]	Loss: 0.011629
Train Epoch: 142 [19200/50000 (38%)]	Loss: 0.062247
Train Epoch: 142 [25600/50000 (51%)]	Loss: 0.030292
Train Epoch: 142 [32000/50000 (64%)]	Loss: 0.017259
Train Epoch: 142 [38400/50000 (77%)]	Loss: 0.034279
Train Epoch: 142 [44800/50000 (90%)]	Loss: 0.026073

--------- Testing in global mode ---------
size of test_loader dataset:  10000

Test set: Avg. loss: 0.0029, Accuracy: 5084/10000 (51%)

Train Epoch: 143 [0/50000 (0%)]	Loss: 0.026353
Train Epoch: 143 [6400/50000 (13%)]	Loss: 0.008350
Train Epoch: 143 [12800/50000 (26%)]	Loss: 0.007298
Train Epoch: 143 [19200/50000 (38%)]	Loss: 0.013475
Train Epoch: 143 [25600/50000 (51%)]	Loss: 0.013990
Train Epoch: 143 [32000/50000 (64%)]	Loss: 0.006794
Train Epoch: 143 [38400/50000 (77%)]	Loss: 0.003975
Train Epoch: 143 [44800/50000 (90%)]	Loss: 0.003256

--------- Testing in global mode ---------
size of test_loader dataset:  10000

Test set: Avg. loss: 0.0029, Accuracy: 5187/10000 (52%)

Train Epoch: 144 [0/50000 (0%)]	Loss: 0.003713
Train Epoch: 144 [6400/50000 (13%)]	Loss: 0.003612
Train Epoch: 144 [12800/50000 (26%)]	Loss: 0.002380
Train Epoch: 144 [19200/50000 (38%)]	Loss: 0.003247
Train Epoch: 144 [25600/50000 (51%)]	Loss: 0.004006
Train Epoch: 144 [32000/50000 (64%)]	Loss: 0.002203
Train Epoch: 144 [38400/50000 (77%)]	Loss: 0.003381
Train Epoch: 144 [44800/50000 (90%)]	Loss: 0.005227

--------- Testing in global mode ---------
size of test_loader dataset:  10000

Test set: Avg. loss: 0.0030, Accuracy: 5200/10000 (52%)

Train Epoch: 145 [0/50000 (0%)]	Loss: 0.001203
Train Epoch: 145 [6400/50000 (13%)]	Loss: 0.003418
Train Epoch: 145 [12800/50000 (26%)]	Loss: 0.002026
Train Epoch: 145 [19200/50000 (38%)]	Loss: 0.002641
Train Epoch: 145 [25600/50000 (51%)]	Loss: 0.003600
Train Epoch: 145 [32000/50000 (64%)]	Loss: 0.003737
Train Epoch: 145 [38400/50000 (77%)]	Loss: 0.002703
Train Epoch: 145 [44800/50000 (90%)]	Loss: 0.002640

--------- Testing in global mode ---------
size of test_loader dataset:  10000

Test set: Avg. loss: 0.0030, Accuracy: 5198/10000 (52%)

Train Epoch: 146 [0/50000 (0%)]	Loss: 0.002381
Train Epoch: 146 [6400/50000 (13%)]	Loss: 0.003087
Train Epoch: 146 [12800/50000 (26%)]	Loss: 0.002092
Train Epoch: 146 [19200/50000 (38%)]	Loss: 0.002952
Train Epoch: 146 [25600/50000 (51%)]	Loss: 0.003968
Train Epoch: 146 [32000/50000 (64%)]	Loss: 0.003052
Train Epoch: 146 [38400/50000 (77%)]	Loss: 0.003834
Train Epoch: 146 [44800/50000 (90%)]	Loss: 0.004731

--------- Testing in global mode ---------
size of test_loader dataset:  10000

Test set: Avg. loss: 0.0030, Accuracy: 5179/10000 (52%)

Train Epoch: 147 [0/50000 (0%)]	Loss: 0.006007
Train Epoch: 147 [6400/50000 (13%)]	Loss: 0.002097
Train Epoch: 147 [12800/50000 (26%)]	Loss: 0.002767
Train Epoch: 147 [19200/50000 (38%)]	Loss: 0.002924
Train Epoch: 147 [25600/50000 (51%)]	Loss: 0.008697
Train Epoch: 147 [32000/50000 (64%)]	Loss: 0.003609
Train Epoch: 147 [38400/50000 (77%)]	Loss: 0.005013
Train Epoch: 147 [44800/50000 (90%)]	Loss: 0.005678

--------- Testing in global mode ---------
size of test_loader dataset:  10000

Test set: Avg. loss: 0.0030, Accuracy: 5206/10000 (52%)

Train Epoch: 148 [0/50000 (0%)]	Loss: 0.002437
Train Epoch: 148 [6400/50000 (13%)]	Loss: 0.002495
Train Epoch: 148 [12800/50000 (26%)]	Loss: 0.003125
Train Epoch: 148 [19200/50000 (38%)]	Loss: 0.002949
Train Epoch: 148 [25600/50000 (51%)]	Loss: 0.003471
Train Epoch: 148 [32000/50000 (64%)]	Loss: 0.003261
Train Epoch: 148 [38400/50000 (77%)]	Loss: 0.003584
Train Epoch: 148 [44800/50000 (90%)]	Loss: 0.002577

--------- Testing in global mode ---------
size of test_loader dataset:  10000

Test set: Avg. loss: 0.0030, Accuracy: 5119/10000 (51%)

Train Epoch: 149 [0/50000 (0%)]	Loss: 0.007678
Train Epoch: 149 [6400/50000 (13%)]	Loss: 0.007219
Train Epoch: 149 [12800/50000 (26%)]	Loss: 0.050966
Train Epoch: 149 [19200/50000 (38%)]	Loss: 0.039871
Train Epoch: 149 [25600/50000 (51%)]	Loss: 0.016175
Train Epoch: 149 [32000/50000 (64%)]	Loss: 0.022354
Train Epoch: 149 [38400/50000 (77%)]	Loss: 0.070002
Train Epoch: 149 [44800/50000 (90%)]	Loss: 0.034207

--------- Testing in global mode ---------
size of test_loader dataset:  10000

Test set: Avg. loss: 0.0028, Accuracy: 5094/10000 (51%)

Train Epoch: 150 [0/50000 (0%)]	Loss: 0.023393
Train Epoch: 150 [6400/50000 (13%)]	Loss: 0.012815
Train Epoch: 150 [12800/50000 (26%)]	Loss: 0.007121
Train Epoch: 150 [19200/50000 (38%)]	Loss: 0.005634
Train Epoch: 150 [25600/50000 (51%)]	Loss: 0.010709
Train Epoch: 150 [32000/50000 (64%)]	Loss: 0.003899
Train Epoch: 150 [38400/50000 (77%)]	Loss: 0.025629
Train Epoch: 150 [44800/50000 (90%)]	Loss: 0.005851

--------- Testing in global mode ---------
size of test_loader dataset:  10000

Test set: Avg. loss: 0.0029, Accuracy: 5219/10000 (52%)

Train Epoch: 151 [0/50000 (0%)]	Loss: 0.003697
Train Epoch: 151 [6400/50000 (13%)]	Loss: 0.004123
Train Epoch: 151 [12800/50000 (26%)]	Loss: 0.003749
Train Epoch: 151 [19200/50000 (38%)]	Loss: 0.002955
Train Epoch: 151 [25600/50000 (51%)]	Loss: 0.002294
Train Epoch: 151 [32000/50000 (64%)]	Loss: 0.003064
Train Epoch: 151 [38400/50000 (77%)]	Loss: 0.003960
Train Epoch: 151 [44800/50000 (90%)]	Loss: 0.003095

--------- Testing in global mode ---------
size of test_loader dataset:  10000

Test set: Avg. loss: 0.0030, Accuracy: 5213/10000 (52%)

Train Epoch: 152 [0/50000 (0%)]	Loss: 0.003567
Train Epoch: 152 [6400/50000 (13%)]	Loss: 0.003000
Train Epoch: 152 [12800/50000 (26%)]	Loss: 0.003125
Train Epoch: 152 [19200/50000 (38%)]	Loss: 0.003830
Train Epoch: 152 [25600/50000 (51%)]	Loss: 0.001943
Train Epoch: 152 [32000/50000 (64%)]	Loss: 0.002962
Train Epoch: 152 [38400/50000 (77%)]	Loss: 0.002616
Train Epoch: 152 [44800/50000 (90%)]	Loss: 0.003564

--------- Testing in global mode ---------
size of test_loader dataset:  10000

Test set: Avg. loss: 0.0031, Accuracy: 5204/10000 (52%)

Train Epoch: 153 [0/50000 (0%)]	Loss: 0.003078
Train Epoch: 153 [6400/50000 (13%)]	Loss: 0.002735
Train Epoch: 153 [12800/50000 (26%)]	Loss: 0.035958
Train Epoch: 153 [19200/50000 (38%)]	Loss: 0.002038
Train Epoch: 153 [25600/50000 (51%)]	Loss: 0.006499
Train Epoch: 153 [32000/50000 (64%)]	Loss: 0.003348
Train Epoch: 153 [38400/50000 (77%)]	Loss: 0.003082
Train Epoch: 153 [44800/50000 (90%)]	Loss: 0.002924

--------- Testing in global mode ---------
size of test_loader dataset:  10000

Test set: Avg. loss: 0.0031, Accuracy: 5190/10000 (52%)

Train Epoch: 154 [0/50000 (0%)]	Loss: 0.002520
Train Epoch: 154 [6400/50000 (13%)]	Loss: 0.014092
Train Epoch: 154 [12800/50000 (26%)]	Loss: 0.026164
Train Epoch: 154 [19200/50000 (38%)]	Loss: 0.002282
Train Epoch: 154 [25600/50000 (51%)]	Loss: 0.002828
Train Epoch: 154 [32000/50000 (64%)]	Loss: 0.002687
Train Epoch: 154 [38400/50000 (77%)]	Loss: 0.002593
Train Epoch: 154 [44800/50000 (90%)]	Loss: 0.002419

--------- Testing in global mode ---------
size of test_loader dataset:  10000

Test set: Avg. loss: 0.0030, Accuracy: 5191/10000 (52%)

Train Epoch: 155 [0/50000 (0%)]	Loss: 0.001962
Train Epoch: 155 [6400/50000 (13%)]	Loss: 0.002419
Train Epoch: 155 [12800/50000 (26%)]	Loss: 0.003403
Train Epoch: 155 [19200/50000 (38%)]	Loss: 0.003596
Train Epoch: 155 [25600/50000 (51%)]	Loss: 0.002560
Train Epoch: 155 [32000/50000 (64%)]	Loss: 0.002879
Train Epoch: 155 [38400/50000 (77%)]	Loss: 0.003227
slurmstepd: error: *** STEP 4448.0 ON studgpu-node01 CANCELLED AT 2024-01-03T17:19:55 ***
